\BOOKMARK [1][-]{section.1}{\376\377\000I\000n\000t\000r\000o\000d\000u\000c\000c\000i\000\363\000n}{}% 1
\BOOKMARK [2][-]{subsection.1.1}{\376\377\000O\000b\000j\000e\000t\000i\000v\000o\000s}{section.1}% 2
\BOOKMARK [2][-]{subsection.1.2}{\376\377\000I\000n\000t\000r\000o\000d\000u\000c\000c\000i\000\363\000n\000\040\000t\000e\000\363\000r\000i\000c\000a}{section.1}% 3
\BOOKMARK [3][-]{subsubsection.1.2.1}{\376\377\000P\000r\000i\000m\000e\000r\000\040\000d\000\355\000a}{subsection.1.2}% 4
\BOOKMARK [3][-]{subsubsection.1.2.2}{\376\377\000S\000e\000g\000u\000n\000d\000o\000\040\000d\000\355\000a}{subsection.1.2}% 5
\BOOKMARK [2][-]{subsection.1.3}{\376\377\000M\000a\000t\000e\000r\000i\000a\000l}{section.1}% 6
\BOOKMARK [2][-]{subsection.1.4}{\376\377\000P\000r\000o\000c\000e\000d\000i\000m\000i\000e\000n\000t\000o\000\040\000e\000x\000p\000e\000r\000i\000m\000e\000n\000t\000a\000l}{section.1}% 7
\BOOKMARK [3][-]{subsubsection.1.4.1}{\376\377\000P\000r\000i\000m\000e\000r\000\040\000d\000\355\000a\000:}{subsection.1.4}% 8
\BOOKMARK [3][-]{subsubsection.1.4.2}{\376\377\000S\000e\000g\000u\000n\000d\000o\000\040\000d\000\355\000a\000:}{subsection.1.4}% 9
\BOOKMARK [1][-]{section.2}{\376\377\000P\000r\000o\000p\000a\000g\000a\000c\000i\000\363\000n\000\040\000d\000e\000\040\000i\000n\000c\000e\000r\000t\000i\000d\000u\000m\000b\000r\000e\000s}{}% 10
\BOOKMARK [2][-]{subsection.2.1}{\376\377\000P\000r\000i\000m\000e\000r\000\040\000d\000\355\000a}{section.2}% 11
\BOOKMARK [2][-]{subsection.2.2}{\376\377\000S\000e\000g\000u\000n\000d\000o\000\040\000d\000\355\000a}{section.2}% 12
\BOOKMARK [1][-]{section.3}{\376\377\000I\000n\000c\000e\000r\000t\000i\000d\000u\000m\000b\000r\000e\000s}{}% 13
\BOOKMARK [1][-]{section.4}{\376\377\000R\000e\000s\000u\000l\000t\000a\000d\000o\000s\000\040\000e\000x\000p\000e\000r\000i\000m\000e\000n\000t\000a\000l\000e\000s}{}% 14
\BOOKMARK [2][-]{subsection.4.1}{\376\377\000C\000a\000l\000c\000u\000l\000o\000\040\000d\000e\000\040\000R\000c}{section.4}% 15
\BOOKMARK [2][-]{subsection.4.2}{\376\377\000C\000a\000l\000c\000u\000l\000o\000\040\000d\000e\000\040\000v\000a\000l\000o\000r\000e\000s\000\040\000t\000\351\000r\000m\000i\000c\000o\000s}{section.4}% 16
\BOOKMARK [2][-]{subsection.4.3}{\376\377\000C\000a\000l\000c\000u\000l\000o\000\040\000d\000e\000\040\000l\000o\000s\000\040\000p\000o\000t\000e\000n\000c\000i\000a\000l\000e\000s\000\040\000e\000n\000\040\000e\000s\000t\000a\000d\000o\000\040\000e\000s\000t\000a\000c\000i\000o\000n\000a\000r\000i\000o}{section.4}% 17
\BOOKMARK [2][-]{subsection.4.4}{\376\377\000C\000o\000e\000f\000i\000c\000i\000e\000n\000t\000e\000\040\000S\000e\000e\000b\000e\000c\000k}{section.4}% 18
\BOOKMARK [2][-]{subsection.4.5}{\376\377\000C\000a\000l\000o\000r\000\040\000P\000e\000l\000t\000i\000e\000r}{section.4}% 19
\BOOKMARK [3][-]{subsubsection.4.5.1}{\376\377\000E\000s\000t\000a\000c\000i\000o\000n\000a\000r\000i\000o\000\040\0001}{subsection.4.5}% 20
\BOOKMARK [3][-]{subsubsection.4.5.2}{\376\377\000E\000s\000t\000a\000c\000i\000o\000n\000a\000r\000i\000o\000\040\0002}{subsection.4.5}% 21
\BOOKMARK [3][-]{subsubsection.4.5.3}{\376\377\000E\000s\000t\000a\000c\000i\000o\000n\000a\000r\000i\000o\000\040\0003}{subsection.4.5}% 22
\BOOKMARK [3][-]{subsubsection.4.5.4}{\376\377\000E\000s\000t\000a\000c\000i\000o\000n\000a\000r\000i\000o\000\040\0004}{subsection.4.5}% 23
\BOOKMARK [3][-]{subsubsection.4.5.5}{\376\377\000E\000s\000t\000a\000c\000i\000o\000n\000a\000r\000i\000o\000\040\0005}{subsection.4.5}% 24
\BOOKMARK [3][-]{subsubsection.4.5.6}{\376\377\000E\000s\000t\000a\000c\000i\000o\000n\000a\000r\000i\000o\000\040\0006}{subsection.4.5}% 25
\BOOKMARK [3][-]{subsubsection.4.5.7}{\376\377\000E\000s\000t\000a\000c\000i\000o\000n\000a\000r\000i\000o\000\040\0007}{subsection.4.5}% 26
\BOOKMARK [2][-]{subsection.4.6}{\376\377\000C\000o\000e\000f\000i\000c\000i\000e\000n\000t\000e\000\040\000P\000e\000l\000t\000i\000e\000r}{section.4}% 27
\BOOKMARK [1][-]{section.5}{\376\377\000C\000o\000n\000c\000l\000u\000s\000i\000\363\000n}{}% 28
\BOOKMARK [1][-]{section.6}{\376\377\000D\000a\000t\000o\000s}{}% 29
\BOOKMARK [2][-]{subsection.6.1}{\376\377\000P\000r\000i\000m\000e\000r\000\040\000d\000\355\000a}{section.6}% 30
\BOOKMARK [2][-]{subsection.6.2}{\376\377\000S\000e\000g\000u\000n\000d\000o\000\040\000d\000\355\000a}{section.6}% 31
\BOOKMARK [1][-]{section.7}{\376\377\000A\000n\000e\000x\000o\000\040}{}% 32
