\BOOKMARK [1][-]{section.1}{\376\377\000O\000b\000j\000e\000t\000i\000v\000o\000s}{}% 1
\BOOKMARK [1][-]{section.2}{\376\377\000I\000n\000t\000r\000o\000d\000u\000c\000c\000i\000\363\000n\000\040\000t\000e\000\363\000r\000i\000c\000a}{}% 2
\BOOKMARK [1][-]{section.3}{\376\377\000A\000n\000\341\000l\000i\000s\000i\000s\000\040\000d\000e\000\040\000l\000o\000s\000\040\000r\000e\000s\000u\000l\000t\000a\000d\000o\000s}{}% 3
\BOOKMARK [2][-]{subsection.3.1}{\376\377\000O\000b\000t\000e\000n\000c\000i\000\363\000n\000\040\000u\000s\000a\000n\000d\000o\000\040\000e\000l\000\040\000p\000r\000o\000g\000r\000a\000m\000a\000\040\000d\000e\000l\000\040\000l\000a\000b\000o\000r\000a\000t\000o\000r\000i\000o}{section.3}% 4
\BOOKMARK [2][-]{subsection.3.2}{\376\377\000O\000b\000t\000e\000n\000c\000i\000\363\000n\000\040\000u\000s\000a\000n\000d\000o\000\040\000l\000a\000\040\000a\000p\000r\000o\000x\000i\000m\000a\000c\000i\000\363\000n\000\040\000p\000a\000r\000a\000b\000\363\000l\000i\000c\000a}{section.3}% 5
\BOOKMARK [2][-]{subsection.3.3}{\376\377\000D\000e\000p\000e\000n\000d\000e\000n\000c\000i\000a\000\040\000d\000e\000\040\000U\0002}{section.3}% 6
\BOOKMARK [2][-]{subsection.3.4}{\376\377\000C\000\341\000l\000c\000u\000l\000o\000\040\000d\000e\000\040\000l\000a\000\040\000e\000n\000e\000r\000g\000\355\000a}{section.3}% 7
\BOOKMARK [1][-]{section.4}{\376\377\000C\000o\000n\000c\000l\000u\000s\000i\000o\000n\000e\000s}{}% 8
\BOOKMARK [2][-]{subsection.4.1}{\376\377\000D\000i\000f\000e\000r\000e\000n\000c\000i\000a\000s\000\040\000e\000n\000t\000r\000e\000\040\000m\000\341\000x\000i\000m\000o\000s\000\040\000y\000\040\000m\000\355\000n\000i\000m\000o\000s}{section.4}% 9
\BOOKMARK [2][-]{subsection.4.2}{\376\377\000D\000e\000p\000e\000n\000d\000e\000n\000c\000i\000a\000s\000\040\000d\000e\000\040\000E}{section.4}% 10
\BOOKMARK [2][-]{subsection.4.3}{\376\377\000E\000n\000e\000r\000g\000\355\000a\000\040\000d\000e\000\040\000e\000x\000c\000i\000t\000a\000c\000i\000\363\000n\000\040\000d\000e\000l\000\040\000m\000e\000r\000c\000u\000r\000i\000o\000:\000\040\000t\000e\000\363\000r\000i\000c\000o\000\040\000v\000s\000\040\000e\000x\000p\000e\000r\000i\000m\000e\000n\000t\000a\000l}{section.4}% 11
\BOOKMARK [2][-]{subsection.4.4}{\376\377\000I\000m\000p\000r\000e\000s\000i\000o\000n\000e\000s\000\040\000f\000i\000n\000a\000l\000e\000s}{section.4}% 12
\BOOKMARK [1][-]{section.5}{\376\377\000A\000n\000e\000x\000o}{}% 13
\BOOKMARK [2][-]{subsection.5.1}{\376\377\000T\000a\000b\000l\000a\000s\000\040\000d\000e\000\040\000d\000a\000t\000o\000s}{section.5}% 14
\BOOKMARK [3][-]{subsubsection.5.1.1}{\376\377\000E\000x\000t\000r\000e\000m\000o\000s\000\040\000p\000o\000r\000\040\000a\000p\000r\000o\000x\000i\000m\000a\000c\000i\000\363\000n\000\040\000p\000a\000r\000a\000b\000\363\000l\000i\000c\000a}{subsection.5.1}% 15
\BOOKMARK [3][-]{subsubsection.5.1.2}{\376\377\000E\000x\000t\000r\000e\000m\000o\000s\000\040\000l\000a\000b\000o\000r\000a\000t\000o\000r\000i\000o}{subsection.5.1}% 16
\BOOKMARK [3][-]{subsubsection.5.1.3}{\376\377\000E\000n\000e\000r\000g\000\355\000a\000s\000\040\000p\000o\000r\000\040\000a\000p\000r\000o\000x\000i\000m\000a\000c\000i\000\363\000n\000\040\000p\000a\000r\000a\000b\000\363\000l\000i\000c\000a}{subsection.5.1}% 17
\BOOKMARK [3][-]{subsubsection.5.1.4}{\376\377\000E\000n\000e\000r\000g\000\355\000a\000s\000\040\000l\000a\000b\000o\000r\000a\000t\000o\000r\000i\000o}{subsection.5.1}% 18
\BOOKMARK [3][-]{subsubsection.5.1.5}{\376\377\000E\000n\000e\000r\000g\000\355\000a\000s\000\040\000m\000e\000d\000i\000a\000s}{subsection.5.1}% 19
\BOOKMARK [3][-]{subsubsection.5.1.6}{\376\377\000E\000n\000e\000r\000g\000\355\000a\000s\000\040\000m\000e\000d\000i\000a\000s\000\040\000s\000i\000n\000\040\000E\000m\000a\000x\0001\000-\0002}{subsection.5.1}% 20
\BOOKMARK [2][-]{subsection.5.2}{\376\377\000G\000r\000\341\000f\000i\000c\000a\000s}{section.5}% 21
\BOOKMARK [3][-]{subsubsection.5.2.1}{\376\377\000R\000e\000p\000r\000e\000s\000e\000n\000t\000a\000c\000i\000\363\000n\000\040\000E\000\040\000f\000r\000e\000n\000t\000e\000\040\000a\000l\000\040\000o\000r\000d\000e\000n\000\040\000d\000e\000l\000\040\000e\000x\000t\000r\000e\000m\000o}{subsection.5.2}% 22
