\BOOKMARK [1][-]{section.1}{\376\377\000F\000o\000r\000m\000a\000l\000i\000s\000m\000o\000\040\000H\000a\000m\000i\000l\000t\000o\000n\000i\000a\000n\000o}{}% 1
\BOOKMARK [2][-]{subsection.1.1}{\376\377\000H\000a\000m\000i\000l\000t\000o\000n\000i\000a\000n\000o\000\040\000y\000\040\000L\000a\000g\000r\000a\000n\000i\000n\000o}{section.1}% 2
\BOOKMARK [2][-]{subsection.1.2}{\376\377\000T\000r\000a\000n\000s\000f\000o\000r\000m\000a\000c\000i\000o\000n\000e\000s\000\040\000C\000a\000n\000\363\000n\000i\000c\000a\000s}{section.1}% 3
\BOOKMARK [2][-]{subsection.1.3}{\376\377\000F\000o\000r\000m\000a\000\040\000m\000a\000t\000r\000i\000c\000i\000a\000l\000\040\000d\000e\000\040\000l\000a\000s\000\040\000t\000r\000a\000n\000f\000o\000r\000m\000a\000c\000i\000o\000n\000e\000s\000\040\000c\000a\000n\000\363\000n\000i\000c\000a\000s}{section.1}% 4
\BOOKMARK [2][-]{subsection.1.4}{\376\377\000C\000o\000r\000c\000h\000e\000t\000e\000s\000\040\000d\000e\000\040\000P\000o\000i\000s\000s\000o\000n}{section.1}% 5
\BOOKMARK [2][-]{subsection.1.5}{\376\377\000E\000v\000o\000l\000u\000c\000i\000\363\000n\000\040\000t\000e\000m\000p\000o\000r\000a\000l}{section.1}% 6
\BOOKMARK [2][-]{subsection.1.6}{\376\377\000T\000e\000o\000r\000\355\000a\000\040\000d\000e\000\040\000H\000a\000m\000i\000l\000t\000o\000n\000-\000J\000a\000c\000o\000b\000i}{section.1}% 7
\BOOKMARK [3][-]{subsubsection.1.6.1}{\376\377\000E\000c\000u\000a\000c\000i\000\363\000n\000\040\000p\000r\000i\000n\000c\000i\000p\000a\000l\000\040\000d\000e\000\040\000H\000a\000m\000i\000l\000t\000o\000n}{subsection.1.6}% 8
\BOOKMARK [3][-]{subsubsection.1.6.2}{\376\377\000E\000l\000\040\000o\000s\000c\000i\000l\000a\000d\000o\000r\000\040\000a\000r\000m\000\363\000n\000i\000c\000o\000\040\000c\000o\000m\000o\000\040\000e\000j\000e\000m\000p\000l\000o}{subsection.1.6}% 9
\BOOKMARK [3][-]{subsubsection.1.6.3}{\376\377\000F\000u\000n\000c\000i\000\363\000n\000\040\000c\000a\000r\000a\000c\000t\000e\000r\000\355\000s\000t\000i\000c\000a\000\040\000d\000e\000\040\000H\000a\000m\000i\000l\000t\000o\000n}{subsection.1.6}% 10
\BOOKMARK [2][-]{subsection.1.7}{\376\377\000I\000n\000t\000e\000g\000r\000a\000b\000i\000l\000i\000d\000a\000d}{section.1}% 11
\BOOKMARK [1][-]{section.2}{\376\377\000S\000i\000s\000t\000e\000m\000a\000s\000\040\000n\000o\000n\000\040\000l\000i\000n\000e\000a\000l\000e\000s\000\040\000y\000\040\000d\000i\000n\000\341\000m\000i\000c\000a\000\040\000e\000n\000\040\000e\000l\000\040\000e\000s\000p\000a\000c\000i\000o\000\040\000d\000e\000\040\000f\000a\000s\000e\000s}{}% 12
\BOOKMARK [2][-]{subsection.2.1}{\376\377\000T\000e\000o\000r\000\355\000a\000\040\000d\000e\000\040\000P\000e\000r\000t\000u\000r\000b\000a\000c\000i\000o\000n\000e\000s}{section.2}% 13
\BOOKMARK [2][-]{subsection.2.2}{\376\377\000S\000i\000s\000t\000e\000m\000a\000s\000\040\000D\000i\000n\000\341\000m\000i\000c\000o\000s}{section.2}% 14
\BOOKMARK [3][-]{subsubsection.2.2.1}{\376\377\000S\000i\000s\000t\000e\000m\000a\000s\000\040\000D\000i\000n\000\341\000m\000i\000c\000o\000s\000\040\000H\000a\000m\000i\000l\000t\000o\000n\000i\000a\000n\000o\000s}{subsection.2.2}% 15
\BOOKMARK [3][-]{subsubsection.2.2.2}{\376\377\000T\000r\000a\000y\000e\000c\000t\000o\000r\000i\000a\000s\000,\000\040\000\363\000r\000b\000i\000t\000a\000s\000\040\000y\000\040\000f\000l\000u\000j\000o\000s}{subsection.2.2}% 16
\BOOKMARK [3][-]{subsubsection.2.2.3}{\376\377\000T\000e\000o\000r\000\355\000a\000\040\000d\000e\000\040\000l\000a\000\040\000e\000s\000t\000a\000b\000i\000l\000i\000d\000a\000d}{subsection.2.2}% 17
\BOOKMARK [3][-]{subsubsection.2.2.4}{\376\377\000A\000p\000r\000o\000x\000i\000m\000a\000c\000i\000\363\000n\000\040\000l\000i\000n\000e\000a\000l}{subsection.2.2}% 18
\BOOKMARK [1][-]{section.3}{\376\377\000M\000e\000d\000i\000o\000s\000\040\000C\000o\000n\000t\000i\000n\000u\000o\000s}{}% 19
\BOOKMARK [2][-]{subsection.3.1}{\376\377\000D\000e\000s\000c\000r\000i\000p\000c\000i\000\363\000n\000\040\000e\000u\000l\000e\000r\000i\000a\000n\000a\000\040\000y\000\040\000l\000a\000g\000r\000a\000n\000g\000i\000a\000n\000a}{section.3}% 20
\BOOKMARK [3][-]{subsubsection.3.1.1}{\376\377\000A\000n\000a\000l\000o\000g\000\355\000a\000\040\000e\000n\000t\000r\000e\000\040\000d\000e\000s\000c\000r\000i\000p\000c\000i\000o\000n\000e\000s}{subsection.3.1}% 21
\BOOKMARK [3][-]{subsubsection.3.1.2}{\376\377\000D\000e\000r\000i\000v\000a\000d\000a\000s\000\040\000m\000a\000t\000e\000r\000i\000a\000l\000e\000s\000\040\000y\000\040\000e\000s\000p\000a\000c\000i\000a\000l\000e\000s}{subsection.3.1}% 22
\BOOKMARK [3][-]{subsubsection.3.1.3}{\376\377\000D\000e\000r\000i\000v\000a\000d\000a\000\040\000m\000a\000t\000e\000r\000i\000a\000l\000\040\000e\000n\000\040\000c\000o\000o\000r\000d\000e\000n\000a\000d\000a\000s\000\040\000e\000s\000p\000a\000c\000i\000a\000l\000e\000s}{subsection.3.1}% 23
\BOOKMARK [2][-]{subsection.3.2}{\376\377\000L\000i\000n\000e\000a\000\040\000d\000e\000\040\000c\000o\000r\000r\000i\000e\000n\000t\000e\000\040\000y\000\040\000f\000l\000u\000j\000o}{section.3}% 24
\BOOKMARK [2][-]{subsection.3.3}{\376\377\000V\000a\000r\000i\000a\000b\000l\000e\000s\000\040\000d\000e\000\040\000d\000e\000f\000o\000r\000m\000a\000c\000i\000\363\000n}{section.3}% 25
\BOOKMARK [3][-]{subsubsection.3.3.1}{\376\377\000D\000e\000f\000o\000r\000m\000a\000c\000i\000\363\000n\000\040\000y\000\040\000d\000e\000s\000p\000l\000a\000z\000a\000m\000i\000e\000n\000t\000o}{subsection.3.3}% 26
\BOOKMARK [3][-]{subsubsection.3.3.2}{\376\377\000G\000r\000a\000d\000i\000e\000n\000t\000e\000\040\000d\000e\000\040\000d\000e\000s\000p\000l\000a\000z\000a\000m\000i\000e\000n\000t\000o}{subsection.3.3}% 27
\BOOKMARK [3][-]{subsubsection.3.3.3}{\376\377\000D\000e\000f\000o\000r\000m\000a\000c\000i\000\363\000n\000\040\000d\000e\000l\000\040\000e\000l\000e\000m\000e\000n\000t\000o\000\040\000d\000e\000\040\000v\000o\000l\000u\000m\000e\000n}{subsection.3.3}% 28
\BOOKMARK [2][-]{subsection.3.4}{\376\377\000R\000i\000t\000m\000o\000\040\000d\000e\000\040\000d\000e\000f\000o\000r\000m\000a\000c\000i\000\363\000n\000\040\000y\000\040\000v\000o\000r\000t\000i\000c\000i\000d\000a\000d}{section.3}% 29
\BOOKMARK [2][-]{subsection.3.5}{\376\377\000D\000e\000r\000i\000v\000a\000d\000a\000s\000\040\000m\000a\000t\000e\000r\000i\000a\000l\000\040\000d\000e\000\040\000e\000l\000e\000m\000e\000n\000t\000o\000s\000\040\000e\000\040\000i\000n\000t\000e\000g\000r\000a\000l\000e\000s\000\040\000d\000e\000\040\000v\000o\000l\000u\000m\000e\000n}{section.3}% 30
\BOOKMARK [3][-]{subsubsection.3.5.1}{\376\377\000T\000e\000o\000r\000e\000m\000a\000\040\000d\000e\000\040\000T\000r\000a\000n\000s\000p\000o\000r\000t\000e\000\040\000d\000e\000\040\000R\000e\000y\000n\000o\000l\000d\000s}{subsection.3.5}% 31
\BOOKMARK [2][-]{subsection.3.6}{\376\377\000D\000i\000n\000\341\000m\000i\000c\000a\000\040\000d\000e\000\040\000m\000e\000d\000i\000o\000s\000\040\000c\000o\000n\000t\000i\000n\000u\000o\000s}{section.3}% 32
\BOOKMARK [3][-]{subsubsection.3.6.1}{\376\377\000C\000o\000n\000s\000e\000r\000v\000a\000c\000i\000\363\000n\000\040\000d\000e\000\040\000l\000a\000\040\000m\000a\000s\000a}{subsection.3.6}% 33
\BOOKMARK [3][-]{subsubsection.3.6.2}{\376\377\000C\000o\000n\000s\000e\000r\000v\000a\000c\000i\000\363\000n\000\040\000d\000e\000l\000\040\000m\000o\000m\000e\000n\000t\000o\000\040\000l\000i\000n\000e\000a\000l}{subsection.3.6}% 34
\BOOKMARK [3][-]{subsubsection.3.6.3}{\376\377\000C\000o\000n\000s\000e\000r\000v\000a\000c\000i\000\363\000n\000\040\000d\000e\000l\000\040\000m\000o\000m\000e\000n\000t\000o\000\040\000a\000n\000g\000u\000l\000a\000r}{subsection.3.6}% 35
\BOOKMARK [3][-]{subsubsection.3.6.4}{\376\377\000C\000o\000n\000s\000e\000r\000v\000a\000c\000i\000\363\000n\000\040\000d\000e\000\040\000l\000a\000\040\000e\000n\000e\000r\000g\000\355\000a}{subsection.3.6}% 36
\BOOKMARK [2][-]{subsection.3.7}{\376\377\000C\000a\000r\000a\000c\000t\000e\000r\000i\000z\000a\000c\000i\000\363\000n\000\040\000d\000e\000\040\000m\000e\000d\000i\000o\000s\000\040\000c\000o\000n\000t\000i\000n\000u\000o\000s}{section.3}% 37
\BOOKMARK [3][-]{subsubsection.3.7.1}{\376\377\000R\000e\000l\000a\000c\000i\000o\000n\000e\000s\000\040\000c\000o\000n\000s\000t\000i\000t\000u\000t\000i\000v\000a\000s}{subsection.3.7}% 38
\BOOKMARK [3][-]{subsubsection.3.7.2}{\376\377\000E\000c\000u\000a\000c\000i\000o\000n\000e\000s\000\040\000d\000e\000l\000\040\000m\000o\000v\000i\000m\000i\000e\000n\000t\000o}{subsection.3.7}% 39
\BOOKMARK [1][-]{section.4}{\376\377\000F\000l\000u\000i\000d\000o\000s}{}% 40
\BOOKMARK [2][-]{subsection.4.1}{\376\377\000F\000l\000u\000i\000d\000o\000\040\000N\000e\000w\000t\000o\000n\000i\000a\000n\000o}{section.4}% 41
\BOOKMARK [2][-]{subsection.4.2}{\376\377\000E\000c\000u\000a\000c\000i\000\363\000n\000\040\000d\000e\000\040\000N\000a\000v\000i\000e\000r\000-\000S\000t\000o\000k\000e\000s}{section.4}% 42
\BOOKMARK [3][-]{subsubsection.4.2.1}{\376\377\000F\000l\000u\000i\000d\000o\000\040\000n\000o\000-\000v\000i\000s\000c\000o\000s\000o}{subsection.4.2}% 43
\BOOKMARK [3][-]{subsubsection.4.2.2}{\376\377\000F\000l\000u\000i\000d\000o\000\040\000i\000n\000c\000o\000m\000p\000r\000e\000s\000i\000b\000l\000e}{subsection.4.2}% 44
\BOOKMARK [3][-]{subsubsection.4.2.3}{\376\377\000O\000t\000r\000o\000s}{subsection.4.2}% 45
\BOOKMARK [2][-]{subsection.4.3}{\376\377\000T\000e\000o\000r\000e\000m\000a\000\040\000d\000e\000\040\000B\000e\000r\000n\000o\000u\000l\000l\000i}{section.4}% 46
