\BOOKMARK [0][-]{chapter.1}{\376\377\000P\000l\000a\000n\000o\000\040\000c\000o\000m\000p\000l\000e\000j\000o}{}% 1
\BOOKMARK [1][-]{section.1.1}{\376\377\000I\000n\000t\000r\000o\000d\000u\000c\000c\000i\000\363\000n}{chapter.1}% 2
\BOOKMARK [1][-]{section.1.2}{\376\377\000E\000l\000\040\000c\000u\000e\000r\000p\000o\000\040\000d\000e\000\040\000l\000o\000s\000\040\000n\000\372\000m\000e\000r\000o\000s\000\040\000c\000o\000m\000p\000l\000e\000j\000o\000s}{chapter.1}% 3
\BOOKMARK [1][-]{section.1.3}{\376\377\000F\000o\000r\000m\000a\000\040\000p\000o\000l\000a\000r}{chapter.1}% 4
\BOOKMARK [1][-]{section.1.4}{\376\377\000F\000\363\000r\000m\000u\000l\000a\000\040\000d\000e\000\040\000D\000e\000\040\000M\000o\000i\000v\000r\000e}{chapter.1}% 5
\BOOKMARK [1][-]{section.1.5}{\376\377\000R\000a\000\355\000c\000e\000s\000\040\000d\000e\000\040\000n\000\372\000m\000e\000r\000o\000s\000\040\000c\000o\000m\000p\000l\000e\000j\000o\000s}{chapter.1}% 6
\BOOKMARK [1][-]{section.1.6}{\376\377\000F\000o\000r\000m\000a\000\040\000e\000x\000p\000o\000n\000e\000n\000c\000i\000a\000l\000\040\000d\000e\000\040\000l\000o\000s\000\040\000n\000\372\000m\000e\000r\000o\000s\000\040\000c\000o\000m\000p\000l\000e\000j\000o\000s}{chapter.1}% 7
\BOOKMARK [0][-]{chapter.2}{\376\377\000F\000u\000n\000c\000i\000o\000n\000e\000s\000\040\000d\000e\000\040\000v\000a\000r\000i\000a\000b\000l\000e\000\040\000c\000o\000m\000p\000l\000e\000j\000a}{}% 8
\BOOKMARK [1][-]{section.2.1}{\376\377\000V\000a\000r\000i\000a\000b\000l\000e\000s\000\040\000y\000\040\000f\000u\000n\000c\000i\000o\000n\000e\000s}{chapter.2}% 9
\BOOKMARK [2][-]{subsection.2.1.1}{\376\377\000F\000u\000n\000c\000i\000o\000n\000e\000s\000\040\000u\000n\000i\000v\000o\000c\000a\000s\000\040\000y\000\040\000m\000u\000t\000i\000v\000o\000c\000a\000s}{section.2.1}% 10
\BOOKMARK [2][-]{subsection.2.1.2}{\376\377\000T\000r\000a\000s\000f\000o\000r\000m\000a\000c\000i\000o\000n\000e\000s}{section.2.1}% 11
\BOOKMARK [2][-]{subsection.2.1.3}{\376\377\000F\000u\000n\000c\000i\000o\000n\000e\000s\000\040\000e\000l\000e\000m\000e\000n\000t\000a\000l\000e\000s}{section.2.1}% 12
\BOOKMARK [1][-]{section.2.2}{\376\377\000P\000u\000n\000t\000o\000s\000\040\000d\000e\000\040\000r\000a\000m\000i\000f\000i\000c\000a\000c\000i\000o\000n\000\040\000y\000\040\000r\000a\000m\000a\000s}{chapter.2}% 13
\BOOKMARK [1][-]{section.2.3}{\376\377\000S\000u\000p\000e\000r\000f\000i\000c\000i\000e\000s\000\040\000d\000e\000\040\000R\000i\000e\000m\000a\000n\000n}{chapter.2}% 14
\BOOKMARK [1][-]{section.2.4}{\376\377\000L\000\355\000m\000i\000t\000e\000s\000\040\000y\000\040\000c\000o\000n\000t\000i\000n\000u\000i\000d\000a\000d}{chapter.2}% 15
\BOOKMARK [2][-]{subsection.2.4.1}{\376\377\000L\000i\000m\000i\000t\000e\000s}{section.2.4}% 16
\BOOKMARK [1][-]{section.2.5}{\376\377\000D\000i\000f\000e\000r\000e\000n\000c\000i\000a\000b\000i\000l\000i\000d\000a\000d}{chapter.2}% 17
\BOOKMARK [1][-]{section.2.6}{\376\377\000S\000i\000n\000g\000u\000l\000a\000r\000i\000d\000a\000d\000e\000s}{chapter.2}% 18
\BOOKMARK [0][-]{chapter.3}{\376\377\000I\000n\000t\000e\000g\000r\000a\000l\000\040\000c\000o\000m\000p\000l\000e\000j\000a}{}% 19
\BOOKMARK [1][-]{section.3.1}{\376\377\000C\000u\000r\000v\000a\000\040\000d\000e\000\040\000J\000o\000r\000d\000a\000n}{chapter.3}% 20
\BOOKMARK [1][-]{section.3.2}{\376\377\000I\000n\000t\000e\000g\000r\000a\000l\000\040\000d\000e\000\040\000l\000\355\000n\000e\000a}{chapter.3}% 21
\BOOKMARK [1][-]{section.3.3}{\376\377\000T\000e\000o\000r\000e\000m\000a\000\040\000f\000u\000n\000d\000a\000m\000e\000n\000t\000a\000l\000\040\000d\000e\000l\000\040\000c\000\341\000l\000c\000u\000l\000o}{chapter.3}% 22
\BOOKMARK [1][-]{section.3.4}{\376\377\000T\000e\000o\000r\000e\000m\000a\000\040\000d\000e\000\040\000C\000a\000u\000c\000h\000y}{chapter.3}% 23
\BOOKMARK [0][-]{chapter.4}{\376\377\000I\000n\000t\000e\000g\000r\000a\000l\000e\000s\000\040\000d\000e\000\040\000C\000a\000u\000c\000h\000y}{}% 24
\BOOKMARK [1][-]{section.4.1}{\376\377\000F\000o\000r\000m\000u\000l\000a\000\040\000i\000n\000t\000e\000g\000r\000a\000l\000\040\000d\000e\000\040\000C\000a\000u\000c\000h\000y}{chapter.4}% 25
\BOOKMARK [2][-]{subsection.4.1.1}{\376\377\000T\000e\000o\000r\000e\000m\000a\000\040\000d\000e\000\040\000T\000a\000y\000l\000o\000r}{section.4.1}% 26
\BOOKMARK [2][-]{subsection.4.1.2}{\376\377\000F\000\363\000r\000m\000u\000l\000a\000\040\000i\000n\000t\000e\000g\000r\000a\000l\000\040\000d\000e\000\040\000C\000a\000u\000c\000h\000y\000\040\000p\000a\000r\000a\000\040\000l\000a\000s\000\040\000d\000e\000r\000i\000v\000a\000d\000a\000s}{section.4.1}% 27
\BOOKMARK [2][-]{subsection.4.1.3}{\376\377\000F\000\363\000r\000m\000u\000l\000a\000\040\000i\000n\000t\000e\000g\000r\000a\000l\000\040\000d\000e\000\040\000C\000a\000u\000c\000h\000y\000\040\000p\000a\000r\000a\000\040\000c\000u\000r\000v\000a\000s\000\040\000n\000u\000l\000-\000h\000o\000m\000o\000t\000o\000p\000a\000s}{section.4.1}% 28
\BOOKMARK [1][-]{section.4.2}{\376\377\000R\000e\000s\000i\000d\000u\000o}{chapter.4}% 29
\BOOKMARK [1][-]{section.4.3}{\376\377\000T\000e\000o\000r\000e\000m\000a\000\040\000d\000e\000\040\000M\000o\000r\000e\000r\000a}{chapter.4}% 30
\BOOKMARK [1][-]{section.4.4}{\376\377\000D\000e\000s\000i\000g\000u\000a\000l\000d\000a\000d\000\040\000d\000e\000\040\000C\000a\000u\000c\000h\000y\000\040\000y\000\040\000T\000e\000o\000r\000e\000m\000a\000\040\000d\000e\000\040\000L\000i\000o\000u\000v\000i\000l\000l\000e}{chapter.4}% 31
\BOOKMARK [1][-]{section.4.5}{\376\377\000T\000e\000o\000r\000e\000m\000a\000s}{chapter.4}% 32
\BOOKMARK [2][-]{subsection.4.5.1}{\376\377\000T\000e\000o\000r\000e\000m\000a\000\040\000f\000u\000n\000d\000a\000m\000e\000n\000t\000a\000l\000\040\000d\000e\000l\000\040\000\341\000l\000g\000e\000b\000r\000a}{section.4.5}% 33
\BOOKMARK [2][-]{subsection.4.5.2}{\376\377\000T\000e\000o\000r\000e\000m\000a\000\040\000d\000e\000l\000\040\000a\000r\000g\000u\000m\000e\000n\000t\000o}{section.4.5}% 34
\BOOKMARK [2][-]{subsection.4.5.3}{\376\377\000T\000e\000o\000r\000e\000m\000a\000\040\000d\000e\000\040\000R\000o\000u\000c\000h\000e}{section.4.5}% 35
\BOOKMARK [2][-]{subsection.4.5.4}{\376\377\000T\000e\000o\000r\000e\000m\000a\000\040\000d\000e\000l\000\040\000v\000a\000l\000o\000r\000\040\000m\000e\000d\000i\000o\000\040\000d\000e\000\040\000G\000a\000u\000s\000s}{section.4.5}% 36
\BOOKMARK [2][-]{subsection.4.5.5}{\376\377\000T\000e\000o\000r\000e\000m\000a\000\040\000d\000e\000l\000\040\000m\000\363\000d\000u\000l\000o\000\040\000m\000\341\000x\000i\000m\000o\000\040\000y\000\040\000m\000\355\000n\000i\000m\000o}{section.4.5}% 37
\BOOKMARK [1][-]{section.4.6}{\376\377\000I\000n\000t\000e\000g\000r\000a\000l\000e\000s\000\040\000i\000m\000p\000r\000o\000p\000i\000a\000s\000\040\000y\000\040\000v\000a\000l\000o\000r\000\040\000p\000r\000i\000n\000c\000i\000p\000a\000l\000\040\000d\000e\000\040\000C\000a\000u\000c\000h\000y}{chapter.4}% 38
\BOOKMARK [0][-]{chapter.5}{\376\377\000S\000e\000r\000i\000e\000s\000\040\000i\000n\000f\000i\000n\000i\000t\000a\000s}{}% 39
\BOOKMARK [1][-]{section.5.1}{\376\377\000T\000e\000o\000r\000e\000m\000a\000\040\000d\000e\000\040\000L\000a\000u\000r\000e\000n\000t}{chapter.5}% 40
\BOOKMARK [1][-]{section.5.2}{\376\377\000C\000l\000a\000s\000i\000f\000i\000c\000a\000c\000i\000\363\000n\000\040\000d\000e\000\040\000s\000i\000n\000g\000u\000l\000a\000r\000i\000d\000a\000d\000e\000s}{chapter.5}% 41
\BOOKMARK [1][-]{section.5.3}{\376\377\000T\000e\000o\000r\000e\000m\000a\000\040\000d\000e\000l\000\040\000r\000e\000s\000i\000d\000u\000o\000\040\000g\000e\000n\000e\000r\000a\000l\000i\000z\000a\000d\000o}{chapter.5}% 42
\BOOKMARK [1][-]{section.5.4}{\376\377\000C\000a\000l\000c\000u\000l\000o\000\040\000d\000e\000\040\000s\000e\000r\000i\000e\000s\000\040\000i\000n\000f\000i\000n\000i\000t\000a\000s}{chapter.5}% 43
\BOOKMARK [1][-]{section.5.5}{\376\377\000P\000l\000a\000n\000o\000\040\000c\000o\000m\000p\000l\000e\000j\000o\000\040\000a\000m\000p\000l\000i\000a\000d\000o}{chapter.5}% 44
\BOOKMARK [2][-]{subsection.5.5.1}{\376\377\000R\000e\000s\000i\000d\000u\000o\000\040\000e\000n\000\040\000e\000l\000\040\000i\000n\000f\000i\000n\000i\000t\000o}{section.5.5}% 45
\BOOKMARK [0][-]{chapter.6}{\376\377\000T\000r\000a\000s\000f\000o\000r\000m\000a\000d\000a\000s\000\040\000I\000n\000t\000e\000g\000r\000a\000l\000e\000s}{}% 46
\BOOKMARK [1][-]{section.6.1}{\376\377\000T\000r\000a\000s\000f\000o\000r\000m\000a\000d\000a\000s\000\040\000i\000n\000t\000e\000g\000r\000a\000l\000e\000s\000\040\000g\000e\000n\000e\000r\000a\000l}{chapter.6}% 47
\BOOKMARK [2][-]{subsection.6.1.1}{\376\377\000F\000u\000n\000c\000i\000o\000n\000e\000s\000\040\000d\000e\000f\000i\000n\000i\000d\000a\000s\000\040\000a\000\040\000t\000r\000o\000z\000o\000s\000\040\000y\000\040\000a\000b\000o\000s\000l\000u\000t\000a\000m\000e\000n\000t\000e\000\040\000i\000n\000t\000e\000g\000r\000a\000b\000l\000e\000s}{section.6.1}% 48
\BOOKMARK [1][-]{section.6.2}{\376\377\000T\000r\000a\000s\000f\000o\000r\000m\000a\000d\000a\000s\000\040\000d\000e\000\040\000F\000o\000u\000r\000i\000e\000r}{chapter.6}% 49
\BOOKMARK [2][-]{subsection.6.2.1}{\376\377\000T\000r\000a\000s\000f\000o\000r\000m\000a\000d\000a\000s\000\040\000p\000a\000r\000a\000\040\000f\000u\000n\000c\000i\000o\000n\000e\000s\000\040\000p\000a\000r\000e\000s\000\040\000e\000\040\000i\000m\000p\000a\000r\000e\000s}{section.6.2}% 50
\BOOKMARK [2][-]{subsection.6.2.2}{\376\377\000T\000e\000o\000r\000e\000m\000a\000\040\000i\000n\000t\000e\000g\000r\000a\000l\000\040\000d\000e\000\040\000F\000o\000u\000e\000r\000i\000e\000r}{section.6.2}% 51
\BOOKMARK [2][-]{subsection.6.2.3}{\376\377\000L\000e\000m\000a\000\040\000d\000e\000\040\000R\000i\000e\000m\000a\000n\000n\000-\000L\000e\000b\000e\000s\000q\000u\000e}{section.6.2}% 52
\BOOKMARK [2][-]{subsection.6.2.4}{\376\377\000L\000e\000m\000a\000\040\000d\000e\000\040\000l\000o\000c\000a\000l\000i\000z\000a\000c\000i\000\363\000n}{section.6.2}% 53
\BOOKMARK [2][-]{subsection.6.2.5}{\376\377\000P\000r\000o\000p\000i\000e\000d\000a\000d\000e\000s\000\040\000d\000e\000\040\000l\000a\000\040\000T\000r\000a\000s\000f\000o\000r\000a\000m\000d\000a\000\040\000d\000e\000\040\000F\000o\000u\000r\000i\000e\000r}{section.6.2}% 54
\BOOKMARK [2][-]{subsection.6.2.6}{\376\377\000C\000o\000n\000v\000o\000l\000u\000c\000i\000\363\000n\000\040\000d\000e\000\040\000F\000o\000u\000r\000i\000e\000r}{section.6.2}% 55
\BOOKMARK [2][-]{subsection.6.2.7}{\376\377\000D\000e\000s\000i\000g\000u\000a\000l\000d\000a\000d\000e\000s}{section.6.2}% 56
\BOOKMARK [1][-]{section.6.3}{\376\377\000T\000r\000a\000s\000f\000o\000r\000m\000a\000d\000a\000\040\000d\000e\000\040\000L\000a\000p\000l\000a\000c\000e}{chapter.6}% 57
\BOOKMARK [2][-]{subsection.6.3.1}{\376\377\000C\000o\000n\000d\000i\000c\000i\000o\000n\000e\000s\000\040\000p\000a\000r\000a\000\040\000l\000a\000\040\000e\000x\000i\000s\000t\000e\000n\000c\000i\000a\000\040\000d\000e\000\040\000l\000a\000\040\000t\000r\000a\000s\000f\000o\000r\000m\000a\000d\000a\000\040\000d\000e\000\040\000L\000a\000p\000l\000a\000c\000e}{section.6.3}% 58
\BOOKMARK [2][-]{subsection.6.3.2}{\376\377\000T\000r\000a\000s\000f\000o\000r\000m\000a\000d\000a\000s\000\040\000d\000e\000\040\000L\000a\000p\000l\000a\000c\000e\000\040\000p\000a\000r\000a\000\040\000l\000a\000s\000\040\000d\000e\000r\000i\000v\000a\000d\000a\000s}{section.6.3}% 59
\BOOKMARK [2][-]{subsection.6.3.3}{\376\377\000C\000o\000n\000v\000o\000l\000u\000c\000i\000\363\000n\000\040\000d\000e\000\040\000L\000a\000p\000l\000a\000c\000e}{section.6.3}% 60
\BOOKMARK [2][-]{subsection.6.3.4}{\376\377\000P\000r\000o\000p\000i\000e\000d\000a\000d\000e\000s\000\040\000d\000e\000\040\000l\000a\000\040\000T\000r\000a\000s\000f\000o\000r\000m\000a\000d\000a\000\040\000d\000e\000\040\000L\000a\000p\000l\000a\000c\000e}{section.6.3}% 61
\BOOKMARK [0][-]{chapter.7}{\376\377\000F\000u\000n\000c\000i\000o\000n\000e\000s\000\040\000g\000e\000n\000e\000r\000a\000l\000i\000z\000a\000d\000a\000s}{}% 62
\BOOKMARK [1][-]{section.7.1}{\376\377\000I\000n\000t\000r\000o\000d\000u\000c\000c\000i\000\363\000n}{chapter.7}% 63
\BOOKMARK [1][-]{section.7.2}{\376\377\000C\000l\000a\000s\000e\000\040\000S\000c\000h\000w\000a\000r\000t\000z}{chapter.7}% 64
\BOOKMARK [1][-]{section.7.3}{\376\377\000S\000u\000c\000e\000s\000i\000o\000n\000e\000s\000\040\000r\000e\000g\000u\000l\000a\000r\000e\000s\000\040\000y\000\040\000e\000q\000u\000i\000v\000a\000l\000e\000n\000t\000e\000s}{chapter.7}% 65
\BOOKMARK [1][-]{section.7.4}{\376\377\000F\000u\000n\000c\000i\000o\000n\000e\000s\000\040\000g\000e\000n\000e\000r\000a\000l\000i\000z\000a\000d\000a\000s}{chapter.7}% 66
\BOOKMARK [1][-]{section.7.5}{\376\377\000O\000p\000e\000r\000a\000c\000i\000o\000n\000e\000s\000\040\000e\000n\000t\000r\000e\000\040\000f\000u\000n\000c\000i\000o\000n\000e\000s\000\040\000g\000e\000n\000e\000r\000a\000l\000i\000z\000a\000d\000a\000s}{chapter.7}% 67
\BOOKMARK [2][-]{subsection.7.5.1}{\376\377\000S\000u\000m\000a\000\040\000d\000e\000\040\000f\000u\000n\000c\000i\000o\000n\000e\000s}{section.7.5}% 68
\BOOKMARK [2][-]{subsection.7.5.2}{\376\377\000D\000e\000r\000i\000v\000a\000d\000a\000\040\000d\000e\000\040\000f\000u\000n\000c\000i\000o\000n\000e\000s}{section.7.5}% 69
\BOOKMARK [2][-]{subsection.7.5.3}{\376\377\000P\000r\000o\000d\000u\000c\000t\000o}{section.7.5}% 70
\BOOKMARK [1][-]{section.7.6}{\376\377\000T\000r\000a\000n\000s\000f\000o\000r\000m\000a\000d\000a\000s\000\040\000d\000e\000\040\000F\000o\000u\000r\000i\000e\000r\000\040\000g\000e\000n\000e\000r\000a\000l\000i\000z\000a\000d\000a\000s}{chapter.7}% 71
