\BOOKMARK [0][-]{chapter.1}{\376\377\000G\000a\000s\000e\000s\000\040\000i\000d\000e\000a\000l\000e\000s}{}% 1
\BOOKMARK [1][-]{section.1.1}{\376\377\000E\000c\000u\000a\000c\000i\000\363\000n\000\040\000t\000\351\000r\000m\000i\000c\000a\000\040\000d\000e\000l\000\040\000c\000a\000s\000\040\000i\000d\000e\000a\000l}{chapter.1}% 2
\BOOKMARK [1][-]{section.1.2}{\376\377\000E\000c\000u\000a\000c\000i\000\363\000n\000\040\000e\000n\000e\000r\000g\000\351\000t\000i\000c\000a}{chapter.1}% 3
\BOOKMARK [1][-]{section.1.3}{\376\377\000G\000a\000s\000\040\000p\000e\000r\000f\000e\000c\000t\000o}{chapter.1}% 4
\BOOKMARK [1][-]{section.1.4}{\376\377\000T\000r\000a\000s\000f\000o\000r\000m\000a\000c\000i\000o\000n\000e\000s\000\040\000a\000d\000i\000a\000b\000\341\000t\000i\000c\000a\000s\000\040\000d\000e\000\040\000u\000n\000\040\000g\000a\000s\000\040\000p\000e\000r\000f\000e\000c\000t\000o}{chapter.1}% 5
\BOOKMARK [1][-]{section.1.5}{\376\377\000T\000r\000a\000n\000s\000f\000o\000r\000m\000a\000c\000i\000o\000n\000e\000s\000\040\000p\000o\000l\000i\000t\000r\000\363\000p\000i\000c\000a\000s}{chapter.1}% 6
\BOOKMARK [1][-]{section.1.6}{\376\377\000M\000e\000z\000c\000l\000a\000\040\000g\000a\000s\000e\000s\000\040\000p\000e\000r\000f\000e\000c\000t\000o\000s}{chapter.1}% 7
\BOOKMARK [2][-]{subsection.1.6.1}{\376\377\000P\000r\000e\000s\000i\000o\000n\000e\000s\000\040\000p\000a\000r\000c\000i\000a\000l\000e\000s}{section.1.6}% 8
\BOOKMARK [2][-]{subsection.1.6.2}{\376\377\000T\000e\000o\000r\000e\000m\000a\000\040\000d\000e\000\040\000G\000i\000b\000b\000s}{section.1.6}% 9
\BOOKMARK [0][-]{chapter.2}{\376\377\000G\000a\000s\000e\000s\000\040\000r\000e\000a\000l\000e\000s}{}% 10
\BOOKMARK [1][-]{section.2.1}{\376\377\000C\000o\000o\000r\000d\000e\000n\000a\000d\000a\000s\000\040\000c\000r\000\355\000t\000i\000c\000a\000s}{chapter.2}% 11
\BOOKMARK [1][-]{section.2.2}{\376\377\000E\000s\000t\000r\000a\000n\000g\000u\000l\000a\000c\000i\000\363\000n\000\040\000a\000d\000i\000a\000b\000\341\000t\000i\000c\000a\000.\000\040\000C\000o\000e\000f\000i\000c\000i\000e\000n\000t\000e\000\040\000d\000e\000\040\000J\000o\000u\000l\000e\000-\000K\000e\000l\000v\000i\000n}{chapter.2}% 12
\BOOKMARK [1][-]{section.2.3}{\376\377\000E\000c\000u\000a\000c\000i\000o\000n\000e\000s\000\040\000t\000\351\000r\000m\000i\000c\000a\000s\000\040\000d\000e\000\040\000e\000s\000t\000a\000d\000o}{chapter.2}% 13
\BOOKMARK [2][-]{subsection.2.3.1}{\376\377\000V\000a\000n\000\040\000d\000e\000r\000\040\000W\000a\000a\000l\000s}{section.2.3}% 14
\BOOKMARK [2][-]{subsection.2.3.2}{\376\377\000E\000c\000u\000a\000c\000i\000\363\000n\000\040\000d\000e\000l\000\040\000v\000i\000r\000i\000a\000l}{section.2.3}% 15
\BOOKMARK [1][-]{section.2.4}{\376\377\000D\000i\000a\000g\000r\000a\000m\000a\000\040\000d\000e\000\040\000c\000o\000m\000p\000r\000e\000n\000s\000i\000b\000i\000l\000i\000d\000a\000d\000\040\000g\000e\000n\000e\000r\000a\000l\000i\000z\000a\000d\000o}{chapter.2}% 16
\BOOKMARK [0][-]{chapter.3}{\376\377\000T\000r\000a\000n\000s\000i\000c\000i\000o\000n\000e\000s\000\040\000d\000e\000\040\000f\000a\000s\000e}{}% 17
\BOOKMARK [1][-]{section.3.1}{\376\377\000C\000o\000n\000d\000i\000c\000i\000o\000n\000e\000s\000\040\000d\000e\000\040\000e\000q\000u\000i\000l\000i\000b\000r\000i\000o\000\040\000p\000a\000r\000a\000\040\000s\000i\000s\000t\000e\000m\000a\000s\000\040\000h\000e\000t\000e\000r\000o\000g\000\351\000n\000e\000o\000s}{chapter.3}% 18
\BOOKMARK [1][-]{section.3.2}{\376\377\000C\000l\000a\000s\000i\000f\000i\000c\000a\000c\000i\000\363\000n\000\040\000d\000e\000\040\000t\000r\000a\000n\000s\000i\000c\000i\000o\000n\000e\000s\000\040\000d\000e\000\040\000f\000a\000s\000e}{chapter.3}% 19
\BOOKMARK [1][-]{section.3.3}{\376\377\000T\000r\000a\000n\000s\000i\000c\000i\000o\000n\000e\000s\000\040\000d\000e\000\040\000f\000a\000s\000e\000\040\000d\000e\000\040\000p\000r\000i\000m\000e\000r\000\040\000o\000r\000d\000e\000n\000:\000\040\000e\000c\000u\000a\000c\000i\000\363\000n\000\040\000d\000e\000\040\000C\000l\000a\000u\000s\000i\000u\000s\000-\000C\000l\000a\000p\000e\000y\000r\000o\000n}{chapter.3}% 20
\BOOKMARK [0][-]{chapter.4}{\376\377\000S\000i\000s\000t\000e\000m\000a\000s\000\040\000r\000e\000a\000c\000t\000i\000v\000o\000s}{}% 21
\BOOKMARK [1][-]{section.4.1}{\376\377\000C\000a\000l\000o\000r\000\040\000d\000e\000\040\000r\000e\000a\000c\000c\000i\000\363\000n}{chapter.4}% 22
\BOOKMARK [1][-]{section.4.2}{\376\377\000C\000o\000n\000d\000i\000c\000i\000o\000n\000e\000s\000\040\000d\000e\000l\000\040\000e\000q\000u\000i\000l\000i\000b\000r\000i\000o\000\040\000e\000n\000\040\000s\000i\000s\000t\000e\000m\000a\000s\000\040\000r\000e\000a\000c\000t\000i\000v\000o\000s}{chapter.4}% 23
\BOOKMARK [1][-]{section.4.3}{\376\377\000C\000o\000n\000s\000t\000a\000n\000t\000e\000\040\000d\000e\000\040\000e\000q\000u\000i\000l\000i\000b\000r\000i\000o}{chapter.4}% 24
\BOOKMARK [1][-]{section.4.4}{\376\377\000P\000r\000i\000n\000c\000i\000p\000i\000o\000\040\000d\000e\000\040\000L\000e\000\040\000C\000h\000a\000t\000e\000l\000i\000e\000r}{chapter.4}% 25
\BOOKMARK [0][-]{chapter.5}{\376\377\000P\000r\000o\000c\000e\000s\000o\000s\000\040\000i\000r\000r\000e\000v\000e\000r\000e\000s\000i\000b\000l\000e\000s}{}% 26
\BOOKMARK [1][-]{section.5.1}{\376\377\000F\000u\000e\000r\000z\000a\000s\000\040\000y\000\040\000f\000l\000u\000j\000o\000s}{chapter.5}% 27
\BOOKMARK [1][-]{section.5.2}{\376\377\000E\000c\000u\000a\000c\000i\000o\000n\000e\000s\000\040\000d\000e\000l\000\040\000b\000a\000l\000a\000n\000c\000e\000\040\000y\000\040\000d\000e\000\040\000c\000o\000n\000t\000i\000n\000u\000i\000d\000a\000d}{chapter.5}% 28
\BOOKMARK [1][-]{section.5.3}{\376\377\000E\000f\000e\000c\000t\000o\000s\000\040\000t\000e\000r\000m\000o\000e\000l\000\351\000c\000t\000r\000i\000c\000o\000s}{chapter.5}% 29
\BOOKMARK [2][-]{subsection.5.3.1}{\376\377\000E\000f\000e\000c\000t\000o\000\040\000S\000e\000e\000b\000e\000c\000k}{section.5.3}% 30
\BOOKMARK [2][-]{subsection.5.3.2}{\376\377\000E\000f\000e\000c\000t\000o\000\040\000P\000e\000l\000t\000i\000e\000r}{section.5.3}% 31
\BOOKMARK [2][-]{subsection.5.3.3}{\376\377\000E\000f\000e\000c\000t\000o\000\040\000T\000h\000o\000m\000s\000o\000n}{section.5.3}% 32
\BOOKMARK [0][-]{chapter.6}{\376\377\000T\000e\000o\000r\000\355\000a\000\040\000c\000i\000n\000\351\000t\000i\000c\000a\000\040\000d\000e\000\040\000l\000o\000s\000\040\000g\000a\000s\000e\000s\000\040\000p\000e\000r\000f\000e\000c\000t\000o\000s}{}% 33
\BOOKMARK [1][-]{section.6.1}{\376\377\000M\000o\000d\000e\000l\000o\000\040\000d\000e\000l\000\040\000g\000a\000s\000\040\000p\000e\000r\000f\000e\000c\000t\000o}{chapter.6}% 34
\BOOKMARK [1][-]{section.6.2}{\376\377\000E\000c\000u\000a\000c\000i\000\363\000n\000\040\000d\000e\000\040\000e\000s\000t\000a\000d\000o\000\040\000d\000e\000l\000\040\000g\000a\000s\000\040\000p\000e\000r\000f\000e\000c\000t\000o}{chapter.6}% 35
\BOOKMARK [1][-]{section.6.3}{\376\377\000C\000o\000n\000s\000e\000c\000u\000e\000n\000c\000i\000a\000s\000\040\000d\000e\000\040\000l\000a\000\040\000E\000c\000u\000a\000c\000i\000\363\000n\000\040\000c\000i\000n\000\351\000t\000i\000c\000a\000\040\000d\000e\000l\000\040\000g\000a\000s\000\040\000p\000e\000r\000f\000e\000c\000t\000o}{chapter.6}% 36
\BOOKMARK [0][-]{chapter.7}{\376\377\000F\000u\000n\000c\000i\000o\000n\000e\000s\000\040\000d\000e\000\040\000d\000i\000s\000t\000r\000i\000b\000u\000c\000i\000\363\000n}{}% 37
\BOOKMARK [1][-]{section.7.1}{\376\377\000F\000u\000n\000c\000i\000\363\000n\000\040\000d\000e\000\040\000d\000i\000s\000t\000r\000i\000b\000u\000c\000i\000\363\000n\000\040\000d\000e\000\040\000v\000e\000l\000o\000c\000i\000d\000a\000d\000e\000s}{chapter.7}% 38
\BOOKMARK [1][-]{section.7.2}{\376\377\000F\000u\000n\000c\000i\000\363\000n\000\040\000d\000e\000\040\000d\000i\000s\000t\000r\000i\000b\000u\000c\000i\000\363\000n\000\040\000d\000e\000\040\000e\000n\000e\000r\000g\000\355\000a\000s}{chapter.7}% 39
\BOOKMARK [1][-]{section.7.3}{\376\377\000P\000r\000i\000n\000c\000i\000p\000i\000o\000\040\000d\000e\000\040\000e\000q\000u\000i\000p\000a\000r\000t\000i\000c\000i\000\363\000n\000\040\000d\000e\000\040\000e\000n\000e\000r\000g\000\355\000a}{chapter.7}% 40
\BOOKMARK [1][-]{section.7.4}{\376\377\000A\000p\000l\000i\000c\000a\000c\000i\000o\000n\000e\000s\000\040\000l\000e\000y\000\040\000d\000e\000\040\000d\000i\000s\000t\000r\000i\000b\000u\000c\000i\000\363\000n}{chapter.7}% 41
\BOOKMARK [0][-]{chapter.8}{\376\377\000F\000e\000n\000\363\000m\000e\000n\000o\000s\000\040\000d\000e\000\040\000t\000r\000a\000n\000s\000p\000o\000r\000t\000e}{}% 42
\BOOKMARK [1][-]{section.8.1}{\376\377\000F\000r\000e\000c\000u\000e\000n\000c\000i\000a\000\040\000d\000e\000\040\000c\000o\000l\000i\000s\000i\000\363\000n}{chapter.8}% 43
\BOOKMARK [1][-]{section.8.2}{\376\377\000R\000e\000c\000o\000r\000r\000i\000d\000o\000\040\000l\000i\000b\000r\000e\000\040\000m\000e\000d\000i\000o}{chapter.8}% 44
\BOOKMARK [1][-]{section.8.3}{\376\377\000T\000r\000a\000n\000s\000p\000o\000r\000t\000e\000\040\000d\000e\000\040\000c\000a\000n\000t\000i\000d\000a\000d\000\040\000d\000e\000\040\000m\000o\000v\000i\000m\000i\000e\000n\000t\000o\000:\000\040\000v\000i\000s\000c\000o\000s\000i\000d\000a\000d}{chapter.8}% 45
\BOOKMARK [1][-]{section.8.4}{\376\377\000T\000r\000a\000n\000s\000p\000o\000r\000t\000e\000\040\000d\000e\000\040\000e\000n\000e\000r\000g\000\355\000a\000.\000\040\000C\000o\000n\000d\000u\000c\000t\000i\000v\000i\000d\000a\000d\000\040\000t\000\351\000r\000m\000i\000c\000a}{chapter.8}% 46
\BOOKMARK [1][-]{section.8.5}{\376\377\000T\000r\000a\000n\000s\000p\000o\000r\000t\000e\000\040\000d\000e\000\040\000m\000a\000s\000a\000.\000\040\000D\000i\000f\000u\000s\000i\000\363\000n}{chapter.8}% 47
