\BOOKMARK [1][-]{section.1}{\376\377\000F\000o\000r\000m\000u\000l\000a\000c\000i\000\363\000n\000\040\000d\000e\000l\000\040\000c\000a\000m\000p\000o\000\040\000e\000l\000e\000c\000t\000r\000o\000m\000a\000g\000n\000\351\000t\000i\000c\000o}{}% 1
\BOOKMARK [2][-]{subsection.1.1}{\376\377\000E\000c\000u\000a\000c\000i\000o\000n\000e\000s\000\040\000d\000e\000\040\000M\000a\000x\000w\000e\000l\000l\000\040\000e\000n\000\040\000e\000l\000\040\000v\000a\000c\000\355\000o}{section.1}% 2
\BOOKMARK [2][-]{subsection.1.2}{\376\377\000T\000e\000o\000r\000e\000m\000a\000\040\000d\000e\000\040\000H\000e\000l\000m\000h\000o\000l\000t\000z}{section.1}% 3
\BOOKMARK [2][-]{subsection.1.3}{\376\377\000P\000o\000t\000e\000n\000c\000i\000a\000l\000e\000s\000\040\000e\000l\000e\000c\000t\000r\000o\000m\000a\000g\000n\000\351\000t\000i\000c\000o\000s}{section.1}% 4
\BOOKMARK [3][-]{subsubsection.1.3.1}{\376\377\000G\000a\000u\000g\000e\000\040\000d\000e\000\040\000C\000o\000u\000l\000o\000m\000b}{subsection.1.3}% 5
\BOOKMARK [3][-]{subsubsection.1.3.2}{\376\377\000G\000a\000u\000g\000e\000\040\000d\000e\000\040\000L\000o\000r\000e\000n\000z}{subsection.1.3}% 6
\BOOKMARK [2][-]{subsection.1.4}{\376\377\000M\000e\000d\000i\000o\000s\000\040\000m\000a\000t\000e\000r\000i\000a\000l\000e\000s}{section.1}% 7
\BOOKMARK [3][-]{subsubsection.1.4.1}{\376\377\000P\000o\000l\000a\000r\000i\000z\000a\000c\000i\000\363\000n}{subsection.1.4}% 8
\BOOKMARK [3][-]{subsubsection.1.4.2}{\376\377\000M\000a\000g\000n\000e\000t\000i\000z\000a\000c\000i\000\363\000n}{subsection.1.4}% 9
\BOOKMARK [3][-]{subsubsection.1.4.3}{\376\377\000C\000a\000m\000p\000o\000s\000\040\000D\000\040\000y\000\040\000H}{subsection.1.4}% 10
\BOOKMARK [3][-]{subsubsection.1.4.4}{\376\377\000M\000e\000d\000i\000o\000s\000\040\000l\000.\000h\000.\000i\000.}{subsection.1.4}% 11
\BOOKMARK [2][-]{subsection.1.5}{\376\377\000E\000c\000u\000a\000c\000i\000o\000n\000e\000s\000\040\000d\000e\000\040\000M\000a\000x\000w\000e\000l\000l\000\040\000e\000n\000\040\000m\000e\000d\000i\000o\000s\000\040\000m\000a\000t\000e\000r\000i\000a\000l\000e\000s}{section.1}% 12
\BOOKMARK [2][-]{subsection.1.6}{\376\377\000C\000o\000n\000d\000i\000c\000i\000o\000n\000e\000s\000\040\000d\000e\000\040\000f\000r\000o\000n\000t\000e\000r\000a}{section.1}% 13
\BOOKMARK [1][-]{section.2}{\376\377\000T\000e\000o\000r\000e\000m\000a\000s\000\040\000d\000e\000\040\000c\000o\000n\000s\000e\000r\000v\000a\000c\000i\000\363\000n}{}% 14
\BOOKMARK [2][-]{subsection.2.1}{\376\377\000E\000n\000e\000r\000g\000\355\000a}{section.2}% 15
\BOOKMARK [2][-]{subsection.2.2}{\376\377\000M\000o\000m\000e\000n\000t\000o\000\040\000L\000i\000n\000e\000a\000l}{section.2}% 16
\BOOKMARK [3][-]{subsubsection.2.2.1}{\376\377\000F\000u\000e\000r\000z\000a\000s\000\040\000s\000o\000b\000r\000e\000\040\000m\000e\000d\000i\000o\000s\000\040\000m\000a\000t\000e\000r\000i\000a\000l\000e\000s}{subsection.2.2}% 17
\BOOKMARK [3][-]{subsubsection.2.2.2}{\376\377\000P\000r\000e\000s\000i\000\363\000n\000\040\000e\000l\000e\000c\000t\000r\000o\000m\000a\000g\000n\000\351\000t\000i\000c\000a\000\040\000s\000o\000b\000r\000e\000\040\000c\000o\000n\000d\000u\000c\000t\000o\000r\000e\000s}{subsection.2.2}% 18
\BOOKMARK [2][-]{subsection.2.3}{\376\377\000M\000o\000m\000e\000n\000t\000o\000\040\000A\000n\000g\000u\000l\000a\000r}{section.2}% 19
\BOOKMARK [1][-]{section.3}{\376\377\000O\000n\000d\000a\000s\000\040\000e\000l\000e\000c\000t\000r\000o\000m\000a\000g\000n\000\351\000t\000i\000c\000a\000s}{}% 20
\BOOKMARK [2][-]{subsection.3.1}{\376\377\000E\000c\000u\000a\000c\000i\000o\000n\000e\000s\000\040\000d\000e\000\040\000o\000n\000d\000a\000s}{section.3}% 21
\BOOKMARK [3][-]{subsubsection.3.1.1}{\376\377\000E\000c\000u\000a\000c\000i\000o\000n\000e\000s\000\040\000d\000e\000\040\000o\000n\000d\000a\000s\000\040\000e\000n\000\040\000m\000e\000d\000i\000o\000s\000\040\000m\000a\000t\000e\000r\000i\000a\000l\000e\000s}{subsection.3.1}% 22
\BOOKMARK [3][-]{subsubsection.3.1.2}{\376\377\000E\000c\000u\000a\000c\000i\000o\000n\000e\000s\000\040\000d\000e\000\040\000o\000n\000d\000a\000s\000\040\000s\000i\000n\000\040\000f\000u\000e\000n\000t\000e\000s\000\040\000y\000\040\000s\000i\000n\000\040\000p\000\351\000r\000d\000i\000d\000a\000s}{subsection.3.1}% 23
\BOOKMARK [2][-]{subsection.3.2}{\376\377\000O\000n\000d\000a\000s\000\040\000p\000l\000a\000n\000a\000s}{section.3}% 24
\BOOKMARK [3][-]{subsubsection.3.2.1}{\376\377\000O\000n\000d\000a\000s\000\040\000t\000r\000a\000s\000v\000e\000r\000s\000a\000l\000e\000s}{subsection.3.2}% 25
\BOOKMARK [2][-]{subsection.3.3}{\376\377\000O\000n\000d\000a\000s\000\040\000m\000o\000n\000o\000c\000r\000o\000m\000\341\000t\000i\000c\000a\000s}{section.3}% 26
\BOOKMARK [3][-]{subsubsection.3.3.1}{\376\377\000O\000n\000d\000a\000s\000\040\000m\000o\000n\000o\000c\000r\000o\000m\000\341\000t\000i\000c\000a\000s\000\040\000e\000n\000\040\000m\000e\000d\000i\000o\000s\000\040\000n\000o\000\040\000d\000i\000s\000p\000e\000r\000s\000i\000v\000o\000s}{subsection.3.3}% 27
\BOOKMARK [3][-]{subsubsection.3.3.2}{\376\377\000O\000n\000d\000a\000s\000\040\000m\000o\000n\000o\000c\000r\000o\000m\000\341\000t\000i\000c\000a\000s\000\040\000e\000n\000\040\000m\000e\000d\000i\000o\000s\000\040\000d\000i\000s\000p\000e\000r\000s\000i\000v\000o\000s}{subsection.3.3}% 28
\BOOKMARK [2][-]{subsection.3.4}{\376\377\000P\000o\000l\000a\000r\000i\000z\000a\000c\000i\000\363\000n}{section.3}% 29
\BOOKMARK [2][-]{subsection.3.5}{\376\377\000O\000n\000d\000a\000s\000\040\000p\000l\000a\000n\000a\000s\000\040\000e\000n\000\040\000m\000e\000d\000i\000o\000s\000\040\000c\000o\000n\000d\000u\000c\000t\000o\000r\000e\000s}{section.3}% 30
\BOOKMARK [1][-]{section.4}{\376\377\000O\000n\000d\000a\000s\000\040\000e\000s\000f\000\351\000r\000i\000c\000a\000s\000\040}{}% 31
\BOOKMARK [2][-]{subsection.4.1}{\376\377\000P\000o\000t\000e\000n\000c\000i\000a\000l\000e\000s\000\040\000d\000e\000\040\000D\000e\000b\000y\000e}{section.4}% 32
\BOOKMARK [2][-]{subsection.4.2}{\376\377\000S\000o\000l\000u\000c\000i\000\363\000n\000\040\000d\000e\000\040\000l\000a\000\040\000e\000c\000u\000a\000c\000i\000\363\000n\000\040\000d\000e\000\040\000o\000n\000d\000a\000s\000\040\000e\000s\000f\000\351\000r\000i\000c\000a\000s}{section.4}% 33
\BOOKMARK [2][-]{subsection.4.3}{\376\377\000M\000u\000l\000t\000i\000p\000o\000l\000o\000s\000\040\000y\000\040\000m\000o\000d\000o\000s\000\040\000t\000r\000a\000n\000s\000v\000e\000r\000s\000a\000l\000e\000s}{section.4}% 34
\BOOKMARK [1][-]{section.5}{\376\377\000O\000n\000d\000a\000s\000\040\000p\000l\000a\000n\000a\000s\000\040\000e\000n\000\040\000m\000e\000d\000i\000o\000\040\000s\000e\000m\000i\000-\000i\000n\000f\000i\000n\000i\000t\000o\000s}{}% 35
\BOOKMARK [2][-]{subsection.5.1}{\376\377\000C\000o\000e\000f\000i\000c\000i\000e\000n\000t\000e\000s\000\040\000d\000e\000\040\000F\000r\000e\000s\000n\000e\000l}{section.5}% 36
\BOOKMARK [2][-]{subsection.5.2}{\376\377\000O\000n\000d\000a\000s\000\040\000e\000s\000t\000a\000c\000i\000o\000n\000a\000r\000i\000a\000s}{section.5}% 37
\BOOKMARK [2][-]{subsection.5.3}{\376\377\000I\000m\000p\000e\000d\000a\000n\000c\000i\000a\000\040\000s\000u\000p\000e\000r\000f\000i\000c\000i\000a\000l}{section.5}% 38
\BOOKMARK [1][-]{section.6}{\376\377\000O\000n\000d\000a\000s\000\040\000d\000e\000\040\000g\000u\000\355\000a}{}% 39
\BOOKMARK [2][-]{subsection.6.1}{\376\377\000C\000a\000m\000p\000o\000s\000\040\000e\000l\000e\000c\000t\000r\000o\000m\000a\000g\000n\000\351\000t\000i\000c\000o\000s\000\040\000e\000n\000\040\000l\000a\000\040\000s\000u\000p\000e\000r\000f\000i\000c\000i\000e\000\040\000d\000e\000\040\000u\000n\000\040\000c\000o\000n\000d\000u\000c\000t\000o\000r}{section.6}% 40
\BOOKMARK [3][-]{subsubsection.6.1.1}{\376\377\000C\000o\000n\000d\000u\000c\000t\000o\000r\000\040\000i\000d\000e\000a\000l}{subsection.6.1}% 41
\BOOKMARK [3][-]{subsubsection.6.1.2}{\376\377\000B\000u\000e\000n\000\040\000c\000o\000n\000d\000u\000c\000t\000o\000r}{subsection.6.1}% 42
\BOOKMARK [2][-]{subsection.6.2}{\376\377\000O\000n\000d\000a\000s\000\040\000d\000e\000\040\000g\000u\000\355\000a}{section.6}% 43
\BOOKMARK [1][-]{section.7}{\376\377\000R\000a\000d\000i\000a\000c\000i\000\363\000n}{}% 44
\BOOKMARK [2][-]{subsection.7.1}{\376\377\000P\000o\000t\000e\000n\000c\000i\000a\000l\000e\000s\000\040\000r\000e\000t\000a\000r\000d\000a\000d\000o\000s}{section.7}% 45
\BOOKMARK [2][-]{subsection.7.2}{\376\377\000O\000p\000e\000r\000a\000d\000o\000r\000\040\000t\000i\000e\000m\000p\000o\000\040\000r\000e\000m\000o\000t\000o}{section.7}% 46
\BOOKMARK [2][-]{subsection.7.3}{\376\377\000C\000a\000m\000p\000o\000s\000\040\000d\000e\000\040\000J\000e\000m\000i\000f\000e\000n\000k\000o}{section.7}% 47
\BOOKMARK [2][-]{subsection.7.4}{\376\377\000C\000a\000m\000p\000o\000s\000\040\000d\000e\000\040\000r\000a\000d\000i\000a\000c\000i\000\363\000n\000\040\000y\000\040\000p\000o\000t\000e\000n\000c\000i\000a}{section.7}% 48
\BOOKMARK [3][-]{subsubsection.7.4.1}{\376\377\000D\000i\000p\000o\000l\000o\000\040\000e\000l\000\351\000c\000t\000r\000i\000c\000o\000:}{subsection.7.4}% 49
\BOOKMARK [2][-]{subsection.7.5}{\376\377\000D\000e\000s\000a\000r\000r\000o\000l\000l\000o\000\040\000m\000u\000l\000t\000i\000p\000o\000l\000a\000r\000\040\000d\000e\000\040\000l\000a\000s\000\040\000f\000u\000e\000n\000t\000e\000s}{section.7}% 50
\BOOKMARK [2][-]{subsection.7.6}{\376\377\000P\000o\000t\000e\000n\000c\000i\000a\000l\000e\000s\000\040\000d\000e\000\040\000D\000e\000b\000y\000e}{section.7}% 51
\BOOKMARK [1][-]{section.8}{\376\377\000C\000a\000m\000p\000o\000s\000\040\000d\000e\000\040\000c\000a\000r\000g\000a\000s\000\040\000e\000n\000\040\000m\000o\000v\000i\000m\000i\000e\000n\000t\000o}{}% 52
\BOOKMARK [2][-]{subsection.8.1}{\376\377\000P\000o\000t\000e\000n\000c\000i\000a\000l\000e\000s\000\040\000d\000e\000\040\000L\000i\000e\000n\000a\000r\000d\000-\000W\000i\000e\000c\000h\000e\000r\000t}{section.8}% 53
\BOOKMARK [2][-]{subsection.8.2}{\376\377\000C\000a\000m\000p\000o\000s\000\040\000a\000\040\000v\000e\000l\000o\000c\000i\000d\000a\000d\000\040\000c\000o\000n\000s\000t\000a\000n\000t\000e}{section.8}% 54
\BOOKMARK [2][-]{subsection.8.3}{\376\377\000M\000o\000v\000i\000m\000i\000e\000n\000t\000o\000\040\000a\000r\000b\000i\000t\000r\000a\000r\000i\000o}{section.8}% 55
\BOOKMARK [2][-]{subsection.8.4}{\376\377\000C\000a\000m\000p\000o\000s\000\040\000d\000e\000\040\000r\000a\000d\000i\000a\000c\000i\000\363\000n}{section.8}% 56
\BOOKMARK [1][-]{section.9}{\376\377\000R\000e\000l\000a\000t\000i\000v\000i\000d\000a\000d\000\040\000e\000s\000p\000e\000c\000i\000a\000l\000\040\000y\000\040\000f\000o\000r\000m\000u\000l\000a\000c\000i\000\363\000n\000\040\000c\000o\000v\000a\000r\000i\000a\000n\000t\000e}{}% 57
\BOOKMARK [2][-]{subsection.9.1}{\376\377\000P\000o\000s\000t\000u\000l\000a\000d\000o\000s\000\040\000d\000e\000\040\000l\000a\000\040\000r\000e\000l\000a\000t\000i\000v\000i\000d\000a\000d\000\040\000e\000s\000p\000e\000c\000i\000a\000l}{section.9}% 58
\BOOKMARK [2][-]{subsection.9.2}{\376\377\000C\000o\000n\000s\000e\000c\000u\000e\000n\000c\000i\000a\000s\000\040\000d\000e\000\040\000l\000a\000s\000\040\000t\000r\000a\000n\000s\000f\000o\000r\000m\000a\000d\000a\000s}{section.9}% 59
\BOOKMARK [3][-]{subsubsection.9.2.1}{\376\377\000D\000i\000l\000a\000t\000a\000c\000i\000\363\000n\000\040\000t\000e\000m\000p\000o\000r\000a\000l}{subsection.9.2}% 60
\BOOKMARK [3][-]{subsubsection.9.2.2}{\376\377\000C\000o\000n\000t\000r\000a\000c\000c\000i\000\363\000n\000\040\000d\000e\000\040\000l\000o\000n\000g\000i\000t\000u\000d\000e\000s}{subsection.9.2}% 61
\BOOKMARK [2][-]{subsection.9.3}{\376\377\000T\000e\000n\000s\000o\000r\000e\000s}{section.9}% 62
\BOOKMARK [3][-]{subsubsection.9.3.1}{\376\377\000C\000u\000a\000d\000r\000i\000v\000e\000c\000t\000o\000r\000\040\000v\000e\000l\000o\000c\000i\000d\000a\000d}{subsection.9.3}% 63
\BOOKMARK [1][-]{section.10}{\376\377\000F\000o\000r\000m\000u\000l\000a\000c\000i\000\363\000n\000\040\000t\000e\000n\000s\000o\000r\000i\000a\000l\000\040\000d\000e\000l\000\040\000e\000l\000e\000c\000t\000r\000o\000m\000a\000g\000n\000e\000t\000i\000s\000m\000o}{}% 64
\BOOKMARK [2][-]{subsection.10.1}{\376\377\000C\000u\000a\000d\000r\000i\000v\000e\000c\000t\000o\000r\000\040\000d\000e\000n\000s\000i\000d\000a\000d\000\040\000d\000e\000\040\000c\000o\000r\000r\000i\000e\000n\000t\000e}{section.10}% 65
\BOOKMARK [2][-]{subsection.10.2}{\376\377\000T\000e\000n\000s\000o\000r\000\040\000d\000e\000l\000\040\000c\000a\000m\000p\000o\000\040\000e\000l\000e\000c\000t\000r\000o\000m\000a\000g\000n\000\351\000t\000i\000c\000a}{section.10}% 66
\BOOKMARK [2][-]{subsection.10.3}{\376\377\000F\000o\000r\000m\000u\000l\000a\000c\000i\000\363\000n\000\040\000c\000o\000v\000a\000r\000i\000a\000n\000t\000e\000\040\000a\000\040\000p\000a\000r\000t\000i\000r\000\040\000d\000e\000l\000\040\000p\000o\000t\000e\000n\000c\000i\000a\000l}{section.10}% 67
\BOOKMARK [2][-]{subsection.10.4}{\376\377\000P\000o\000t\000e\000n\000c\000i\000a\000l\000e\000s\000\040\000d\000e\000\040\000L\000i\000e\000n\000a\000r\000d\000\040\000W\000i\000e\000c\000h\000e\000r\000t}{section.10}% 68
\BOOKMARK [2][-]{subsection.10.5}{\376\377\000T\000r\000a\000s\000f\000o\000r\000m\000a\000c\000i\000o\000n\000e\000s\000\040\000d\000e\000\040\000l\000o\000s\000\040\000c\000a\000m\000p\000o\000s}{section.10}% 69
\BOOKMARK [3][-]{subsubsection.10.5.1}{\376\377\000T\000r\000a\000s\000f\000o\000r\000m\000a\000c\000i\000\363\000n\000\040\000d\000e\000\040\000l\000a\000s\000\040\000o\000n\000d\000a\000s\000\040\000p\000l\000a\000n\000a\000s}{subsection.10.5}% 70
\BOOKMARK [1][-]{section.11}{\376\377\000A\000n\000e\000x\000o}{}% 71
\BOOKMARK [2][-]{subsection.11.1}{\376\377\000O\000p\000e\000r\000a\000d\000o\000r\000e\000s\000\040\000t\000r\000a\000s\000v\000e\000r\000s\000a\000l\000e\000s\000\040}{section.11}% 72
