\BOOKMARK [1][-]{section.1}{\376\377\000O\000b\000j\000e\000t\000i\000v\000o\000s}{}% 1
\BOOKMARK [1][-]{section.2}{\376\377\000I\000n\000t\000r\000o\000d\000u\000c\000c\000i\000\363\000n\000\040\000t\000e\000\363\000r\000i\000c\000a}{}% 2
\BOOKMARK [2][-]{subsection.2.1}{\376\377\000M\000\351\000t\000o\000d\000o\000\040\0001\000:\000\040\000a\000p\000r\000o\000x\000i\000m\000a\000c\000i\000\363\000n\000\040\000a\000r\000b\000i\000t\000r\000a\000r\000i\000a}{section.2}% 3
\BOOKMARK [2][-]{subsection.2.2}{\376\377\000M\000\351\000t\000o\000d\000o\000\040\0002\000:\000\040\000p\000u\000n\000t\000o\000\040\000d\000e\000\040\000c\000o\000r\000t\000e}{section.2}% 4
\BOOKMARK [2][-]{subsection.2.3}{\376\377\000M\000\351\000t\000o\000d\000o\000\040\0003\000:\000\040\000e\000x\000p\000o\000n\000e\000n\000c\000i\000a\000l\000e\000s}{section.2}% 5
\BOOKMARK [1][-]{section.3}{\376\377\000O\000b\000t\000e\000n\000c\000i\000\363\000n\000\040\000d\000e\000\040\000V\0000}{}% 6
\BOOKMARK [2][-]{subsection.3.1}{\376\377\000M\000\351\000t\000o\000d\000o\000\040\0001}{section.3}% 7
\BOOKMARK [2][-]{subsection.3.2}{\376\377\000M\000\351\000t\000o\000d\000o\000\040\0002}{section.3}% 8
\BOOKMARK [2][-]{subsection.3.3}{\376\377\000M\000\351\000t\000o\000d\000o\000\040\0003}{section.3}% 9
\BOOKMARK [1][-]{section.4}{\376\377\000C\000o\000m\000p\000a\000r\000a\000c\000i\000\363\000n\000\040\000d\000e\000\040\000l\000a\000s\000\040\000p\000e\000n\000d\000i\000e\000n\000t\000e\000s}{}% 10
\BOOKMARK [1][-]{section.5}{\376\377\000D\000i\000s\000c\000u\000s\000i\000\363\000n\000\040\000d\000e\000\040\000r\000e\000s\000u\000l\000t\000a\000d\000o\000s\000\040\000y\000\040\000c\000o\000n\000c\000l\000u\000s\000i\000\363\000n}{}% 11
\BOOKMARK [2][-]{subsection.5.1}{\376\377\000E\000l\000i\000m\000i\000n\000a\000c\000i\000\363\000n\000\040\000d\000e\000l\000\040\000p\000r\000i\000m\000e\000r\000\040\000f\000i\000l\000t\000r\000o}{section.5}% 12
\BOOKMARK [2][-]{subsection.5.2}{\376\377\000M\000\351\000t\000o\000d\000o\000\040\0003\000:\000\040\000\277\000C\000\040\000o\000\040\000C\000-\0001\000/\000B\000?}{section.5}% 13
\BOOKMARK [2][-]{subsection.5.3}{\376\377\000D\000a\000t\000o\000s\000\040\000t\000e\000\363\000r\000i\000c\000o\000s\000\040\000v\000s\000\040\000d\000a\000t\000o\000s\000\040\000e\000x\000p\000e\000r\000i\000m\000e\000n\000t\000a\000l\000e\000s}{section.5}% 14
\BOOKMARK [1][-]{section.6}{\376\377\000G\000r\000\341\000f\000i\000c\000a\000s}{}% 15
\BOOKMARK [2][-]{subsection.6.1}{\376\377\000D\000a\000t\000o\000s\000\040\000e\000x\000p\000e\000r\000i\000m\000e\000n\000t\000a\000l\000e\000s}{section.6}% 16
\BOOKMARK [2][-]{subsection.6.2}{\376\377\000C\000u\000r\000v\000a\000s\000\040\000d\000e\000\040\000c\000o\000r\000t\000e}{section.6}% 17
\BOOKMARK [2][-]{subsection.6.3}{\376\377\000A\000p\000r\000o\000x\000i\000m\000a\000c\000i\000\363\000n\000\040\000e\000x\000p\000o\000n\000e\000n\000c\000i\000a\000l}{section.6}% 18
\BOOKMARK [2][-]{subsection.6.4}{\376\377\000P\000r\000i\000m\000e\000r\000\040\000m\000\351\000t\000o\000d\000o}{section.6}% 19
\BOOKMARK [2][-]{subsection.6.5}{\376\377\000S\000e\000g\000u\000n\000d\000o\000\040\000m\000\351\000t\000o\000d\000o}{section.6}% 20
\BOOKMARK [2][-]{subsection.6.6}{\376\377\000T\000e\000r\000c\000e\000r\000\040\000m\000\351\000t\000o\000d\000o}{section.6}% 21
\BOOKMARK [3][-]{subsubsection.6.6.1}{\376\377\000V\000e\000r\000s\000i\000\363\000n\000\040\000t\000r\000a\000d\000i\000c\000i\000o\000n\000a\000l}{subsection.6.6}% 22
\BOOKMARK [3][-]{subsubsection.6.6.2}{\376\377\000N\000u\000e\000v\000a\000\040\000v\000e\000r\000s\000i\000\363\000n}{subsection.6.6}% 23
\BOOKMARK [1][-]{section.7}{\376\377\000D\000a\000t\000o\000s}{}% 24
\BOOKMARK [2][-]{subsection.7.1}{\376\377\000P\000o\000t\000e\000n\000c\000i\000a\000l\000e\000s\000\040\000d\000e\000\040\000f\000r\000e\000n\000a\000d\000o}{section.7}% 25
\BOOKMARK [2][-]{subsection.7.2}{\376\377\000C\000o\000n\000s\000t\000a\000n\000t\000e\000s\000\040\000h\000,\000\040\0000\000\040\000y\000\040\000W\0000}{section.7}% 26
