This is pdfTeX, Version 3.141592653-2.6-1.40.25 (MiKTeX 24.1) (preloaded format=pdflatex 2024.5.13)  23 MAY 2024 19:17
entering extended mode
 restricted \write18 enabled.
 %&-line parsing enabled.
**./Optica_II-Apuntes.tex
(Optica_II-Apuntes.tex
LaTeX2e <2023-11-01> patch level 1
L3 programming layer <2024-01-04>
(C:\Users\danie\AppData\Local\Programs\MiKTeX\tex/latex/base\book.cls
Document Class: book 2023/05/17 v1.4n Standard LaTeX document class
(C:\Users\danie\AppData\Local\Programs\MiKTeX\tex/latex/base\bk12.clo
File: bk12.clo 2023/05/17 v1.4n Standard LaTeX file (size option)
)
\c@part=\count187
\c@chapter=\count188
\c@section=\count189
\c@subsection=\count190
\c@subsubsection=\count191
\c@paragraph=\count192
\c@subparagraph=\count193
\c@figure=\count194
\c@table=\count195
\abovecaptionskip=\skip48
\belowcaptionskip=\skip49
\bibindent=\dimen140
)
(C:\Users\danie\AppData\Local\Programs\MiKTeX\tex/latex/base\inputenc.sty
Package: inputenc 2021/02/14 v1.3d Input encoding file
\inpenc@prehook=\toks17
\inpenc@posthook=\toks18
)
(C:\Users\danie\AppData\Local\Programs\MiKTeX\tex/generic/babel\babel.sty
Package: babel 2024/01/07 v24.1 The Babel package
\babel@savecnt=\count196
\U@D=\dimen141
\l@unhyphenated=\language79

(C:\Users\danie\AppData\Local\Programs\MiKTeX\tex/generic/babel\txtbabel.def)
\bbl@readstream=\read2
\bbl@dirlevel=\count197

*************************************
* Local config file bblopts.cfg used
*
(C:\Users\danie\AppData\Local\Programs\MiKTeX\tex/latex/arabi\bblopts.cfg
File: bblopts.cfg 2005/09/08 v0.1 add Arabic and Farsi to "declared" options of
 babel
)
(C:\Users\danie\AppData\Local\Programs\MiKTeX\tex/latex/babel-spanish\spanish.l
df
Language: spanish.ldf 2021/05/27 v5.0q Spanish support from the babel system
\es@quottoks=\toks19
\es@quotdepth=\count198
Package babel Info: Making " an active character on input line 570.
Package babel Info: Making . an active character on input line 675.
Package babel Info: Making < an active character on input line 722.
Package babel Info: Making > an active character on input line 722.
))
(C:\Users\danie\AppData\Local\Programs\MiKTeX\tex/generic/babel/locale/es\babel
-spanish.tex
Package babel Info: Importing font and identification data for spanish
(babel)             from babel-es.ini. Reported on input line 11.
)
(C:\Users\danie\AppData\Local\Programs\MiKTeX\tex/latex/amsmath\amsmath.sty
Package: amsmath 2023/05/13 v2.17o AMS math features
\@mathmargin=\skip50

For additional information on amsmath, use the `?' option.
(C:\Users\danie\AppData\Local\Programs\MiKTeX\tex/latex/amsmath\amstext.sty
Package: amstext 2021/08/26 v2.01 AMS text

(C:\Users\danie\AppData\Local\Programs\MiKTeX\tex/latex/amsmath\amsgen.sty
File: amsgen.sty 1999/11/30 v2.0 generic functions
\@emptytoks=\toks20
\ex@=\dimen142
))
(C:\Users\danie\AppData\Local\Programs\MiKTeX\tex/latex/amsmath\amsbsy.sty
Package: amsbsy 1999/11/29 v1.2d Bold Symbols
\pmbraise@=\dimen143
)
(C:\Users\danie\AppData\Local\Programs\MiKTeX\tex/latex/amsmath\amsopn.sty
Package: amsopn 2022/04/08 v2.04 operator names
)
\inf@bad=\count199
LaTeX Info: Redefining \frac on input line 234.
\uproot@=\count266
\leftroot@=\count267
LaTeX Info: Redefining \overline on input line 399.
LaTeX Info: Redefining \colon on input line 410.
\classnum@=\count268
\DOTSCASE@=\count269
LaTeX Info: Redefining \ldots on input line 496.
LaTeX Info: Redefining \dots on input line 499.
LaTeX Info: Redefining \cdots on input line 620.
\Mathstrutbox@=\box51
\strutbox@=\box52
LaTeX Info: Redefining \big on input line 722.
LaTeX Info: Redefining \Big on input line 723.
LaTeX Info: Redefining \bigg on input line 724.
LaTeX Info: Redefining \Bigg on input line 725.
\big@size=\dimen144
LaTeX Font Info:    Redeclaring font encoding OML on input line 743.
LaTeX Font Info:    Redeclaring font encoding OMS on input line 744.
\macc@depth=\count270
LaTeX Info: Redefining \bmod on input line 905.
LaTeX Info: Redefining \pmod on input line 910.
LaTeX Info: Redefining \smash on input line 940.
LaTeX Info: Redefining \relbar on input line 970.
LaTeX Info: Redefining \Relbar on input line 971.
\c@MaxMatrixCols=\count271
\dotsspace@=\muskip16
\c@parentequation=\count272
\dspbrk@lvl=\count273
\tag@help=\toks21
\row@=\count274
\column@=\count275
\maxfields@=\count276
\andhelp@=\toks22
\eqnshift@=\dimen145
\alignsep@=\dimen146
\tagshift@=\dimen147
\tagwidth@=\dimen148
\totwidth@=\dimen149
\lineht@=\dimen150
\@envbody=\toks23
\multlinegap=\skip51
\multlinetaggap=\skip52
\mathdisplay@stack=\toks24
LaTeX Info: Redefining \[ on input line 2953.
LaTeX Info: Redefining \] on input line 2954.
)
(C:\Users\danie\AppData\Local\Programs\MiKTeX\tex/latex/amsfonts\amsfonts.sty
Package: amsfonts 2013/01/14 v3.01 Basic AMSFonts support
\symAMSa=\mathgroup4
\symAMSb=\mathgroup5
LaTeX Font Info:    Redeclaring math symbol \hbar on input line 98.
LaTeX Font Info:    Overwriting math alphabet `\mathfrak' in version `bold'
(Font)                  U/euf/m/n --> U/euf/b/n on input line 106.
)
(C:\Users\danie\AppData\Local\Programs\MiKTeX\tex/latex/amsfonts\amssymb.sty
Package: amssymb 2013/01/14 v3.01 AMS font symbols
)
(C:\Users\danie\AppData\Local\Programs\MiKTeX\tex/latex/amscls\amsthm.sty
Package: amsthm 2020/05/29 v2.20.6
\thm@style=\toks25
\thm@bodyfont=\toks26
\thm@headfont=\toks27
\thm@notefont=\toks28
\thm@headpunct=\toks29
\thm@preskip=\skip53
\thm@postskip=\skip54
\thm@headsep=\skip55
\dth@everypar=\toks30
)
(C:\Users\danie\AppData\Local\Programs\MiKTeX\tex/latex/graphics\graphicx.sty
Package: graphicx 2021/09/16 v1.2d Enhanced LaTeX Graphics (DPC,SPQR)

(C:\Users\danie\AppData\Local\Programs\MiKTeX\tex/latex/graphics\keyval.sty
Package: keyval 2022/05/29 v1.15 key=value parser (DPC)
\KV@toks@=\toks31
)
(C:\Users\danie\AppData\Local\Programs\MiKTeX\tex/latex/graphics\graphics.sty
Package: graphics 2022/03/10 v1.4e Standard LaTeX Graphics (DPC,SPQR)

(C:\Users\danie\AppData\Local\Programs\MiKTeX\tex/latex/graphics\trig.sty
Package: trig 2021/08/11 v1.11 sin cos tan (DPC)
)
(C:\Users\danie\AppData\Local\Programs\MiKTeX\tex/latex/graphics-cfg\graphics.c
fg
File: graphics.cfg 2016/06/04 v1.11 sample graphics configuration
)
Package graphics Info: Driver file: pdftex.def on input line 107.

(C:\Users\danie\AppData\Local\Programs\MiKTeX\tex/latex/graphics-def\pdftex.def
File: pdftex.def 2022/09/22 v1.2b Graphics/color driver for pdftex
))
\Gin@req@height=\dimen151
\Gin@req@width=\dimen152
)
(C:\Users\danie\AppData\Local\Programs\MiKTeX\tex/latex/hyperref\hyperref.sty
Package: hyperref 2023-11-26 v7.01g Hypertext links for LaTeX

(C:\Users\danie\AppData\Local\Programs\MiKTeX\tex/generic/iftex\iftex.sty
Package: iftex 2022/02/03 v1.0f TeX engine tests
)
(C:\Users\danie\AppData\Local\Programs\MiKTeX\tex/generic/infwarerr\infwarerr.s
ty
Package: infwarerr 2019/12/03 v1.5 Providing info/warning/error messages (HO)
)
(C:\Users\danie\AppData\Local\Programs\MiKTeX\tex/latex/kvsetkeys\kvsetkeys.sty
Package: kvsetkeys 2022-10-05 v1.19 Key value parser (HO)
)
(C:\Users\danie\AppData\Local\Programs\MiKTeX\tex/generic/kvdefinekeys\kvdefine
keys.sty
Package: kvdefinekeys 2019-12-19 v1.6 Define keys (HO)
)
(C:\Users\danie\AppData\Local\Programs\MiKTeX\tex/generic/pdfescape\pdfescape.s
ty
Package: pdfescape 2019/12/09 v1.15 Implements pdfTeX's escape features (HO)

(C:\Users\danie\AppData\Local\Programs\MiKTeX\tex/generic/ltxcmds\ltxcmds.sty
Package: ltxcmds 2023-12-04 v1.26 LaTeX kernel commands for general use (HO)
)
(C:\Users\danie\AppData\Local\Programs\MiKTeX\tex/generic/pdftexcmds\pdftexcmds
.sty
Package: pdftexcmds 2020-06-27 v0.33 Utility functions of pdfTeX for LuaTeX (HO
)
Package pdftexcmds Info: \pdf@primitive is available.
Package pdftexcmds Info: \pdf@ifprimitive is available.
Package pdftexcmds Info: \pdfdraftmode found.
))
(C:\Users\danie\AppData\Local\Programs\MiKTeX\tex/latex/hycolor\hycolor.sty
Package: hycolor 2020-01-27 v1.10 Color options for hyperref/bookmark (HO)
)
(C:\Users\danie\AppData\Local\Programs\MiKTeX\tex/latex/letltxmacro\letltxmacro
.sty
Package: letltxmacro 2019/12/03 v1.6 Let assignment for LaTeX macros (HO)
)
(C:\Users\danie\AppData\Local\Programs\MiKTeX\tex/latex/auxhook\auxhook.sty
Package: auxhook 2019-12-17 v1.6 Hooks for auxiliary files (HO)
)
(C:\Users\danie\AppData\Local\Programs\MiKTeX\tex/latex/hyperref\nameref.sty
Package: nameref 2023-11-26 v2.56 Cross-referencing by name of section

(C:\Users\danie\AppData\Local\Programs\MiKTeX\tex/latex/refcount\refcount.sty
Package: refcount 2019/12/15 v3.6 Data extraction from label references (HO)
)
(C:\Users\danie\AppData\Local\Programs\MiKTeX\tex/generic/gettitlestring\gettit
lestring.sty
Package: gettitlestring 2019/12/15 v1.6 Cleanup title references (HO)

(C:\Users\danie\AppData\Local\Programs\MiKTeX\tex/latex/kvoptions\kvoptions.sty
Package: kvoptions 2022-06-15 v3.15 Key value format for package options (HO)
))
\c@section@level=\count277
)
(C:\Users\danie\AppData\Local\Programs\MiKTeX\tex/latex/etoolbox\etoolbox.sty
Package: etoolbox 2020/10/05 v2.5k e-TeX tools for LaTeX (JAW)
\etb@tempcnta=\count278
)
\@linkdim=\dimen153
\Hy@linkcounter=\count279
\Hy@pagecounter=\count280

(C:\Users\danie\AppData\Local\Programs\MiKTeX\tex/latex/hyperref\pd1enc.def
File: pd1enc.def 2023-11-26 v7.01g Hyperref: PDFDocEncoding definition (HO)
Now handling font encoding PD1 ...
... no UTF-8 mapping file for font encoding PD1
)
(C:\Users\danie\AppData\Local\Programs\MiKTeX\tex/generic/intcalc\intcalc.sty
Package: intcalc 2019/12/15 v1.3 Expandable calculations with integers (HO)
)
\Hy@SavedSpaceFactor=\count281

(C:\Users\danie\AppData\Local\Programs\MiKTeX\tex/latex/hyperref\puenc.def
File: puenc.def 2023-11-26 v7.01g Hyperref: PDF Unicode definition (HO)
Now handling font encoding PU ...
... no UTF-8 mapping file for font encoding PU
)
Package hyperref Info: Option `colorlinks' set `true' on input line 4064.
Package hyperref Info: Hyper figures OFF on input line 4181.
Package hyperref Info: Link nesting OFF on input line 4186.
Package hyperref Info: Hyper index ON on input line 4189.
Package hyperref Info: Plain pages OFF on input line 4196.
Package hyperref Info: Backreferencing OFF on input line 4201.
Package hyperref Info: Implicit mode ON; LaTeX internals redefined.
Package hyperref Info: Bookmarks ON on input line 4448.
\c@Hy@tempcnt=\count282

(C:\Users\danie\AppData\Local\Programs\MiKTeX\tex/latex/url\url.sty
\Urlmuskip=\muskip17
Package: url 2013/09/16  ver 3.4  Verb mode for urls, etc.
)
LaTeX Info: Redefining \url on input line 4786.
\XeTeXLinkMargin=\dimen154

(C:\Users\danie\AppData\Local\Programs\MiKTeX\tex/generic/bitset\bitset.sty
Package: bitset 2019/12/09 v1.3 Handle bit-vector datatype (HO)

(C:\Users\danie\AppData\Local\Programs\MiKTeX\tex/generic/bigintcalc\bigintcalc
.sty
Package: bigintcalc 2019/12/15 v1.5 Expandable calculations on big integers (HO
)
))
\Fld@menulength=\count283
\Field@Width=\dimen155
\Fld@charsize=\dimen156
Package hyperref Info: Hyper figures OFF on input line 6065.
Package hyperref Info: Link nesting OFF on input line 6070.
Package hyperref Info: Hyper index ON on input line 6073.
Package hyperref Info: backreferencing OFF on input line 6080.
Package hyperref Info: Link coloring ON on input line 6083.
Package hyperref Info: Link coloring with OCG OFF on input line 6090.
Package hyperref Info: PDF/A mode OFF on input line 6095.

(C:\Users\danie\AppData\Local\Programs\MiKTeX\tex/latex/base\atbegshi-ltx.sty
Package: atbegshi-ltx 2021/01/10 v1.0c Emulation of the original atbegshi
package with kernel methods
)
\Hy@abspage=\count284
\c@Item=\count285
\c@Hfootnote=\count286
)
Package hyperref Info: Driver (autodetected): hpdftex.
(C:\Users\danie\AppData\Local\Programs\MiKTeX\tex/latex/hyperref\hpdftex.def
File: hpdftex.def 2023-11-26 v7.01g Hyperref driver for pdfTeX

(C:\Users\danie\AppData\Local\Programs\MiKTeX\tex/latex/base\atveryend-ltx.sty
Package: atveryend-ltx 2020/08/19 v1.0a Emulation of the original atveryend pac
kage
with kernel methods
)
\Fld@listcount=\count287
\c@bookmark@seq@number=\count288

(C:\Users\danie\AppData\Local\Programs\MiKTeX\tex/latex/rerunfilecheck\rerunfil
echeck.sty
Package: rerunfilecheck 2022-07-10 v1.10 Rerun checks for auxiliary files (HO)

(C:\Users\danie\AppData\Local\Programs\MiKTeX\tex/generic/uniquecounter\uniquec
ounter.sty
Package: uniquecounter 2019/12/15 v1.4 Provide unlimited unique counter (HO)
)
Package uniquecounter Info: New unique counter `rerunfilecheck' on input line 2
85.
)
\Hy@SectionHShift=\skip56
)
(C:\Users\danie\AppData\Local\Programs\MiKTeX\tex/latex/fancybox\fancybox.sty
Package: fancybox 2010/05/15 1.4

Style option: `fancybox' v1.4 <2010/05/15> (tvz)
\@fancybox=\box53
\shadowsize=\dimen157
\@Sbox=\box54
\do@VerbBox=\toks32
\the@fancyput=\toks33
\this@fancyput=\toks34
\EndVerbatimTokens=\toks35
\Verbatim@Outfile=\write3
\Verbatim@Infile=\read3
)
(C:\Users\danie\AppData\Local\Programs\MiKTeX\tex/latex/caption\subcaption.sty
Package: subcaption 2023/07/28 v1.6b Sub-captions (AR)

(C:\Users\danie\AppData\Local\Programs\MiKTeX\tex/latex/caption\caption.sty
Package: caption 2023/08/05 v3.6o Customizing captions (AR)

(C:\Users\danie\AppData\Local\Programs\MiKTeX\tex/latex/caption\caption3.sty
Package: caption3 2023/07/31 v2.4d caption3 kernel (AR)
\caption@tempdima=\dimen158
\captionmargin=\dimen159
\caption@leftmargin=\dimen160
\caption@rightmargin=\dimen161
\caption@width=\dimen162
\caption@indent=\dimen163
\caption@parindent=\dimen164
\caption@hangindent=\dimen165
Package caption Info: Standard document class detected.
)
\c@caption@flags=\count289
\c@continuedfloat=\count290
Package caption Info: hyperref package is loaded.
)
Package caption Info: New subtype `subfigure' on input line 238.
\c@subfigure=\count291
Package caption Info: New subtype `subtable' on input line 238.
\c@subtable=\count292
) (C:\Users\danie\AppData\Local\Programs\MiKTeX\tex/latex/geometry\geometry.sty
Package: geometry 2020/01/02 v5.9 Page Geometry

(C:\Users\danie\AppData\Local\Programs\MiKTeX\tex/generic/iftex\ifvtex.sty
Package: ifvtex 2019/10/25 v1.7 ifvtex legacy package. Use iftex instead.
)
\Gm@cnth=\count293
\Gm@cntv=\count294
\c@Gm@tempcnt=\count295
\Gm@bindingoffset=\dimen166
\Gm@wd@mp=\dimen167
\Gm@odd@mp=\dimen168
\Gm@even@mp=\dimen169
\Gm@layoutwidth=\dimen170
\Gm@layoutheight=\dimen171
\Gm@layouthoffset=\dimen172
\Gm@layoutvoffset=\dimen173
\Gm@dimlist=\toks36

(C:\Users\danie\AppData\Local\Programs\MiKTeX\tex/latex/geometry\geometry.cfg))
\c@theorem=\count296
\c@principio=\count297
\c@definition=\count298

(C:\Users\danie\AppData\Local\Programs\MiKTeX\tex/latex/l3backend\l3backend-pdf
tex.def
File: l3backend-pdftex.def 2024-01-04 L3 backend support: PDF output (pdfTeX)
\l__color_backend_stack_int=\count299
\l__pdf_internal_box=\box55
) (Optica_II-Apuntes.aux
LaTeX Info: Redefining \. on input line 11.
LaTeX Info: Redefining \% on input line 11.


LaTeX Warning: Label `Ec:01.09.1-Gauss' multiply defined.

)
\openout1 = `Optica_II-Apuntes.aux'.

LaTeX Font Info:    Checking defaults for OML/cmm/m/it on input line 103.
LaTeX Font Info:    ... okay on input line 103.
LaTeX Font Info:    Checking defaults for OMS/cmsy/m/n on input line 103.
LaTeX Font Info:    ... okay on input line 103.
LaTeX Font Info:    Checking defaults for OT1/cmr/m/n on input line 103.
LaTeX Font Info:    ... okay on input line 103.
LaTeX Font Info:    Checking defaults for T1/cmr/m/n on input line 103.
LaTeX Font Info:    ... okay on input line 103.
LaTeX Font Info:    Checking defaults for TS1/cmr/m/n on input line 103.
LaTeX Font Info:    ... okay on input line 103.
LaTeX Font Info:    Checking defaults for OMX/cmex/m/n on input line 103.
LaTeX Font Info:    ... okay on input line 103.
LaTeX Font Info:    Checking defaults for U/cmr/m/n on input line 103.
LaTeX Font Info:    ... okay on input line 103.
LaTeX Font Info:    Checking defaults for PD1/pdf/m/n on input line 103.
LaTeX Font Info:    ... okay on input line 103.
LaTeX Font Info:    Checking defaults for PU/pdf/m/n on input line 103.
LaTeX Font Info:    ... okay on input line 103.
LaTeX Info: Redefining \. on input line 103.
LaTeX Info: Redefining \% on input line 103.

(C:\Users\danie\AppData\Local\Programs\MiKTeX\tex/context/base/mkii\supp-pdf.mk
ii
[Loading MPS to PDF converter (version 2006.09.02).]
\scratchcounter=\count300
\scratchdimen=\dimen174
\scratchbox=\box56
\nofMPsegments=\count301
\nofMParguments=\count302
\everyMPshowfont=\toks37
\MPscratchCnt=\count303
\MPscratchDim=\dimen175
\MPnumerator=\count304
\makeMPintoPDFobject=\count305
\everyMPtoPDFconversion=\toks38
)
(C:\Users\danie\AppData\Local\Programs\MiKTeX\tex/latex/epstopdf-pkg\epstopdf-b
ase.sty
Package: epstopdf-base 2020-01-24 v2.11 Base part for package epstopdf
Package epstopdf-base Info: Redefining graphics rule for `.eps' on input line 4
85.

(C:\Users\danie\AppData\Local\Programs\MiKTeX\tex/latex/00miktex\epstopdf-sys.c
fg
File: epstopdf-sys.cfg 2021/03/18 v2.0 Configuration of epstopdf for MiKTeX
)) (C:\Users\danie\AppData\Local\Programs\MiKTeX\tex/latex/graphics\color.sty
Package: color 2022/01/06 v1.3d Standard LaTeX Color (DPC)
(C:\Users\danie\AppData\Local\Programs\MiKTeX\tex/latex/graphics-cfg\color.cfg
File: color.cfg 2016/01/02 v1.6 sample color configuration
)
Package color Info: Driver file: pdftex.def on input line 149.
(C:\Users\danie\AppData\Local\Programs\MiKTeX\tex/latex/graphics\mathcolor.ltx)
)
Package hyperref Info: Link coloring ON on input line 103.
 (Optica_II-Apuntes.out) (Optica_II-Apuntes.out)
\@outlinefile=\write4
\openout4 = `Optica_II-Apuntes.out'.

Package caption Info: Begin \AtBeginDocument code.
Package caption Info: End \AtBeginDocument code.

*geometry* driver: auto-detecting
*geometry* detected driver: pdftex
*geometry* verbose mode - [ preamble ] result:
* driver: pdftex
* paper: a4paper
* layout: <same size as paper>
* layoutoffset:(h,v)=(0.0pt,0.0pt)
* modes: twoside 
* h-part:(L,W,R)=(64.01869pt, 476.58368pt, 56.9055pt)
* v-part:(T,H,B)=(113.81102pt, 674.33032pt, 56.9055pt)
* \paperwidth=597.50787pt
* \paperheight=845.04684pt
* \textwidth=476.58368pt
* \textheight=674.33032pt
* \oddsidemargin=-8.2513pt
* \evensidemargin=-15.36449pt
* \topmargin=9.66724pt
* \headheight=12.0pt
* \headsep=19.8738pt
* \topskip=12.0pt
* \footskip=30.0pt
* \marginparwidth=88.0pt
* \marginparsep=7.0pt
* \columnsep=10.0pt
* \skip\footins=10.8pt plus 4.0pt minus 2.0pt
* \hoffset=0.0pt
* \voffset=0.0pt
* \mag=1000
* \@twocolumnfalse
* \@twosidetrue
* \@mparswitchtrue
* \@reversemarginfalse
* (1in=72.27pt=25.4mm, 1cm=28.453pt)

LaTeX Font Info:    Trying to load font information for U+msa on input line 106
.
(C:\Users\danie\AppData\Local\Programs\MiKTeX\tex/latex/amsfonts\umsa.fd
File: umsa.fd 2013/01/14 v3.01 AMS symbols A
)
LaTeX Font Info:    Trying to load font information for U+msb on input line 106
.

(C:\Users\danie\AppData\Local\Programs\MiKTeX\tex/latex/amsfonts\umsb.fd
File: umsb.fd 2013/01/14 v3.01 AMS symbols B
)
[1


{C:/Users/danie/AppData/Local/MiKTeX/fonts/map/pdftex/pdftex.map}] [2

]
(Optica_II-Apuntes.toc
LaTeX Info: Redefining \. on input line 1.
LaTeX Info: Redefining \% on input line 1.
 [3]
LaTeX Info: Redefining \. on input line 83.
LaTeX Info: Redefining \% on input line 83.
 [4]
LaTeX Info: Redefining \. on input line 131.
LaTeX Info: Redefining \% on input line 131.
 [5])
\tf@toc=\write5
\openout5 = `Optica_II-Apuntes.toc'.

LaTeX Info: Redefining \. on input line 111.
LaTeX Info: Redefining \% on input line 111.
 [6]
Cap\'{\i }tulo 1.
[7

]
Underfull \hbox (badness 10000) in paragraph at lines 148--149

 []

LaTeX Info: Redefining \. on input line 179.
LaTeX Info: Redefining \% on input line 179.
[8]
LaTeX Info: Redefining \. on input line 217.
LaTeX Info: Redefining \% on input line 217.
 [9]
LaTeX Info: Redefining \. on input line 255.
LaTeX Info: Redefining \% on input line 255.
 [10]
Underfull \hbox (badness 10000) in paragraph at lines 263--264

 []


Underfull \hbox (badness 10000) in paragraph at lines 274--276

 []

<Imagenes/01-Onda_Paraxial.pdf, id=758, 362.51886pt x 246.43254pt>
File: Imagenes/01-Onda_Paraxial.pdf Graphic file (type pdf)
<use Imagenes/01-Onda_Paraxial.pdf>
Package pdftex.def Info: Imagenes/01-Onda_Paraxial.pdf  used on input line 280.

(pdftex.def)             Requested size: 290.01547pt x 197.14629pt.

LaTeX Warning: `!h' float specifier changed to `!ht'.

LaTeX Info: Redefining \. on input line 288.
LaTeX Info: Redefining \% on input line 288.
[11]
LaTeX Info: Redefining \. on input line 310.
LaTeX Info: Redefining \% on input line 310.
 [12 <./Imagenes/01-Onda_Paraxial.pdf>]
LaTeX Info: Redefining \. on input line 358.
LaTeX Info: Redefining \% on input line 358.
 [13]
Underfull \hbox (badness 10000) in paragraph at lines 375--377

 []

LaTeX Info: Redefining \. on input line 393.
LaTeX Info: Redefining \% on input line 393.
[14]
Underfull \hbox (badness 10000) in paragraph at lines 396--398

 []


Underfull \hbox (badness 10000) in paragraph at lines 413--414

 []

LaTeX Info: Redefining \. on input line 424.
LaTeX Info: Redefining \% on input line 424.
[15]
Underfull \hbox (badness 10000) in paragraph at lines 433--435

 []

LaTeX Info: Redefining \. on input line 474.
LaTeX Info: Redefining \% on input line 474.
[16]
Underfull \hbox (badness 10000) in paragraph at lines 506--507

 []

LaTeX Info: Redefining \. on input line 526.
LaTeX Info: Redefining \% on input line 526.
[17]
Underfull \hbox (badness 10000) in paragraph at lines 531--533

 []


Underfull \hbox (badness 10000) in paragraph at lines 534--535

 []


LaTeX Warning: Command \guillemotright invalid in math mode on input line 566.

LaTeX Info: Redefining \. on input line 575.
LaTeX Info: Redefining \% on input line 575.
[18]
LaTeX Info: Redefining \. on input line 583.
LaTeX Info: Redefining \% on input line 583.
 [19]
LaTeX Info: Redefining \. on input line 585.
LaTeX Info: Redefining \% on input line 585.
 [20

]
Cap\'{\i }tulo 2.

Underfull \hbox (badness 10000) in paragraph at lines 591--593

 []


Underfull \hbox (badness 10000) in paragraph at lines 603--605

 []

[21]
Underfull \hbox (badness 10000) in paragraph at lines 615--617

 []

<Imagenes/02-Achura_espectral.pdf, id=872, 433.62pt x 289.08pt>
File: Imagenes/02-Achura_espectral.pdf Graphic file (type pdf)
<use Imagenes/02-Achura_espectral.pdf>
Package pdftex.def Info: Imagenes/02-Achura_espectral.pdf  used on input line 6
23.
(pdftex.def)             Requested size: 346.89647pt x 231.2643pt.
LaTeX Info: Redefining \. on input line 640.
LaTeX Info: Redefining \% on input line 640.
[22 <./Imagenes/02-Achura_espectral.pdf>]
Underfull \hbox (badness 10000) in paragraph at lines 674--675

 []

LaTeX Info: Redefining \. on input line 677.
LaTeX Info: Redefining \% on input line 677.
[23]
Underfull \hbox (badness 10000) in paragraph at lines 680--682

 []


Underfull \hbox (badness 10000) in paragraph at lines 687--689

 []


Underfull \hbox (badness 10000) in paragraph at lines 692--693

 []


Underfull \hbox (badness 10000) in paragraph at lines 698--699

 []

LaTeX Info: Redefining \. on input line 699.
LaTeX Info: Redefining \% on input line 699.
[24]

LaTeX Warning: Reference `Ec:2.04-1' on page 25 undefined on input line 709.

LaTeX Info: Redefining \. on input line 734.
LaTeX Info: Redefining \% on input line 734.
[25]
LaTeX Info: Redefining \. on input line 780.
LaTeX Info: Redefining \% on input line 780.
 [26]
Underfull \hbox (badness 10000) in paragraph at lines 800--801

 []

<Imagenes/02-Young.pdf, id=938, 1927.2pt x 1750.54pt>
File: Imagenes/02-Young.pdf Graphic file (type pdf)
<use Imagenes/02-Young.pdf>
Package pdftex.def Info: Imagenes/02-Young.pdf  used on input line 803.
(pdftex.def)             Requested size: 192.7313pt x 175.06425pt.

LaTeX Warning: `!h' float specifier changed to `!ht'.


Underfull \hbox (badness 10000) in paragraph at lines 807--808

 []

LaTeX Info: Redefining \. on input line 808.
LaTeX Info: Redefining \% on input line 808.
[27]
LaTeX Info: Redefining \. on input line 834.
LaTeX Info: Redefining \% on input line 834.
 [28 <./Imagenes/02-Young.pdf>]
Underfull \hbox (badness 10000) in paragraph at lines 843--844

 []


Underfull \hbox (badness 10000) in paragraph at lines 861--862

 []


Underfull \hbox (badness 10000) in paragraph at lines 864--865

 []

LaTeX Info: Redefining \. on input line 877.
LaTeX Info: Redefining \% on input line 877.
[29]
Underfull \hbox (badness 10000) in paragraph at lines 880--881

 []


Underfull \hbox (badness 10000) in paragraph at lines 882--883

 []


Underfull \hbox (badness 10000) in paragraph at lines 899--900

 []


Underfull \hbox (badness 10000) in paragraph at lines 904--905

 []


Underfull \hbox (badness 10000) in paragraph at lines 906--907

 []

LaTeX Info: Redefining \. on input line 915.
LaTeX Info: Redefining \% on input line 915.
[30]
Underfull \hbox (badness 10000) in paragraph at lines 932--934

 []


Underfull \hbox (badness 10000) in paragraph at lines 937--938

 []

LaTeX Info: Redefining \. on input line 956.
LaTeX Info: Redefining \% on input line 956.
[31]
Underfull \hbox (badness 10000) in paragraph at lines 979--981

 []

LaTeX Info: Redefining \. on input line 1001.
LaTeX Info: Redefining \% on input line 1001.
[32]
Underfull \hbox (badness 10000) in paragraph at lines 1010--1011

 []


Underfull \hbox (badness 10000) in paragraph at lines 1012--1013

 []

LaTeX Info: Redefining \. on input line 1035.
LaTeX Info: Redefining \% on input line 1035.
[33]
LaTeX Info: Redefining \. on input line 1076.
LaTeX Info: Redefining \% on input line 1076.
 [34]
LaTeX Info: Redefining \. on input line 1101.
LaTeX Info: Redefining \% on input line 1101.
 [35]
LaTeX Info: Redefining \. on input line 1116.
LaTeX Info: Redefining \% on input line 1116.
 [36]
Cap\'{\i }tulo 3.
<Imagenes/03-Division_simple.png, id=1023, 752.8125pt x 547.54562pt>
File: Imagenes/03-Division_simple.png Graphic file (type png)
<use Imagenes/03-Division_simple.png>
Package pdftex.def Info: Imagenes/03-Division_simple.png  used on input line 11
31.
(pdftex.def)             Requested size: 301.11966pt x 219.01436pt.

LaTeX Warning: `!h' float specifier changed to `!ht'.


Underfull \hbox (badness 10000) in paragraph at lines 1136--1137

 []

[37

]
<Imagenes/03-Division_simple-2.png, id=1032, 821.56938pt x 589.20125pt>
File: Imagenes/03-Division_simple-2.png Graphic file (type png)
<use Imagenes/03-Division_simple-2.png>
Package pdftex.def Info: Imagenes/03-Division_simple-2.png  used on input line 
1155.
(pdftex.def)             Requested size: 328.62193pt x 235.67632pt.


LaTeX Warning: `!h' float specifier changed to `!ht'.


Underfull \hbox (badness 10000) in paragraph at lines 1160--1161

 []


Underfull \hbox (badness 10000) in paragraph at lines 1166--1168

 []

LaTeX Info: Redefining \. on input line 1168.
LaTeX Info: Redefining \% on input line 1168.
[38 <./Imagenes/03-Division_simple.png>]

LaTeX Warning: Command \guillemotleft invalid in math mode on input line 1175.


Underfull \hbox (badness 10000) in paragraph at lines 1181--1182

 []


LaTeX Warning: Command \guillemotright invalid in math mode on input line 1183.


LaTeX Info: Redefining \. on input line 1185.
LaTeX Info: Redefining \% on input line 1185.
[39 <./Imagenes/03-Division_simple-2.png>]

LaTeX Warning: Command \guillemotright invalid in math mode on input line 1188.



Underfull \hbox (badness 10000) in paragraph at lines 1197--1199

 []


Underfull \hbox (badness 10000) in paragraph at lines 1208--1210

 []

LaTeX Info: Redefining \. on input line 1219.
LaTeX Info: Redefining \% on input line 1219.
[40]
<Imagenes/03-Division_simple-3.png, id=1062, 748.29562pt x 333.245pt>
File: Imagenes/03-Division_simple-3.png Graphic file (type png)
<use Imagenes/03-Division_simple-3.png>
Package pdftex.def Info: Imagenes/03-Division_simple-3.png  used on input line 
1239.
(pdftex.def)             Requested size: 299.31294pt x 133.29562pt.


LaTeX Warning: Command \guillemotleft invalid in math mode on input line 1252.

LaTeX Info: Redefining \. on input line 1253.
LaTeX Info: Redefining \% on input line 1253.
[41 <./Imagenes/03-Division_simple-3.png>]
LaTeX Info: Redefining \. on input line 1281.
LaTeX Info: Redefining \% on input line 1281.
 [42]
LaTeX Info: Redefining \. on input line 1321.
LaTeX Info: Redefining \% on input line 1321.
 [43]
Underfull \hbox (badness 10000) in paragraph at lines 1333--1334

 []


Underfull \hbox (badness 10000) in paragraph at lines 1336--1337

 []

<Imagenes/Interferometro_michelson.pdf, id=1094, 1021.8175pt x 1063.975pt>
File: Imagenes/Interferometro_michelson.pdf Graphic file (type pdf)
<use Imagenes/Interferometro_michelson.pdf>
Package pdftex.def Info: Imagenes/Interferometro_michelson.pdf  used on input l
ine 1361.
(pdftex.def)             Requested size: 275.89441pt x 287.27708pt.

LaTeX Warning: `!h' float specifier changed to `!ht'.


Overfull \hbox (0.30394pt too wide) in paragraph at lines 1371--1372
[]\OT1/cmr/m/n/12 Sea un in-ter-fer^^Some-tro de Mi-chel-son don-de los pun-tos
 de la fuet-ne ex-ten-sa casi-monocrom^^Sati-
 []

LaTeX Info: Redefining \. on input line 1372.
LaTeX Info: Redefining \% on input line 1372.
[44]
<Imagenes/03-Division_simple-4.png, id=1108, 340.77313pt x 307.64937pt>
File: Imagenes/03-Division_simple-4.png Graphic file (type png)
<use Imagenes/03-Division_simple-4.png>
Package pdftex.def Info: Imagenes/03-Division_simple-4.png  used on input line 
1389.
(pdftex.def)             Requested size: 238.53955pt x 215.35307pt.


LaTeX Warning: `!h' float specifier changed to `!ht'.

LaTeX Info: Redefining \. on input line 1397.
LaTeX Info: Redefining \% on input line 1397.
[45 <./Imagenes/Interferometro_michelson.pdf>]
Underfull \hbox (badness 10000) in paragraph at lines 1410--1411

 []

LaTeX Info: Redefining \. on input line 1414.
LaTeX Info: Redefining \% on input line 1414.
[46 <./Imagenes/03-Division_simple-4.png>]

LaTeX Warning: Command \guillemotleft invalid in math mode on input line 1436.


LaTeX Warning: Command \guillemotleft invalid in math mode on input line 1441.

LaTeX Info: Redefining \. on input line 1451.
LaTeX Info: Redefining \% on input line 1451.
[47]
Underfull \hbox (badness 10000) in paragraph at lines 1460--1461

 []

LaTeX Info: Redefining \. on input line 1491.
LaTeX Info: Redefining \% on input line 1491.
[48]
<Imagenes/03-Match_Zehnder.png, id=1146, 829.59938pt x 504.38437pt>
File: Imagenes/03-Match_Zehnder.png Graphic file (type png)
<use Imagenes/03-Match_Zehnder.png>
Package pdftex.def Info: Imagenes/03-Match_Zehnder.png  used on input line 1499
.
(pdftex.def)             Requested size: 223.99483pt x 136.1856pt.
LaTeX Info: Redefining \. on input line 1519.
LaTeX Info: Redefining \% on input line 1519.
 [49 <./Imagenes/03-Match_Zehnder.png>]
Underfull \hbox (badness 10000) in paragraph at lines 1532--1534

 []


Underfull \hbox (badness 10000) in paragraph at lines 1552--1553

 []

LaTeX Info: Redefining \. on input line 1568.
LaTeX Info: Redefining \% on input line 1568.
[50]
Underfull \hbox (badness 10000) in paragraph at lines 1576--1577

 []


LaTeX Warning: Command \guillemotright invalid in math mode on input line 1586.



Overfull \hbox (1.31401pt too wide) in paragraph at lines 1608--1608
[]\OT1/cmr/bx/n/17.28 Introducci^^Son b^^Sasi-ca a la in-ter-fe-ren-cia ^^Sopti
co-cu^^Santi-
 []

LaTeX Info: Redefining \. on input line 1612.
LaTeX Info: Redefining \% on input line 1612.
[51]
Underfull \hbox (badness 10000) in paragraph at lines 1620--1622

 []


Underfull \hbox (badness 10000) in paragraph at lines 1645--1647

 []

LaTeX Info: Redefining \. on input line 1647.
LaTeX Info: Redefining \% on input line 1647.
[52]
Underfull \hbox (badness 10000) in paragraph at lines 1686--1688

 []


Underfull \hbox (badness 10000) in paragraph at lines 1689--1690

 []

LaTeX Info: Redefining \. on input line 1690.
LaTeX Info: Redefining \% on input line 1690.
[53]
LaTeX Info: Redefining \. on input line 1708.
LaTeX Info: Redefining \% on input line 1708.
 [54]
Cap\'{\i }tulo 4.

Underfull \hbox (badness 10000) in paragraph at lines 1716--1717

 []


Underfull \hbox (badness 10000) in paragraph at lines 1718--1719

 []


LaTeX Warning: Command \guillemotleft invalid in math mode on input line 1724.


Underfull \hbox (badness 10000) in paragraph at lines 1724--1725

 []

<Imagenes/04-DMA.png, id=1205, 1101.61563pt x 576.65437pt>
File: Imagenes/04-DMA.png Graphic file (type png)
<use Imagenes/04-DMA.png>
Package pdftex.def Info: Imagenes/04-DMA.png  used on input line 1727.
(pdftex.def)             Requested size: 330.48724pt x 172.99763pt.
[55

]
LaTeX Info: Redefining \. on input line 1763.
LaTeX Info: Redefining \% on input line 1763.
 [56 <./Imagenes/04-DMA.png>]

LaTeX Warning: Command \guillemotleft invalid in math mode on input line 1797.


LaTeX Warning: Command \guillemotright invalid in math mode on input line 1801.


LaTeX Info: Redefining \. on input line 1802.
LaTeX Info: Redefining \% on input line 1802.
[57]
<Imagenes/04-Fabry-Perot.png, id=1232, 839.135pt x 653.94313pt>
File: Imagenes/04-Fabry-Perot.png Graphic file (type png)
<use Imagenes/04-Fabry-Perot.png>
Package pdftex.def Info: Imagenes/04-Fabry-Perot.png  used on input line 1804.
(pdftex.def)             Requested size: 251.74243pt x 196.18445pt.
LaTeX Info: Redefining \. on input line 1836.
LaTeX Info: Redefining \% on input line 1836.
 [58 <./Imagenes/04-Fabry-Perot.png>]
<Imagenes/04-Ir.pdf, id=1246, 433.62pt x 289.08pt>
File: Imagenes/04-Ir.pdf Graphic file (type pdf)
<use Imagenes/04-Ir.pdf>
Package pdftex.def Info: Imagenes/04-Ir.pdf  used on input line 1843.
(pdftex.def)             Requested size: 216.80946pt x 144.53964pt.

Overfull \hbox (2.34827pt too wide) in paragraph at lines 1843--1844
 [][] 
 []

<Imagenes/04-It.pdf, id=1247, 433.62pt x 289.08pt>
File: Imagenes/04-It.pdf Graphic file (type pdf)
<use Imagenes/04-It.pdf>
Package pdftex.def Info: Imagenes/04-It.pdf  used on input line 1846.
(pdftex.def)             Requested size: 216.80946pt x 144.53964pt.

Overfull \hbox (2.34827pt too wide) in paragraph at lines 1846--1847
 [][] 
 []

<Imagenes/04-Fabry_Perot_It-F15.pdf, id=1248, 433.62pt x 289.08pt>
File: Imagenes/04-Fabry_Perot_It-F15.pdf Graphic file (type pdf)
<use Imagenes/04-Fabry_Perot_It-F15.pdf>
Package pdftex.def Info: Imagenes/04-Fabry_Perot_It-F15.pdf  used on input line
 1854.
(pdftex.def)             Requested size: 216.80946pt x 144.53964pt.

Overfull \hbox (2.34827pt too wide) in paragraph at lines 1854--1855
 [][] 
 []

<Imagenes/04-Fabry_Perot_It-F360.pdf, id=1249, 433.62pt x 289.08pt>
File: Imagenes/04-Fabry_Perot_It-F360.pdf Graphic file (type pdf)
<use Imagenes/04-Fabry_Perot_It-F360.pdf>
Package pdftex.def Info: Imagenes/04-Fabry_Perot_It-F360.pdf  used on input lin
e 1858.
(pdftex.def)             Requested size: 216.80946pt x 144.53964pt.

Overfull \hbox (2.34827pt too wide) in paragraph at lines 1858--1859
 [][] 
 []

LaTeX Info: Redefining \. on input line 1870.
LaTeX Info: Redefining \% on input line 1870.
[59 <./Imagenes/04-Ir.pdf> <./Imagenes/04-It.pdf> <./Imagenes/04-Fabry_Perot_It
-F15.pdf> <./Imagenes/04-Fabry_Perot_It-F360.pdf>]
Underfull \hbox (badness 10000) in paragraph at lines 1891--1892

 []

LaTeX Info: Redefining \. on input line 1904.
LaTeX Info: Redefining \% on input line 1904.
[60]

LaTeX Warning: Command \guillemotleft invalid in math mode on input line 1910.

LaTeX Info: Redefining \. on input line 1944.
LaTeX Info: Redefining \% on input line 1944.
[61]
Underfull \hbox (badness 10000) in paragraph at lines 1949--1951

 []


Underfull \hbox (badness 10000) in paragraph at lines 1952--1953

 []


Underfull \hbox (badness 10000) in paragraph at lines 1958--1959

 []

<Imagenes/04-Emision_estimulada.png, id=1357, 515.42563pt x 224.84pt>
File: Imagenes/04-Emision_estimulada.png Graphic file (type png)
<use Imagenes/04-Emision_estimulada.png>
Package pdftex.def Info: Imagenes/04-Emision_estimulada.png  used on input line
 1961.
(pdftex.def)             Requested size: 309.25775pt x 134.90503pt.

Underfull \hbox (badness 10000) in paragraph at lines 1968--1969

 []

LaTeX Info: Redefining \. on input line 1969.
LaTeX Info: Redefining \% on input line 1969.
[62 <./Imagenes/04-Emision_estimulada.png>]
<Imagenes/04-Multicapas.png, id=1367, 814.54312pt x 615.80063pt>
File: Imagenes/04-Multicapas.png Graphic file (type png)
<use Imagenes/04-Multicapas.png>
Package pdftex.def Info: Imagenes/04-Multicapas.png  used on input line 1989.
(pdftex.def)             Requested size: 285.09436pt x 215.53345pt.
LaTeX Info: Redefining \. on input line 1995.
LaTeX Info: Redefining \% on input line 1995.
 [63 <./Imagenes/04-Multicapas.png>]
LaTeX Info: Redefining \. on input line 2073.
LaTeX Info: Redefining \% on input line 2073.
[64]
Underfull \hbox (badness 10000) in paragraph at lines 2076--2078

 []

LaTeX Info: Redefining \. on input line 2138.
LaTeX Info: Redefining \% on input line 2138.
[65]
LaTeX Info: Redefining \. on input line 2161.
LaTeX Info: Redefining \% on input line 2161.
 [66]
Cap\'{\i }tulo 5.

Underfull \hbox (badness 10000) in paragraph at lines 2169--2170

 []

[67

]
Underfull \hbox (badness 10000) in paragraph at lines 2191--2193

 []


Underfull \hbox (badness 10000) in paragraph at lines 2196--2197

 []


Underfull \hbox (badness 10000) in paragraph at lines 2198--2199

 []


Underfull \hbox (badness 10000) in paragraph at lines 2200--2201

 []


Underfull \hbox (badness 10000) in paragraph at lines 2204--2205

 []

LaTeX Info: Redefining \. on input line 2205.
LaTeX Info: Redefining \% on input line 2205.
[68]
Underfull \hbox (badness 10000) in paragraph at lines 2206--2207

 []


Underfull \hbox (badness 10000) in paragraph at lines 2217--2218

 []

LaTeX Info: Redefining \. on input line 2219.
LaTeX Info: Redefining \% on input line 2219.
[69]
Underfull \hbox (badness 10000) in paragraph at lines 2219--2220

 []


Underfull \hbox (badness 10000) in paragraph at lines 2229--2231

 []

<Imagenes/05-HFY2.png, id=1425, 732.23563pt x 200.75pt>
File: Imagenes/05-HFY2.png Graphic file (type png)
<use Imagenes/05-HFY2.png>
Package pdftex.def Info: Imagenes/05-HFY2.png  used on input line 2234.
(pdftex.def)             Requested size: 439.34477pt x 120.45091pt.
LaTeX Info: Redefining \. on input line 2240.
LaTeX Info: Redefining \% on input line 2240.
[70 <./Imagenes/05-HFY2.png>]
Underfull \hbox (badness 10000) in paragraph at lines 2244--2245

 []


Underfull \hbox (badness 10000) in paragraph at lines 2258--2259

 []

LaTeX Info: Redefining \. on input line 2261.
LaTeX Info: Redefining \% on input line 2261.
[71]
Underfull \hbox (badness 10000) in paragraph at lines 2270--2271

 []

<Imagenes/05-Difraccion-1.png, id=1438, 779.41188pt x 418.06187pt>
File: Imagenes/05-Difraccion-1.png Graphic file (type png)
<use Imagenes/05-Difraccion-1.png>
Package pdftex.def Info: Imagenes/05-Difraccion-1.png  used on input line 2274.

(pdftex.def)             Requested size: 467.65074pt x 250.83905pt.
LaTeX Info: Redefining \. on input line 2281.
LaTeX Info: Redefining \% on input line 2281.
[72 <./Imagenes/05-Difraccion-1.png>]
Underfull \hbox (badness 10000) in paragraph at lines 2283--2285

 []


Underfull \hbox (badness 10000) in paragraph at lines 2293--2294

 []

LaTeX Info: Redefining \. on input line 2324.
LaTeX Info: Redefining \% on input line 2324.
[73]
LaTeX Info: Redefining \. on input line 2366.
LaTeX Info: Redefining \% on input line 2366.
 [74]
LaTeX Info: Redefining \. on input line 2401.
LaTeX Info: Redefining \% on input line 2401.
 [75]
Underfull \hbox (badness 10000) in paragraph at lines 2417--2419

 []

<Imagenes/05-Babinet.png, id=1478, 635.37375pt x 439.6425pt>
File: Imagenes/05-Babinet.png Graphic file (type png)
<use Imagenes/05-Babinet.png>
Package pdftex.def Info: Imagenes/05-Babinet.png  used on input line 2428.
(pdftex.def)             Requested size: 190.61359pt x 131.89375pt.

LaTeX Warning: `!h' float specifier changed to `!ht'.

LaTeX Info: Redefining \. on input line 2441.
LaTeX Info: Redefining \% on input line 2441.
[76]
LaTeX Info: Redefining \. on input line 2465.
LaTeX Info: Redefining \% on input line 2465.
 [77 <./Imagenes/05-Babinet.png>]
Underfull \hbox (badness 10000) in paragraph at lines 2487--2488

 []

LaTeX Info: Redefining \. on input line 2496.
LaTeX Info: Redefining \% on input line 2496.
[78]
LaTeX Info: Redefining \. on input line 2497.
LaTeX Info: Redefining \% on input line 2497.
 [79]
LaTeX Info: Redefining \. on input line 2497.
LaTeX Info: Redefining \% on input line 2497.
 [80

]
Cap\'{\i }tulo 6.

Underfull \hbox (badness 10000) in paragraph at lines 2499--2500

 []


Underfull \hbox (badness 10000) in paragraph at lines 2504--2505

 []


Underfull \hbox (badness 10000) in paragraph at lines 2516--2518

 []

[81]
Underfull \hbox (badness 10000) in paragraph at lines 2534--2536

 []

<Imagenes/06-Cilindricas.png, id=1523, 448.67625pt x 487.8225pt>
File: Imagenes/06-Cilindricas.png Graphic file (type png)
<use Imagenes/06-Cilindricas.png>
Package pdftex.def Info: Imagenes/06-Cilindricas.png  used on input line 2539.
(pdftex.def)             Requested size: 224.33757pt x 243.91064pt.
LaTeX Info: Redefining \. on input line 2554.
LaTeX Info: Redefining \% on input line 2554.
[82 <./Imagenes/06-Cilindricas.png>]
Underfull \hbox (badness 10000) in paragraph at lines 2563--2564

 []

LaTeX Info: Redefining \. on input line 2600.
LaTeX Info: Redefining \% on input line 2600.
[83]
<Imagenes/06-Semiinfinito.png, id=1547, 2577.63pt x 1824.8175pt>
File: Imagenes/06-Semiinfinito.png Graphic file (type png)
<use Imagenes/06-Semiinfinito.png>
Package pdftex.def Info: Imagenes/06-Semiinfinito.png  used on input line 2614.

(pdftex.def)             Requested size: 257.7781pt x 182.49243pt.
<Imagenes/06-Circular.png, id=1548, 886.31125pt x 432.11438pt>
File: Imagenes/06-Circular.png Graphic file (type png)
<use Imagenes/06-Circular.png>
Package pdftex.def Info: Imagenes/06-Circular.png  used on input line 2625.
(pdftex.def)             Requested size: 443.15454pt x 216.05666pt.


LaTeX Warning: `!h' float specifier changed to `!ht'.

LaTeX Info: Redefining \. on input line 2633.
LaTeX Info: Redefining \% on input line 2633.
[84 <./Imagenes/06-Semiinfinito.png>]
Underfull \hbox (badness 10000) in paragraph at lines 2650--2651

 []


Underfull \hbox (badness 10000) in paragraph at lines 2652--2653

 []

LaTeX Info: Redefining \. on input line 2653.
LaTeX Info: Redefining \% on input line 2653.
[85 <./Imagenes/06-Circular.png>]
<Imagenes/06-Fresnel.png, id=1566, 962.59625pt x 529.98pt>
File: Imagenes/06-Fresnel.png Graphic file (type png)
<use Imagenes/06-Fresnel.png>
Package pdftex.def Info: Imagenes/06-Fresnel.png  used on input line 2656.
(pdftex.def)             Requested size: 250.26912pt x 137.79153pt.

Underfull \hbox (badness 10000) in paragraph at lines 2661--2662

 []

<Imagenes/06-Grafico.png, id=1567, 1103.62312pt x 512.41437pt>
File: Imagenes/06-Grafico.png Graphic file (type png)
<use Imagenes/06-Grafico.png>
Package pdftex.def Info: Imagenes/06-Grafico.png  used on input line 2665.
(pdftex.def)             Requested size: 297.98222pt x 138.35373pt.

Underfull \hbox (badness 10000) in paragraph at lines 2670--2671

 []

LaTeX Info: Redefining \. on input line 2672.
LaTeX Info: Redefining \% on input line 2672.
[86 <./Imagenes/06-Fresnel.png> <./Imagenes/06-Grafico.png>]
Underfull \hbox (badness 10000) in paragraph at lines 2672--2673

 []

<Imagenes/06-Semiperiodicas.png, id=1577, 887.315pt x 627.84563pt>
File: Imagenes/06-Semiperiodicas.png Graphic file (type png)
<use Imagenes/06-Semiperiodicas.png>
Package pdftex.def Info: Imagenes/06-Semiperiodicas.png  used on input line 267
9.
(pdftex.def)             Requested size: 248.4465pt x 175.79556pt.
LaTeX Info: Redefining \. on input line 2691.
LaTeX Info: Redefining \% on input line 2691.
[87 <./Imagenes/06-Semiperiodicas.png>]
LaTeX Info: Redefining \. on input line 2733.
LaTeX Info: Redefining \% on input line 2733.
 [88]
<Imagenes/06-Focoprimario.png, id=1594, 989.6975pt x 661.47125pt>
File: Imagenes/06-Focoprimario.png Graphic file (type png)
<use Imagenes/06-Focoprimario.png>
Package pdftex.def Info: Imagenes/06-Focoprimario.png  used on input line 2745.

(pdftex.def)             Requested size: 247.42377pt x 165.3674pt.
<Imagenes/06-Focosecundario.png, id=1595, 562.1pt x 363.85938pt>
File: Imagenes/06-Focosecundario.png Graphic file (type png)
<use Imagenes/06-Focosecundario.png>
Package pdftex.def Info: Imagenes/06-Focosecundario.png  used on input line 275
4.
(pdftex.def)             Requested size: 224.83601pt x 145.54117pt.
LaTeX Info: Redefining \. on input line 2760.
LaTeX Info: Redefining \% on input line 2760.
 [89 <./Imagenes/06-Focoprimario.png> <./Imagenes/06-Focosecundario.png>]

LaTeX Warning: Reference `Fig:06.3-3' on page 90 undefined on input line 2771.

<Imagenes/06-Placazonal.png, id=1608, 2183.15625pt x 1012.78375pt>
File: Imagenes/06-Placazonal.png Graphic file (type png)
<use Imagenes/06-Placazonal.png>
Package pdftex.def Info: Imagenes/06-Placazonal.png  used on input line 2775.
(pdftex.def)             Requested size: 436.62352pt x 202.55316pt.
<Imagenes/06-Placazonal2D.png, id=1609, 2642.87375pt x 1384.17125pt>
File: Imagenes/06-Placazonal2D.png Graphic file (type png)
<use Imagenes/06-Placazonal2D.png>
Package pdftex.def Info: Imagenes/06-Placazonal2D.png  used on input line 2784.

(pdftex.def)             Requested size: 396.41396pt x 207.61673pt.

LaTeX Warning: `!h' float specifier changed to `!ht'.

LaTeX Info: Redefining \. on input line 2806.
LaTeX Info: Redefining \% on input line 2806.
[90 <./Imagenes/06-Placazonal.png>]
LaTeX Info: Redefining \. on input line 2839.
LaTeX Info: Redefining \% on input line 2839.
 [91 <./Imagenes/06-Placazonal2D.png>]
LaTeX Info: Redefining \. on input line 2890.
LaTeX Info: Redefining \% on input line 2890.

[92]
Underfull \hbox (badness 10000) in paragraph at lines 2897--2898

 []


Underfull \hbox (badness 10000) in paragraph at lines 2899--2900

 []


Underfull \hbox (badness 10000) in paragraph at lines 2929--2930

 []

LaTeX Info: Redefining \. on input line 2930.
LaTeX Info: Redefining \% on input line 2930.
[93]
LaTeX Info: Redefining \. on input line 2933.
LaTeX Info: Redefining \% on input line 2933.
 [94]
Cap\'{\i }tulo 7.

Underfull \hbox (badness 10000) in paragraph at lines 2936--2937

 []

[95

]
<Imagenes/07-Extremos.png, id=1669, 765.35938pt x 551.05875pt>
File: Imagenes/07-Extremos.png Graphic file (type png)
<use Imagenes/07-Extremos.png>
Package pdftex.def Info: Imagenes/07-Extremos.png  used on input line 3010.
(pdftex.def)             Requested size: 267.87979pt x 192.87344pt.


LaTeX Warning: `!h' float specifier changed to `!ht'.

LaTeX Info: Redefining \. on input line 3019.
LaTeX Info: Redefining \% on input line 3019.
[96]
LaTeX Info: Redefining \. on input line 3047.
LaTeX Info: Redefining \% on input line 3047.
 [97 <./Imagenes/07-Extremos.png>]
<Imagenes/07-Airy.png, id=1693, 753.31438pt x 487.32062pt>
File: Imagenes/07-Airy.png Graphic file (type png)
<use Imagenes/07-Airy.png>
Package pdftex.def Info: Imagenes/07-Airy.png  used on input line 3050.
(pdftex.def)             Requested size: 225.99605pt x 146.19731pt.
LaTeX Info: Redefining \. on input line 3076.
LaTeX Info: Redefining \% on input line 3076.
 [98 <./Imagenes/07-Airy.png>]

LaTeX Warning: Reference `Chapter:2' on page 99 undefined on input line 3095.

<Imagenes/07-Redesdifraccion.png, id=1705, 589.20125pt x 605.26125pt>
File: Imagenes/07-Redesdifraccion.png Graphic file (type png)
<use Imagenes/07-Redesdifraccion.png>
Package pdftex.def Info: Imagenes/07-Redesdifraccion.png  used on input line 31
00.
(pdftex.def)             Requested size: 206.22351pt x 211.8446pt.
LaTeX Info: Redefining \. on input line 3111.
LaTeX Info: Redefining \% on input line 3111.
[99 <./Imagenes/07-Redesdifraccion.png>]
<Imagenes/07-Doblerendija.png, id=1716, 728.7225pt x 464.73625pt>
File: Imagenes/07-Doblerendija.png Graphic file (type png)
<use Imagenes/07-Doblerendija.png>
Package pdftex.def Info: Imagenes/07-Doblerendija.png  used on input line 3120.

(pdftex.def)             Requested size: 255.05669pt x 162.66011pt.
<Imagenes/07-Redesdifraccion2.png, id=1717, 2379.89125pt x 1107.13625pt>
File: Imagenes/07-Redesdifraccion2.png Graphic file (type png)
<use Imagenes/07-Redesdifraccion2.png>
Package pdftex.def Info: Imagenes/07-Redesdifraccion2.png  used on input line 3
131.
(pdftex.def)             Requested size: 475.96982pt x 221.42332pt.
LaTeX Info: Redefining \. on input line 3142.
LaTeX Info: Redefining \% on input line 3142.
 [100 <./Imagenes/07-Doblerendija.png> <./Imagenes/07-Redesdifraccion2.png>]
<Imagenes/07-Multiplesrendijas.png, id=1729, 863.225pt x 263.48438pt>
File: Imagenes/07-Multiplesrendijas.png Graphic file (type png)
<use Imagenes/07-Multiplesrendijas.png>
Package pdftex.def Info: Imagenes/07-Multiplesrendijas.png  used on input line 
3159.
(pdftex.def)             Requested size: 172.64194pt x 52.69594pt.
LaTeX Info: Redefining \. on input line 3198.
LaTeX Info: Redefining \% on input line 3198.
 [101 <./Imagenes/07-Multiplesrendijas.png>]
LaTeX Info: Redefining \. on input line 3198.
LaTeX Info: Redefining \% on input line 3198.
 [102

] [103] (Optica_II-Apuntes.aux
LaTeX Info: Redefining \. on input line 11.
LaTeX Info: Redefining \% on input line 11.
)
 ***********
LaTeX2e <2023-11-01> patch level 1
L3 programming layer <2024-01-04>
 ***********


LaTeX Warning: There were undefined references.


LaTeX Warning: There were multiply-defined labels.


Package rerunfilecheck Warning: File `Optica_II-Apuntes.out' has changed.
(rerunfilecheck)                Rerun to get outlines right
(rerunfilecheck)                or use package `bookmark'.

Package rerunfilecheck Info: Checksums for `Optica_II-Apuntes.out':
(rerunfilecheck)             Before: BBEB72A741C2A30FCCFAC3D79ACC654C;29419
(rerunfilecheck)             After:  505212B5928F345D283E7344C8ABAF52;29414.
 ) 
Here is how much of TeX's memory you used:
 14633 strings out of 474486
 237375 string characters out of 5743755
 1945542 words of memory out of 5000000
 36097 multiletter control sequences out of 15000+600000
 574004 words of font info for 94 fonts, out of 8000000 for 9000
 1141 hyphenation exceptions out of 8191
 75i,13n,79p,1799b,808s stack positions out of 10000i,1000n,20000p,200000b,200000s
 <C:\Users\danie\AppData\Local\MiKTeX\fonts/pk/ljfour/jknappen/ec/dpi600\tcrm
1200.pk><C:/Users/danie/AppData/Local/Programs/MiKTeX/fonts/type1/public/amsfon
ts/cm/cmbsy10.pfb><C:/Users/danie/AppData/Local/Programs/MiKTeX/fonts/type1/pub
lic/amsfonts/cm/cmbx12.pfb><C:/Users/danie/AppData/Local/Programs/MiKTeX/fonts/
type1/public/amsfonts/cm/cmbx6.pfb><C:/Users/danie/AppData/Local/Programs/MiKTe
X/fonts/type1/public/amsfonts/cm/cmbx8.pfb><C:/Users/danie/AppData/Local/Progra
ms/MiKTeX/fonts/type1/public/amsfonts/cm/cmex10.pfb><C:/Users/danie/AppData/Loc
al/Programs/MiKTeX/fonts/type1/public/amsfonts/cmextra/cmex8.pfb><C:/Users/dani
e/AppData/Local/Programs/MiKTeX/fonts/type1/public/amsfonts/cm/cmmi10.pfb><C:/U
sers/danie/AppData/Local/Programs/MiKTeX/fonts/type1/public/amsfonts/cm/cmmi12.
pfb><C:/Users/danie/AppData/Local/Programs/MiKTeX/fonts/type1/public/amsfonts/c
m/cmmi6.pfb><C:/Users/danie/AppData/Local/Programs/MiKTeX/fonts/type1/public/am
sfonts/cm/cmmi8.pfb><C:/Users/danie/AppData/Local/Programs/MiKTeX/fonts/type1/p
ublic/amsfonts/cm/cmr10.pfb><C:/Users/danie/AppData/Local/Programs/MiKTeX/fonts
/type1/public/amsfonts/cm/cmr12.pfb><C:/Users/danie/AppData/Local/Programs/MiKT
eX/fonts/type1/public/amsfonts/cm/cmr17.pfb><C:/Users/danie/AppData/Local/Progr
ams/MiKTeX/fonts/type1/public/amsfonts/cm/cmr6.pfb><C:/Users/danie/AppData/Loca
l/Programs/MiKTeX/fonts/type1/public/amsfonts/cm/cmr8.pfb><C:/Users/danie/AppDa
ta/Local/Programs/MiKTeX/fonts/type1/public/amsfonts/cm/cmsl12.pfb><C:/Users/da
nie/AppData/Local/Programs/MiKTeX/fonts/type1/public/amsfonts/cm/cmss12.pfb><C:
/Users/danie/AppData/Local/Programs/MiKTeX/fonts/type1/public/amsfonts/cm/cmsy1
0.pfb><C:/Users/danie/AppData/Local/Programs/MiKTeX/fonts/type1/public/amsfonts
/cm/cmsy6.pfb><C:/Users/danie/AppData/Local/Programs/MiKTeX/fonts/type1/public/
amsfonts/cm/cmsy8.pfb><C:/Users/danie/AppData/Local/Programs/MiKTeX/fonts/type1
/public/amsfonts/cm/cmti12.pfb><C:/Users/danie/AppData/Local/Programs/MiKTeX/fo
nts/type1/public/amsfonts/symbols/msam10.pfb><C:/Users/danie/AppData/Local/Prog
rams/MiKTeX/fonts/type1/public/amsfonts/symbols/msbm10.pfb>
Output written on Optica_II-Apuntes.pdf (103 pages, 12299569 bytes).
PDF statistics:
 1988 PDF objects out of 2073 (max. 8388607)
 645 named destinations out of 1000 (max. 500000)
 1261 words of extra memory for PDF output out of 10000 (max. 10000000)

