\BOOKMARK [0][-]{chapter.1}{\376\377\000O\000n\000d\000a\000s\000\040\000y\000\040\000d\000i\000s\000c\000o\000n\000t\000i\000n\000u\000i\000d\000a\000d\000e\000s\000\040\000p\000a\000r\000a\000x\000i\000a\000l\000e\000s}{}% 1
\BOOKMARK [1][-]{section.1.1}{\376\377\000F\000u\000n\000d\000a\000m\000e\000n\000t\000o\000s\000\040\000d\000e\000\040\000l\000a\000s\000\040\000o\000n\000d\000a\000s\000\040\000l\000o\000c\000a\000l\000m\000e\000n\000t\000e\000\040\000p\000l\000a\000n\000a\000s}{chapter.1}% 2
\BOOKMARK [2][-]{subsection.1.1.1}{\376\377\000O\000n\000d\000a\000s\000\040\000p\000l\000a\000n\000a\000s}{section.1.1}% 3
\BOOKMARK [2][-]{subsection.1.1.2}{\376\377\000O\000n\000d\000a\000s\000\040\000l\000o\000c\000a\000l\000m\000e\000n\000t\000e\000\040\000p\000l\000a\000n\000a\000s}{section.1.1}% 4
\BOOKMARK [1][-]{section.1.2}{\376\377\000S\000o\000l\000u\000c\000i\000\363\000n\000\040\000E\000i\000k\000o\000n\000a\000l\000\040\000d\000e\000\040\000o\000n\000d\000a\000s\000\040\000l\000o\000c\000a\000l\000m\000e\000n\000t\000e\000\040\000p\000l\000a\000n\000a\000s}{chapter.1}% 5
\BOOKMARK [2][-]{subsection.1.2.1}{\376\377\000E\000c\000u\000a\000c\000i\000\363\000n\000\040\000E\000i\000k\000o\000n\000a\000l}{section.1.2}% 6
\BOOKMARK [2][-]{subsection.1.2.2}{\376\377\000V\000e\000c\000t\000o\000r\000\040\000d\000e\000\040\000P\000o\000y\000t\000i\000n\000g}{section.1.2}% 7
\BOOKMARK [2][-]{subsection.1.2.3}{\376\377\000A\000m\000p\000l\000i\000t\000u\000d\000\040\000d\000e\000\040\000l\000a\000s\000\040\000o\000n\000d\000a\000s\000\040\000l\000o\000c\000a\000l\000e\000n\000t\000e\000\040\000p\000l\000a\000n\000a\000s}{section.1.2}% 8
\BOOKMARK [2][-]{subsection.1.2.4}{\376\377\000S\000o\000l\000u\000c\000i\000\363\000n\000\040\000E\000i\000k\000o\000n\000a\000l}{section.1.2}% 9
\BOOKMARK [1][-]{section.1.3}{\376\377\000F\000l\000u\000j\000o\000\040\000d\000e\000\040\000e\000n\000e\000r\000g\000\355\000a\000\040\000y\000\040\000r\000a\000y\000o\000s\000\040\000d\000e\000\040\000l\000u\000z}{chapter.1}% 10
\BOOKMARK [1][-]{section.1.4}{\376\377\000O\000n\000d\000a\000s\000\040\000n\000o\000\040\000p\000l\000a\000n\000a\000s\000\040\000b\000\341\000s\000i\000c\000a\000s}{chapter.1}% 11
\BOOKMARK [2][-]{subsection.1.4.1}{\376\377\000O\000n\000d\000a\000s\000\040\000e\000s\000f\000\351\000r\000i\000c\000a\000s}{section.1.4}% 12
\BOOKMARK [2][-]{subsection.1.4.2}{\376\377\000O\000n\000d\000a\000s\000\040\000c\000i\000l\000\355\000n\000d\000r\000i\000c\000a\000s}{section.1.4}% 13
\BOOKMARK [1][-]{section.1.5}{\376\377\000P\000o\000l\000a\000r\000i\000z\000a\000c\000i\000\363\000n\000\040\000l\000o\000c\000a\000l}{chapter.1}% 14
\BOOKMARK [1][-]{section.1.6}{\376\377\000I\000n\000t\000r\000o\000d\000u\000c\000c\000i\000\363\000n\000\040\000a\000\040\000l\000a\000s\000\040\000o\000n\000d\000a\000s\000\040\000p\000a\000r\000a\000x\000i\000a\000l\000e\000s}{chapter.1}% 15
\BOOKMARK [1][-]{section.1.7}{\376\377\000O\000n\000d\000a\000s\000\040\000p\000a\000r\000a\000x\000i\000a\000l\000e\000s\000\040\000y\000\040\000d\000i\000s\000c\000o\000n\000t\000i\000n\000u\000i\000d\000a\000d\000e\000s}{chapter.1}% 16
\BOOKMARK [1][-]{section.1.8}{\376\377\000D\000i\000s\000c\000o\000n\000t\000i\000n\000u\000i\000d\000a\000d\000e\000s\000\040\000\363\000p\000t\000i\000c\000a\000s\000\040\000p\000l\000a\000n\000a\000s}{chapter.1}% 17
\BOOKMARK [1][-]{section.1.9}{\376\377\000O\000n\000d\000a\000s\000\040\000e\000s\000f\000e\000r\000i\000c\000a\000s\000\040\000g\000a\000u\000s\000s\000i\000a\000n\000a\000s}{chapter.1}% 18
\BOOKMARK [2][-]{subsection.1.9.1}{\376\377\000O\000n\000d\000a\000\040\000g\000a\000u\000s\000s\000i\000a\000n\000a}{section.1.9}% 19
\BOOKMARK [2][-]{subsection.1.9.2}{\376\377\000I\000n\000t\000e\000n\000s\000i\000d\000a\000d\000\040\000d\000e\000\040\000u\000n\000a\000\040\000o\000n\000d\000a\000\040\000g\000a\000u\000s\000s\000i\000a\000n\000a}{section.1.9}% 20
\BOOKMARK [1][-]{section.1.10}{\376\377\000O\000n\000d\000a\000s\000\040\000d\000e\000\040\000H\000e\000r\000m\000i\000t\000e\000-\000G\000a\000u\000s\000s}{chapter.1}% 21
\BOOKMARK [1][-]{section.1.11}{\376\377\000D\000i\000s\000c\000o\000n\000t\000i\000n\000u\000i\000d\000a\000d\000e\000s\000\040\000p\000a\000r\000a\000x\000i\000a\000l\000e\000s\000\040\000n\000o\000\040\000p\000l\000a\000n\000a\000s}{chapter.1}% 22
\BOOKMARK [1][-]{section.1.12}{\376\377\000F\000u\000n\000c\000i\000\363\000n\000\040\000d\000e\000\040\000t\000r\000a\000s\000m\000i\000s\000i\000\363\000n}{chapter.1}% 23
\BOOKMARK [1][-]{section.1.13}{\376\377\000T\000r\000a\000s\000m\000i\000s\000i\000\363\000n\000\040\000e\000n\000\040\000e\000l\000e\000m\000e\000n\000t\000o\000s\000\040\000\363\000p\000t\000i\000c\000o\000s\000\040\000d\000e\000l\000g\000a\000d\000o\000s}{chapter.1}% 24
\BOOKMARK [1][-]{section.1.14}{\376\377\000D\000i\000s\000c\000o\000n\000t\000i\000n\000u\000i\000d\000a\000d\000e\000s\000\040\000r\000e\000f\000l\000e\000j\000a\000n\000t\000e\000s\000\040\000s\000i\000m\000p\000l\000e\000s}{chapter.1}% 25
\BOOKMARK [0][-]{chapter.2}{\376\377\000I\000n\000t\000e\000r\000f\000e\000r\000e\000n\000c\000i\000a\000\040\000y\000\040\000C\000o\000h\000e\000r\000e\000n\000c\000i\000a}{}% 26
\BOOKMARK [1][-]{section.2.1}{\376\377\000I\000n\000t\000r\000o\000d\000u\000c\000c\000i\000\363\000n}{chapter.2}% 27
\BOOKMARK [1][-]{section.2.2}{\376\377\000P\000u\000l\000s\000o\000s\000\040\000d\000e\000\040\000l\000u\000z}{chapter.2}% 28
\BOOKMARK [2][-]{subsection.2.2.1}{\376\377\000M\000e\000d\000i\000o\000s\000\040\000p\000o\000c\000o\000\040\000d\000i\000s\000p\000e\000r\000s\000i\000v\000o\000s}{section.2.2}% 29
\BOOKMARK [2][-]{subsection.2.2.2}{\376\377\000A\000n\000c\000h\000u\000r\000a\000\040\000e\000s\000p\000e\000c\000t\000r\000a\000l}{section.2.2}% 30
\BOOKMARK [1][-]{section.2.3}{\376\377\000C\000o\000h\000e\000r\000e\000n\000c\000i\000a\000\040\000\323\000p\000t\000i\000c\000a}{chapter.2}% 31
\BOOKMARK [2][-]{subsection.2.3.1}{\376\377\000F\000u\000n\000c\000i\000\363\000n\000\040\000d\000e\000\040\000c\000o\000h\000e\000r\000e\000n\000c\000i\000a}{section.2.3}% 32
\BOOKMARK [2][-]{subsection.2.3.2}{\376\377\000C\000o\000h\000e\000r\000e\000n\000c\000i\000a\000\040\000t\000e\000m\000p\000o\000r\000a\000l}{section.2.3}% 33
\BOOKMARK [2][-]{subsection.2.3.3}{\376\377\000C\000o\000h\000e\000r\000e\000n\000c\000i\000a\000\040\000e\000s\000p\000a\000c\000i\000a\000l}{section.2.3}% 34
\BOOKMARK [1][-]{section.2.4}{\376\377\000E\000s\000t\000a\000d\000\355\000s\000t\000i\000c\000a\000\040\000e\000q\000u\000i\000p\000r\000o\000b\000a\000b\000l\000e}{chapter.2}% 35
\BOOKMARK [1][-]{section.2.5}{\376\377\000T\000e\000o\000r\000\355\000a\000\040\000g\000e\000n\000e\000r\000a\000l\000\040\000d\000e\000\040\000l\000a\000\040\000i\000n\000t\000e\000r\000f\000e\000r\000e\000n\000c\000i\000a}{chapter.2}% 36
\BOOKMARK [2][-]{subsection.2.5.1}{\376\377\000F\000o\000r\000m\000a\000\040\000g\000e\000n\000e\000r\000a\000l\000\040\000d\000e\000\040\000l\000a\000\040\000i\000n\000t\000e\000r\000f\000e\000r\000e\000n\000c\000i\000a}{section.2.5}% 37
\BOOKMARK [2][-]{subsection.2.5.2}{\376\377\000F\000o\000r\000m\000a\000\040\000n\000o\000r\000m\000a\000l\000\040\000d\000e\000\040\000l\000a\000\040\000c\000o\000h\000e\000r\000e\000n\000c\000i\000a}{section.2.5}% 38
\BOOKMARK [2][-]{subsection.2.5.3}{\376\377\000I\000n\000t\000e\000r\000f\000e\000r\000e\000n\000c\000i\000a\000\040\000d\000e\000\040\000o\000n\000d\000a\000s\000\040\000l\000o\000c\000a\000l\000m\000e\000n\000t\000e\000\040\000p\000l\000a\000n\000a\000s}{section.2.5}% 39
\BOOKMARK [1][-]{section.2.6}{\376\377\000M\000\351\000t\000o\000d\000o\000s\000\040\000d\000e\000\040\000i\000n\000t\000e\000r\000f\000e\000r\000e\000n\000c\000i\000a}{chapter.2}% 40
\BOOKMARK [1][-]{section.2.7}{\376\377\000I\000n\000t\000e\000r\000f\000e\000r\000e\000n\000c\000i\000a\000\040\000p\000o\000r\000\040\000D\000i\000v\000i\000s\000i\000\363\000n\000\040\000d\000e\000l\000\040\000F\000r\000e\000n\000t\000e\000\040\000d\000e\000\040\000O\000n\000d\000a}{chapter.2}% 41
\BOOKMARK [2][-]{subsection.2.7.1}{\376\377\000I\000n\000t\000e\000r\000f\000e\000r\000\363\000m\000e\000t\000r\000o\000\040\000d\000e\000\040\000Y\000o\000u\000n\000g}{section.2.7}% 42
\BOOKMARK [2][-]{subsection.2.7.2}{\376\377\000I\000n\000t\000e\000r\000f\000e\000r\000\363\000m\000e\000t\000r\000o\000s\000\040\000t\000i\000p\000o\000\040\000Y\000o\000u\000n\000g}{section.2.7}% 43
\BOOKMARK [1][-]{section.2.8}{\376\377\000F\000u\000n\000c\000i\000\363\000n\000\040\000d\000e\000\040\000C\000o\000h\000e\000r\000e\000n\000c\000i\000a\000\040\000E\000s\000p\000a\000c\000i\000a\000l}{chapter.2}% 44
\BOOKMARK [2][-]{subsection.2.8.1}{\376\377\000F\000u\000e\000n\000t\000e\000\040\000e\000x\000t\000e\000n\000s\000a}{section.2.8}% 45
\BOOKMARK [2][-]{subsection.2.8.2}{\376\377\000F\000u\000e\000n\000t\000e\000\040\000e\000x\000t\000e\000n\000s\000a\000\040\000y\000\040\000f\000u\000n\000c\000i\000\363\000n\000\040\000d\000e\000\040\000c\000o\000h\000e\000r\000e\000n\000c\000i\000a}{section.2.8}% 46
\BOOKMARK [1][-]{section.2.9}{\376\377\000T\000e\000o\000r\000e\000m\000a\000\040\000d\000e\000\040\000V\000a\000n\000\040\000C\000i\000t\000t\000e\000r\000t\000-\000Z\000e\000r\000n\000i\000k\000e}{chapter.2}% 47
\BOOKMARK [2][-]{subsection.2.9.1}{\376\377\000I\000n\000t\000r\000o\000d\000u\000c\000c\000i\000\363\000n\000\040\000a\000l\000\040\000T\000e\000o\000r\000e\000m\000a\000\040\000V\000C\000-\000Z}{section.2.9}% 48
\BOOKMARK [2][-]{subsection.2.9.2}{\376\377\000F\000u\000n\000c\000i\000\363\000n\000\040\000d\000e\000\040\000c\000o\000h\000e\000r\000e\000n\000c\000i\000a\000\040\000y\000\040\000T\000e\000o\000r\000e\000m\000a\000\040\000d\000e\000\040\000V\000C\000-\000Z\000\040\0001\000D}{section.2.9}% 49
\BOOKMARK [2][-]{subsection.2.9.3}{\376\377\000T\000e\000o\000r\000e\000m\000a\000\040\000d\000e\000\040\000V\000C\000-\000Z\000\040\0002\000D}{section.2.9}% 50
\BOOKMARK [1][-]{section.2.10}{\376\377\000F\000u\000n\000c\000i\000\363\000n\000\040\000d\000e\000\040\000c\000o\000h\000e\000r\000e\000n\000c\000i\000a\000\040\000t\000e\000m\000p\000o\000r\000a\000l}{chapter.2}% 51
\BOOKMARK [2][-]{subsection.2.10.1}{\376\377\000I\000n\000t\000e\000r\000f\000e\000r\000e\000n\000c\000i\000a\000\040\000p\000o\000l\000i\000c\000r\000o\000m\000\341\000t\000i\000c\000a}{section.2.10}% 52
\BOOKMARK [2][-]{subsection.2.10.2}{\376\377\000F\000o\000r\000m\000a\000\040\000n\000o\000r\000m\000a\000l\000\040\000d\000e\000\040\000l\000a\000\040\000i\000n\000t\000e\000n\000s\000i\000d\000a\000d}{section.2.10}% 53
\BOOKMARK [2][-]{subsection.2.10.3}{\376\377\000T\000e\000o\000r\000e\000m\000a\000\040\000d\000e\000\040\000W\000i\000e\000n\000e\000r\000-\000K\000h\000i\000n\000t\000c\000h\000i\000n\000e}{section.2.10}% 54
\BOOKMARK [0][-]{chapter.3}{\376\377\000I\000n\000t\000e\000r\000f\000e\000r\000e\000n\000c\000i\000a\000\040\000p\000o\000r\000\040\000d\000i\000v\000i\000s\000i\000\363\000n\000\040\000s\000i\000m\000p\000l\000e\000\040\000d\000e\000\040\000a\000m\000p\000l\000i\000t\000u\000d}{}% 55
\BOOKMARK [1][-]{section.3.1}{\376\377\000D\000i\000v\000i\000s\000i\000\363\000n\000\040\000S\000i\000m\000p\000l\000e\000\040\000d\000e\000\040\000A\000m\000p\000l\000i\000t\000u\000d\000\040}{chapter.3}% 56
\BOOKMARK [2][-]{subsection.3.1.1}{\376\377\000E\000s\000t\000u\000d\000i\000o\000\040\000c\000a\000s\000i\000\040\000o\000n\000d\000u\000l\000a\000t\000o\000r\000i\000o}{section.3.1}% 57
\BOOKMARK [2][-]{subsection.3.1.2}{\376\377\000E\000s\000t\000u\000d\000i\000o\000\040\000o\000n\000d\000u\000l\000a\000t\000o\000r\000i\000o\000\040\000p\000a\000r\000a\000x\000i\000a\000l\000\040\000d\000e\000\040\000l\000a\000\040\000i\000n\000t\000e\000r\000f\000e\000r\000e\000n\000c\000i\000a}{section.3.1}% 58
\BOOKMARK [2][-]{subsection.3.1.3}{\376\377\000I\000n\000t\000e\000r\000f\000e\000r\000e\000n\000c\000i\000a\000\040\000d\000e\000\040\000o\000n\000d\000a\000s\000\040\000r\000e\000f\000l\000e\000j\000a\000d\000a\000s}{section.3.1}% 59
\BOOKMARK [2][-]{subsection.3.1.4}{\376\377\000I\000n\000t\000e\000r\000f\000e\000r\000e\000n\000c\000i\000a\000\040\000c\000o\000n\000\040\000u\000n\000a\000\040\000f\000u\000e\000n\000t\000e\000\040\000e\000x\000t\000e\000n\000s\000a}{section.3.1}% 60
\BOOKMARK [1][-]{section.3.2}{\376\377\000I\000n\000t\000e\000r\000f\000e\000r\000e\000n\000c\000i\000a\000\040\000e\000n\000\040\000l\000\341\000m\000i\000n\000a\000s\000\040\000d\000e\000\040\000e\000s\000p\000e\000s\000o\000r\000\040\000v\000a\000r\000i\000a\000b\000l\000e}{chapter.3}% 61
\BOOKMARK [2][-]{subsection.3.2.1}{\376\377\000I\000n\000t\000e\000r\000f\000e\000r\000e\000n\000c\000i\000a\000\040\000p\000o\000r\000\040\000r\000e\000f\000l\000e\000x\000i\000\363\000n}{section.3.2}% 62
\BOOKMARK [2][-]{subsection.3.2.2}{\376\377\000I\000n\000t\000e\000r\000f\000e\000r\000e\000n\000c\000i\000a\000\040\000p\000o\000r\000\040\000t\000r\000a\000s\000m\000i\000s\000i\000\363\000n}{section.3.2}% 63
\BOOKMARK [1][-]{section.3.3}{\376\377\000I\000n\000t\000e\000r\000f\000e\000r\000\363\000m\000e\000t\000r\000o\000\040\000d\000e\000\040\000M\000i\000c\000h\000e\000l\000s\000o\000n\000\040\000y\000\040\000a\000p\000l\000i\000c\000a\000c\000i\000o\000n\000e\000s}{chapter.3}% 64
\BOOKMARK [2][-]{subsection.3.3.1}{\376\377\000E\000s\000t\000u\000d\000i\000o\000\040\000o\000n\000d\000u\000l\000a\000t\000o\000r\000i\000o}{section.3.3}% 65
\BOOKMARK [2][-]{subsection.3.3.2}{\376\377\000F\000u\000e\000n\000t\000e\000\040\000e\000x\000t\000e\000n\000s\000a}{section.3.3}% 66
\BOOKMARK [2][-]{subsection.3.3.3}{\376\377\000A\000p\000l\000i\000c\000a\000c\000i\000o\000n\000e\000s\000\040\000e\000n\000\040\000M\000e\000t\000r\000o\000l\000o\000g\000\355\000a}{section.3.3}% 67
\BOOKMARK [2][-]{subsection.3.3.4}{\376\377\000A\000p\000l\000i\000c\000a\000c\000i\000o\000n\000e\000s\000\040\000e\000n\000\040\000e\000s\000p\000e\000c\000t\000r\000o\000s\000c\000o\000p\000i\000a\000\040\000a\000t\000\363\000m\000i\000c\000a\000:\000\040\000i\000n\000t\000e\000n\000s\000i\000d\000a\000d\000\040\000e\000s\000p\000e\000c\000t\000r\000a\000l}{section.3.3}% 68
\BOOKMARK [2][-]{subsection.3.3.5}{\376\377\000A\000p\000l\000i\000c\000a\000c\000i\000o\000n\000e\000s\000\040\000e\000n\000\040\000e\000s\000p\000e\000c\000t\000r\000o\000s\000c\000o\000p\000i\000a\000\040\000a\000t\000\363\000m\000i\000c\000a\000:\000\040\000d\000o\000b\000l\000e\000t\000e\000s}{section.3.3}% 69
\BOOKMARK [2][-]{subsection.3.3.6}{\376\377\000A\000p\000l\000i\000c\000a\000c\000i\000o\000n\000e\000s\000\040\000e\000n\000\040\000r\000e\000l\000a\000t\000i\000v\000i\000d\000a\000d\000:\000\040\000d\000e\000t\000e\000c\000c\000i\000\363\000n\000\040\000d\000e\000\040\000o\000n\000d\000a\000s\000\040\000g\000r\000a\000v\000i\000t\000a\000c\000i\000o\000n\000a\000l\000e\000s}{section.3.3}% 70
\BOOKMARK [1][-]{section.3.4}{\376\377\000I\000n\000t\000e\000r\000f\000e\000r\000\363\000m\000e\000t\000r\000o\000\040\000d\000e\000\040\000M\000a\000t\000c\000h\000-\000Z\000e\000h\000n\000d\000e\000r}{chapter.3}% 71
\BOOKMARK [2][-]{subsection.3.4.1}{\376\377\000I\000n\000t\000r\000o\000d\000u\000c\000c\000i\000\363\000n}{section.3.4}% 72
\BOOKMARK [2][-]{subsection.3.4.2}{\376\377\000I\000n\000t\000e\000r\000f\000e\000r\000e\000n\000c\000i\000a\000\040\000c\000o\000n\000\040\000o\000n\000d\000a\000s\000\040\000p\000l\000a\000n\000a\000s}{section.3.4}% 73
\BOOKMARK [2][-]{subsection.3.4.3}{\376\377\000I\000n\000t\000e\000r\000f\000e\000r\000e\000n\000c\000i\000a\000\040\000c\000o\000n\000\040\000o\000n\000d\000a\000s\000\040\000n\000o\000\040\000p\000l\000a\000n\000a\000s}{section.3.4}% 74
\BOOKMARK [1][-]{section.3.5}{\376\377\000I\000n\000t\000r\000o\000d\000u\000c\000c\000i\000\363\000n\000\040\000b\000\341\000s\000i\000c\000a\000\040\000a\000\040\000l\000a\000\040\000i\000n\000t\000e\000r\000f\000e\000r\000e\000n\000c\000i\000a\000\040\000\363\000p\000t\000i\000c\000o\000-\000c\000u\000\341\000n\000t\000i\000c\000a}{chapter.3}% 75
\BOOKMARK [2][-]{subsection.3.5.1}{\376\377\000I\000n\000t\000r\000o\000d\000u\000c\000c\000i\000\363\000n\000\040\000a\000\040\000l\000o\000s\000\040\000e\000s\000t\000a\000d\000o\000s\000\040\000c\000u\000\341\000n\000t\000i\000c\000o\000s\000\040\000d\000e\000\040\000l\000a\000\040\000l\000u\000z}{section.3.5}% 76
\BOOKMARK [2][-]{subsection.3.5.2}{\376\377\000E\000s\000t\000u\000d\000i\000o\000\040\000c\000u\000\341\000n\000t\000i\000c\000o\000\040\000b\000\341\000s\000i\000c\000o\000\040\000d\000e\000\040\000u\000n\000\040\000d\000i\000v\000i\000s\000o\000r\000\040\000d\000e\000\040\000h\000a\000c\000e\000s}{section.3.5}% 77
\BOOKMARK [2][-]{subsection.3.5.3}{\376\377\000E\000s\000t\000u\000d\000i\000o\000\040\000c\000u\000\341\000n\000t\000i\000c\000o\000\040\000d\000e\000\040\000u\000n\000\040\000i\000n\000t\000e\000r\000f\000e\000r\000\363\000m\000e\000t\000r\000o\000\040\000M\000a\000t\000c\000h\000\040\000Z\000e\000h\000n\000d\000e\000r\000\040\000m\000o\000n\000o\000f\000o\000t\000\363\000n}{section.3.5}% 78
\BOOKMARK [2][-]{subsection.3.5.4}{\376\377\000I\000n\000t\000e\000r\000f\000e\000r\000e\000n\000c\000i\000a\000\040\000c\000o\000n\000\040\000e\000s\000t\000a\000d\000o\000s\000\040\000b\000i\000f\000o\000t\000\363\000n}{section.3.5}% 79
\BOOKMARK [0][-]{chapter.4}{\376\377\000D\000i\000v\000i\000s\000i\000\363\000n\000\040\000m\000\372\000l\000t\000i\000p\000l\000e\000\040\000d\000e\000\040\000a\000m\000p\000l\000i\000t\000u\000d}{}% 80
\BOOKMARK [1][-]{section.4.1}{\376\377\000I\000n\000t\000r\000o\000d\000u\000c\000c\000i\000\363\000n}{chapter.4}% 81
\BOOKMARK [1][-]{section.4.2}{\376\377\000I\000n\000t\000e\000r\000f\000e\000r\000e\000n\000c\000i\000a\000\040\000d\000e\000\040\000h\000a\000c\000e\000s\000\040\000m\000\372\000l\000t\000i\000p\000l\000e\000s}{chapter.4}% 82
\BOOKMARK [2][-]{subsection.4.2.1}{\376\377\000L\000\341\000m\000i\000n\000a\000s\000\040\000d\000e\000l\000g\000a\000d\000a\000s\000\040\000a\000n\000t\000i\000r\000r\000e\000f\000l\000e\000j\000a\000n\000t\000e\000s}{section.4.2}% 83
\BOOKMARK [2][-]{subsection.4.2.2}{\376\377\000F\000\363\000r\000m\000u\000l\000a\000s\000\040\000d\000e\000\040\000A\000i\000r\000y}{section.4.2}% 84
\BOOKMARK [1][-]{section.4.3}{\376\377\000I\000n\000t\000e\000r\000f\000e\000r\000o\000m\000e\000t\000r\000o\000\040\000d\000e\000\040\000F\000a\000b\000r\000y\000-\000P\000e\000r\000o\000t}{chapter.4}% 85
\BOOKMARK [2][-]{subsection.4.3.1}{\376\377\000A\000n\000\341\000l\000i\000s\000i\000s\000\040\000e\000s\000p\000e\000c\000t\000r\000a\000l\000\040\000d\000e\000\040\000l\000a\000\040\000i\000n\000t\000e\000n\000s\000i\000d\000a\000d\000\040\000i\000n\000t\000e\000r\000f\000e\000r\000n\000c\000i\000a\000l}{section.4.3}% 86
\BOOKMARK [2][-]{subsection.4.3.2}{\376\377\000P\000o\000d\000e\000r\000\040\000d\000e\000\040\000r\000e\000s\000o\000l\000u\000c\000i\000\363\000n}{section.4.3}% 87
\BOOKMARK [1][-]{section.4.4}{\376\377\000L\000\341\000s\000e\000r\000\040\000\050\000a\000p\000l\000i\000c\000a\000c\000i\000\363\000n\000\040\000F\000a\000b\000r\000y\000-\000P\000e\000r\000o\000t\000\051}{chapter.4}% 88
\BOOKMARK [2][-]{subsection.4.4.1}{\376\377\000R\000e\000s\000o\000n\000a\000d\000o\000r\000\040\000\363\000p\000t\000i\000c\000o}{section.4.4}% 89
\BOOKMARK [2][-]{subsection.4.4.2}{\376\377\000A\000m\000p\000l\000i\000f\000i\000c\000a\000c\000i\000\363\000n\000\040\000c\000u\000\341\000n\000t\000i\000c\000a\000\040\000d\000e\000\040\000l\000a\000\040\000l\000u\000z}{section.4.4}% 90
\BOOKMARK [1][-]{section.4.5}{\376\377\000\323\000p\000t\000i\000c\000a\000\040\000d\000e\000\040\000m\000u\000l\000t\000i\000c\000a\000p\000a\000s}{chapter.4}% 91
\BOOKMARK [2][-]{subsection.4.5.1}{\376\377\000S\000i\000s\000t\000e\000m\000a\000s\000\040\000p\000e\000r\000i\000\363\000d\000i\000c\000o\000s\000\040\000d\000e\000\040\000m\000u\000l\000t\000i\000c\000a\000p\000a\000s}{section.4.5}% 92
\BOOKMARK [2][-]{subsection.4.5.2}{\376\377\000F\000i\000l\000t\000r\000o\000s\000\040\000i\000n\000t\000e\000r\000f\000e\000r\000e\000n\000c\000i\000a\000l\000e\000s\000\040\000o\000\040\000f\000i\000l\000t\000r\000o\000s\000\040\000F\000a\000b\000r\000y\000-\000P\000e\000r\000o\000t}{section.4.5}% 93
\BOOKMARK [0][-]{chapter.5}{\376\377\000T\000e\000o\000r\000\355\000a\000\040\000d\000e\000\040\000d\000i\000f\000r\000a\000c\000c\000i\000\363\000n\000\040\000\363\000p\000t\000i\000c\000a}{}% 94
\BOOKMARK [1][-]{section.5.1}{\376\377\000F\000o\000r\000m\000a\000l\000i\000s\000m\000o\000\040\000d\000e\000\040\000l\000a\000\040\000d\000i\000f\000r\000a\000c\000c\000i\000\363\000n\000.}{chapter.5}% 95
\BOOKMARK [2][-]{subsection.5.1.1}{\376\377\000P\000r\000i\000n\000c\000i\000p\000i\000o\000\040\000d\000e\000\040\000H\000u\000y\000g\000e\000n\000s}{section.5.1}% 96
\BOOKMARK [2][-]{subsection.5.1.2}{\376\377\000P\000r\000i\000n\000c\000i\000p\000i\000o\000\040\000d\000e\000\040\000H\000u\000y\000g\000e\000n\000s\000-\000F\000r\000e\000s\000n\000e\000l}{section.5.1}% 97
\BOOKMARK [2][-]{subsection.5.1.3}{\376\377\000K\000i\000r\000c\000h\000o\000f\000f\000\040\000y\000\040\000S\000o\000m\000m\000e\000r\000f\000i\000e\000l\000d}{section.5.1}% 98
\BOOKMARK [1][-]{section.5.2}{\376\377\000F\000o\000r\000m\000a\000l\000i\000s\000m\000o\000\040\000d\000e\000\040\000l\000a\000\040\000d\000i\000f\000r\000a\000c\000c\000i\000\363\000n}{chapter.5}% 99
\BOOKMARK [1][-]{section.5.3}{\376\377\000A\000n\000a\000l\000i\000s\000i\000s\000\040\000c\000u\000a\000l\000i\000t\000a\000t\000i\000v\000o\000:\000\040\000F\000r\000e\000s\000n\000e\000l\000\040\000v\000s\000\040\000F\000r\000a\000u\000n\000h\000o\000f\000e\000r\000.}{chapter.5}% 100
\BOOKMARK [1][-]{section.5.4}{\376\377\000D\000i\000f\000r\000a\000c\000c\000i\000\363\000n\000\040\000p\000a\000r\000a\000x\000i\000a\000l\000,\000\040\000c\000o\000n\000c\000e\000p\000t\000o\000s\000\040\000y\000\040\000a\000p\000l\000i\000c\000a\000c\000i\000o\000n\000e\000s\000.}{chapter.5}% 101
\BOOKMARK [2][-]{subsection.5.4.1}{\376\377\000D\000i\000f\000r\000a\000c\000c\000i\000\363\000n\000\040\000d\000e\000\040\000F\000r\000e\000s\000n\000e\000l}{section.5.4}% 102
\BOOKMARK [2][-]{subsection.5.4.2}{\376\377\000D\000i\000f\000r\000a\000c\000c\000i\000\363\000n\000\040\000d\000e\000\040\000F\000r\000a\000u\000n\000h\000o\000f\000e\000r}{section.5.4}% 103
\BOOKMARK [2][-]{subsection.5.4.3}{\376\377\000D\000i\000f\000r\000a\000c\000c\000i\000\363\000n\000\040\000d\000e\000\040\000F\000r\000a\000u\000n\000h\000o\000f\000e\000r\000\040\000c\000o\000n\000\040\000l\000e\000n\000t\000e}{section.5.4}% 104
\BOOKMARK [2][-]{subsection.5.4.4}{\376\377\000D\000i\000f\000r\000a\000c\000c\000i\000\363\000n\000\040\000d\000e\000\040\000F\000r\000a\000u\000n\000h\000o\000f\000e\000r\000\040\000d\000e\000\040\000u\000n\000a\000\040\000a\000b\000e\000r\000t\000u\000r\000a\000\040\000r\000e\000d\000u\000c\000i\000d\000a\000\040\000e\000n\000t\000o\000r\000n\000o\000\040\000a\000l\000\040\000o\000r\000i\000g\000e\000n}{section.5.4}% 105
\BOOKMARK [1][-]{section.5.5}{\376\377\000P\000r\000i\000n\000c\000i\000p\000i\000o\000\040\000d\000e\000\040\000B\000a\000b\000i\000n\000e\000t}{chapter.5}% 106
\BOOKMARK [1][-]{section.5.6}{\376\377\000T\000e\000o\000r\000\355\000a\000\040\000d\000e\000\040\000d\000i\000f\000r\000a\000c\000c\000i\000\363\000n\000\040\000c\000o\000h\000e\000r\000e\000n\000t\000e\000\040\000d\000e\000\040\000l\000a\000\040\000i\000m\000a\000g\000e\000n}{chapter.5}% 107
\BOOKMARK [2][-]{subsection.5.6.1}{\376\377\000I\000m\000a\000g\000e\000n\000\040\000d\000e\000\040\000u\000n\000\040\000p\000u\000n\000t\000o\000:\000\040\000r\000e\000s\000p\000u\000e\000s\000t\000a\000\040\000d\000e\000\040\000i\000m\000p\000u\000l\000s\000o\000.}{section.5.6}% 108
\BOOKMARK [2][-]{subsection.5.6.2}{\376\377\000I\000m\000a\000g\000e\000n\000\040\000d\000e\000\040\000u\000n\000\040\000p\000u\000n\000t\000o\000:\000\040\000f\000u\000n\000c\000i\000\363\000n\000\040\000P\000S\000F}{section.5.6}% 109
\BOOKMARK [2][-]{subsection.5.6.3}{\376\377\000T\000r\000a\000n\000s\000f\000o\000r\000m\000a\000d\000a\000\040\000d\000e\000\040\000F\000o\000u\000r\000i\000e\000r\000\040\000y\000\040\000T\000e\000o\000r\000\355\000a\000\040\000d\000e\000\040\000A\000b\000b\000e}{section.5.6}% 110
\BOOKMARK [0][-]{chapter.6}{\376\377\000D\000i\000f\000r\000a\000c\000c\000i\000\363\000n\000\040\000d\000e\000\040\000F\000r\000e\000s\000n\000e\000l}{}% 111
\BOOKMARK [1][-]{section.6.1}{\376\377\000E\000s\000t\000u\000d\000i\000o\000\040\000c\000a\000n\000\363\000n\000i\000c\000o\000\040\000\050\000i\000n\000t\000e\000g\000r\000a\000l\000\051}{chapter.6}% 112
\BOOKMARK [2][-]{subsection.6.1.1}{\376\377\000S\000e\000m\000i\000p\000l\000a\000n\000o\000:\000\040\000a\000n\000\341\000l\000i\000s\000i\000s\000\040\000a\000s\000i\000n\000t\000\363\000t\000i\000c\000o}{section.6.1}% 113
\BOOKMARK [2][-]{subsection.6.1.2}{\376\377\000D\000i\000f\000r\000a\000c\000c\000i\000\363\000n\000\040\000e\000n\000\040\000u\000n\000a\000\040\000a\000b\000e\000r\000t\000u\000r\000a\000\040\000c\000u\000a\000d\000r\000a\000d\000a}{section.6.1}% 114
\BOOKMARK [2][-]{subsection.6.1.3}{\376\377\000S\000e\000m\000i\000p\000l\000a\000n\000o\000:\000\040\000a\000n\000\341\000l\000i\000s\000i\000s\000\040\000d\000e\000\040\000C\000o\000r\000n\000\372}{section.6.1}% 115
\BOOKMARK [1][-]{section.6.2}{\376\377\000D\000i\000f\000r\000a\000c\000c\000i\000\363\000n\000\040\000d\000e\000\040\000F\000r\000e\000s\000n\000e\000l\000\040\000e\000n\000\040\000e\000l\000\040\000e\000j\000e}{chapter.6}% 116
\BOOKMARK [2][-]{subsection.6.2.1}{\376\377\000A\000p\000e\000r\000t\000u\000r\000a\000\040\000c\000i\000r\000c\000u\000l\000a\000r}{section.6.2}% 117
\BOOKMARK [2][-]{subsection.6.2.2}{\376\377\000D\000i\000f\000r\000a\000c\000c\000i\000\363\000n\000\040\000d\000e\000\040\000f\000r\000e\000s\000n\000e\000l\000\040\000p\000o\000r\000\040\000o\000b\000s\000t\000\341\000c\000u\000l\000o\000\040\000c\000i\000r\000c\000u\000l\000a\000r}{section.6.2}% 118
\BOOKMARK [1][-]{section.6.3}{\376\377\000E\000l\000e\000m\000e\000n\000t\000o\000s\000\040\000\363\000p\000t\000i\000c\000o\000s\000\040\000d\000i\000f\000r\000a\000c\000t\000i\000v\000o\000s}{chapter.6}% 119
\BOOKMARK [2][-]{subsection.6.3.1}{\376\377\000P\000l\000a\000c\000a\000s\000\040\000z\000o\000n\000a\000l\000e\000s\000\040\000d\000e\000\040\000F\000r\000e\000s\000n\000e\000l}{section.6.3}% 120
\BOOKMARK [2][-]{subsection.6.3.2}{\376\377\000P\000r\000o\000p\000i\000e\000d\000a\000d\000e\000s\000\040\000\363\000p\000t\000i\000c\000a\000s\000\040\000d\000e\000\040\000l\000a\000\040\000p\000l\000a\000c\000a\000\040\000z\000o\000n\000a\000l\000\040\000d\000e\000\040\000f\000a\000s\000e}{section.6.3}% 121
\BOOKMARK [2][-]{subsection.6.3.3}{\376\377\000T\000i\000p\000o\000s\000\040\000d\000e\000\040\000p\000l\000a\000c\000a\000\040\000z\000o\000n\000a\000l\000e\000s}{section.6.3}% 122
\BOOKMARK [2][-]{subsection.6.3.4}{\376\377\000P\000l\000a\000c\000a\000\040\000z\000o\000n\000a\000l\000\040\000d\000e\000\040\000K\000i\000n\000o\000f\000o\000r\000m}{section.6.3}% 123
\BOOKMARK [0][-]{chapter.7}{\376\377\000D\000i\000f\000r\000a\000c\000c\000i\000\363\000n\000\040\000d\000e\000\040\000F\000r\000a\000u\000n\000h\000o\000f\000e\000r}{}% 124
\BOOKMARK [1][-]{section.7.1}{\376\377\000I\000n\000t\000e\000g\000r\000a\000l\000\040\000d\000e\000\040\000F\000r\000a\000u\000n\000h\000o\000f\000e\000r}{chapter.7}% 125
\BOOKMARK [1][-]{section.7.2}{\376\377\000E\000s\000t\000u\000d\000i\000o\000\040\000c\000a\000n\000\363\000n\000i\000c\000o}{chapter.7}% 126
\BOOKMARK [2][-]{subsection.7.2.1}{\376\377\000A\000b\000e\000r\000t\000u\000r\000a\000\040\000r\000e\000c\000t\000a\000n\000g\000u\000l\000a\000r}{section.7.2}% 127
\BOOKMARK [2][-]{subsection.7.2.2}{\376\377\000A\000b\000e\000r\000t\000u\000r\000a\000\040\000l\000i\000n\000e\000a\000l}{section.7.2}% 128
\BOOKMARK [2][-]{subsection.7.2.3}{\376\377\000A\000b\000e\000r\000t\000u\000r\000a\000\040\000c\000i\000r\000c\000u\000l\000a\000r}{section.7.2}% 129
\BOOKMARK [1][-]{section.7.3}{\376\377\000I\000n\000s\000t\000r\000u\000m\000e\000n\000t\000o\000\040\000\363\000p\000t\000i\000c\000o}{chapter.7}% 130
\BOOKMARK [2][-]{subsection.7.3.1}{\376\377\000T\000e\000o\000r\000\355\000a\000\040\000d\000e\000\040\000A\000i\000r\000y}{section.7.3}% 131
\BOOKMARK [2][-]{subsection.7.3.2}{\376\377\000P\000o\000d\000e\000r\000\040\000d\000e\000\040\000r\000e\000s\000o\000l\000u\000c\000i\000\363\000n}{section.7.3}% 132
\BOOKMARK [1][-]{section.7.4}{\376\377\000R\000e\000d\000e\000s\000\040\000d\000e\000\040\000d\000i\000f\000r\000a\000c\000c\000i\000\363\000n\000\040\000\363\000p\000t\000i\000c\000a\000s}{chapter.7}% 133
\BOOKMARK [2][-]{subsection.7.4.1}{\376\377\000D\000i\000f\000r\000a\000c\000c\000i\000\363\000n\000\040\000d\000e\000\040\000f\000r\000a\000u\000n\000h\000o\000f\000e\000r\000\040\000b\000a\000j\000o\000\040\000t\000r\000a\000s\000l\000a\000c\000i\000o\000n\000e\000s\000\040\000d\000e\000\040\000l\000a\000\040\000a\000b\000e\000r\000t\000u\000r\000a}{section.7.4}% 134
\BOOKMARK [2][-]{subsection.7.4.2}{\376\377\000P\000r\000o\000p\000i\000e\000d\000a\000d\000e\000s\000\040\000e\000s\000p\000e\000c\000t\000r\000a\000l\000e\000s\000\040\000d\000e\000\040\000l\000a\000s\000\040\000r\000e\000d\000e\000s}{section.7.4}% 135
