\BOOKMARK [0][-]{chapter.1}{\376\377\000I\000n\000t\000r\000o\000d\000u\000c\000c\000i\000\363\000n\000\040\000m\000a\000t\000e\000m\000\341\000t\000i\000c\000a}{}% 1
\BOOKMARK [1][-]{section.1.1}{\376\377\000E\000s\000p\000a\000c\000i\000o\000s\000\040\000d\000e\000\040\000H\000i\000l\000b\000e\000r\000t}{chapter.1}% 2
\BOOKMARK [1][-]{section.1.2}{\376\377\000O\000p\000e\000r\000a\000d\000o\000r\000e\000s\000\040\000l\000i\000n\000e\000a\000l\000e\000s}{chapter.1}% 3
\BOOKMARK [1][-]{section.1.3}{\376\377\000O\000p\000e\000r\000a\000d\000o\000r\000e\000s\000\040\000h\000e\000r\000m\000\355\000t\000i\000c\000o\000s\000\040\000y\000\040\000u\000n\000i\000t\000a\000r\000i\000o\000s}{chapter.1}% 4
\BOOKMARK [1][-]{section.1.4}{\376\377\000P\000r\000o\000y\000e\000c\000t\000o\000r\000e\000s}{chapter.1}% 5
\BOOKMARK [1][-]{section.1.5}{\376\377\000T\000r\000a\000z\000a\000\040\000y\000\040\000c\000o\000n\000m\000u\000t\000a\000d\000o\000r}{chapter.1}% 6
\BOOKMARK [1][-]{section.1.6}{\376\377\000A\000u\000t\000o\000v\000a\000l\000o\000r\000e\000s\000\040\000y\000\040\000a\000u\000t\000o\000v\000e\000c\000t\000o\000r\000e\000s}{chapter.1}% 7
\BOOKMARK [1][-]{section.1.7}{\376\377\000F\000u\000n\000c\000i\000o\000n\000e\000s\000\040\000d\000e\000\040\000o\000p\000e\000r\000a\000d\000o\000r\000e\000s}{chapter.1}% 8
\BOOKMARK [1][-]{section.1.8}{\376\377\000M\000a\000t\000r\000i\000c\000e\000s\000\040\000d\000e\000\040\000P\000a\000u\000l\000i}{chapter.1}% 9
\BOOKMARK [0][-]{chapter.2}{\376\377\000P\000o\000s\000t\000u\000l\000a\000d\000o\000s\000\040\000d\000e\000\040\000l\000a\000\040\000M\000e\000c\000\341\000n\000i\000c\000a\000\040\000C\000u\000\341\000n\000t\000i\000c\000a}{}% 10
\BOOKMARK [1][-]{section.2.1}{\376\377\000R\000e\000g\000l\000a\000s\000\040\000d\000e\000\040\000l\000a\000\040\000M\000e\000c\000\341\000n\000i\000c\000a\000\040\000C\000u\000\341\000n\000t\000i\000c\000a}{chapter.2}% 11
\BOOKMARK [1][-]{section.2.2}{\376\377\000E\000v\000o\000l\000u\000c\000i\000\363\000n\000\040\000t\000e\000m\000p\000o\000r\000a\000l}{chapter.2}% 12
\BOOKMARK [1][-]{section.2.3}{\376\377\000T\000e\000o\000r\000e\000m\000a\000\040\000d\000e\000\040\000E\000h\000r\000e\000n\000f\000e\000s\000t}{chapter.2}% 13
\BOOKMARK [1][-]{section.2.4}{\376\377\000I\000n\000c\000e\000r\000t\000i\000d\000u\000m\000b\000r\000e\000\040\000d\000e\000\040\000m\000e\000d\000i\000d\000a}{chapter.2}% 14
\BOOKMARK [1][-]{section.2.5}{\376\377\000D\000e\000s\000i\000g\000u\000a\000l\000d\000a\000d\000\040\000d\000e\000\040\000H\000e\000i\000s\000e\000n\000b\000e\000r\000g}{chapter.2}% 15
\BOOKMARK [1][-]{section.2.6}{\376\377\000I\000m\000\341\000g\000e\000n\000e\000s\000\040\000d\000e\000\040\000H\000e\000i\000s\000e\000n\000b\000e\000r\000g\000\040\000y\000\040\000S\000c\000h\000r\000\366\000d\000i\000n\000g\000e\000r}{chapter.2}% 16
\BOOKMARK [1][-]{section.2.7}{\376\377\000S\000i\000s\000t\000e\000m\000a\000\040\000d\000e\000\040\000d\000o\000s\000\040\000e\000s\000t\000a\000d\000o\000s}{chapter.2}% 17
\BOOKMARK [1][-]{section.2.8}{\376\377\000P\000a\000r\000t\000\355\000c\000u\000l\000a\000s\000\040\000d\000e\000\040\000e\000s\000p\000\355\000n\000\040\0001\000/\0002}{chapter.2}% 18
\BOOKMARK [1][-]{section.2.9}{\376\377\000M\000o\000m\000e\000n\000t\000o\000\040\000m\000a\000g\000n\000\351\000t\000i\000c\000o\000\040\000d\000e\000\040\000e\000s\000p\000\355\000n}{chapter.2}% 19
\BOOKMARK [1][-]{section.2.10}{\376\377\000E\000v\000o\000l\000u\000c\000i\000\363\000n\000\040\000t\000e\000m\000p\000o\000r\000a\000l\000\040\000e\000s\000p\000\355\000n}{chapter.2}% 20
\BOOKMARK [0][-]{chapter.3}{\376\377\000E\000n\000t\000r\000e\000l\000a\000z\000a\000m\000i\000e\000n\000t\000o\000\040\000C\000u\000\341\000n\000t\000i\000c\000o}{}% 21
\BOOKMARK [1][-]{section.3.1}{\376\377\000P\000r\000o\000d\000u\000c\000t\000o\000\040\000t\000e\000n\000s\000o\000r\000i\000a\000l}{chapter.3}% 22
\BOOKMARK [1][-]{section.3.2}{\376\377\000O\000p\000e\000r\000a\000d\000o\000r\000\040\000d\000e\000n\000s\000i\000d\000a\000d}{chapter.3}% 23
\BOOKMARK [1][-]{section.3.3}{\376\377\000M\000a\000t\000r\000i\000z\000\040\000d\000e\000n\000s\000i\000d\000a\000d\000\040\000r\000e\000d\000u\000c\000i\000d\000a}{chapter.3}% 24
\BOOKMARK [1][-]{section.3.4}{\376\377\000E\000n\000t\000r\000o\000p\000\355\000a}{chapter.3}% 25
\BOOKMARK [1][-]{section.3.5}{\376\377\000E\000v\000o\000l\000u\000c\000i\000\363\000n\000\040\000t\000e\000m\000p\000o\000r\000a\000l}{chapter.3}% 26
\BOOKMARK [0][-]{chapter.4}{\376\377\000M\000e\000c\000\341\000n\000i\000c\000a\000\040\000o\000n\000d\000u\000l\000a\000t\000o\000r\000i\000a}{}% 27
\BOOKMARK [1][-]{section.4.1}{\376\377\000R\000e\000p\000r\000e\000s\000e\000n\000t\000a\000c\000i\000\363\000n\000\040\000d\000e\000\040\000p\000o\000s\000i\000c\000i\000\363\000n}{chapter.4}% 28
\BOOKMARK [1][-]{section.4.2}{\376\377\000C\000o\000n\000m\000u\000t\000a\000c\000i\000\363\000n\000\040\000e\000s\000p\000a\000c\000i\000o\000-\000m\000o\000m\000e\000n\000t\000o}{chapter.4}% 29
\BOOKMARK [1][-]{section.4.3}{\376\377\000R\000e\000p\000r\000e\000s\000e\000n\000t\000a\000c\000i\000\363\000n\000\040\000d\000e\000\040\000m\000o\000m\000e\000n\000t\000o\000s}{chapter.4}% 30
\BOOKMARK [1][-]{section.4.4}{\376\377\000R\000e\000l\000a\000c\000i\000\363\000n\000\040\000e\000n\000t\000r\000e\000\040\000r\000e\000p\000r\000e\000s\000e\000n\000t\000a\000c\000i\000o\000n\000e\000s}{chapter.4}% 31
\BOOKMARK [1][-]{section.4.5}{\376\377\000L\000a\000\040\000e\000c\000u\000a\000c\000i\000\363\000n\000\040\000d\000e\000\040\000o\000n\000d\000a}{chapter.4}% 32
\BOOKMARK [1][-]{section.4.6}{\376\377\000T\000r\000a\000s\000l\000a\000c\000i\000o\000n\000e\000s\000\040\000f\000i\000n\000i\000t\000a\000s}{chapter.4}% 33
\BOOKMARK [1][-]{section.4.7}{\376\377\000P\000r\000o\000p\000a\000g\000a\000d\000o\000r\000e\000s}{chapter.4}% 34
\BOOKMARK [0][-]{chapter.5}{\376\377\000S\000i\000s\000t\000e\000m\000a\000s\000\040\000c\000u\000\341\000n\000t\000i\000c\000o\000s\000\040\000s\000i\000m\000p\000l\000e\000s}{}% 35
\BOOKMARK [1][-]{section.5.1}{\376\377\000O\000s\000c\000i\000l\000a\000d\000o\000r\000\040\000a\000r\000m\000\363\000n\000i\000c\000o\000\040\000u\000n\000i\000d\000i\000m\000e\000n\000s\000i\000o\000n\000a\000l}{chapter.5}% 36
\BOOKMARK [0][-]{chapter.6}{\376\377\000M\000o\000m\000e\000n\000t\000o\000\040\000a\000n\000g\000u\000l\000a\000r}{}% 37
\BOOKMARK [1][-]{section.6.1}{\376\377\000M\000o\000m\000e\000n\000t\000o\000\040\000a\000n\000g\000u\000l\000a\000r\000\040\000o\000r\000b\000i\000t\000a\000l\000\040\000y\000\040\000m\000o\000m\000e\000n\000t\000o\000\040\000a\000n\000g\000u\000l\000a\000r\000\040\000d\000e\000\040\000e\000s\000p\000\355\000n}{chapter.6}% 38
\BOOKMARK [1][-]{section.6.2}{\376\377\000A\000l\000g\000e\000b\000r\000a\000\040\000d\000e\000l\000\040\000m\000o\000m\000e\000n\000t\000o\000\040\000a\000n\000g\000u\000l\000a\000r}{chapter.6}% 39
\BOOKMARK [1][-]{section.6.3}{\376\377\000A\000u\000t\000o\000v\000a\000l\000o\000r\000e\000s\000\040\000d\000e\000l\000\040\000m\000o\000m\000e\000n\000t\000o\000\040\000a\000n\000g\000u\000l\000a\000r}{chapter.6}% 40
\BOOKMARK [1][-]{section.6.4}{\376\377\000S\000u\000m\000a\000\040\000d\000e\000\040\000m\000o\000m\000e\000n\000t\000o\000s\000\040\000a\000n\000g\000u\000l\000a\000r\000e\000s}{chapter.6}% 41
\BOOKMARK [0][-]{chapter.7}{\376\377\000M\000e\000t\000o\000d\000o\000s\000\040\000a\000p\000r\000o\000x\000i\000m\000a\000d\000o\000s}{}% 42
\BOOKMARK [1][-]{section.7.1}{\376\377\000T\000e\000o\000r\000\355\000a\000\040\000d\000e\000\040\000p\000e\000r\000t\000u\000r\000b\000a\000c\000i\000o\000n\000e\000s\000\040\000i\000n\000d\000e\000p\000e\000n\000d\000i\000e\000n\000t\000e\000s\000\040\000d\000e\000l\000\040\000t\000i\000e\000m\000p\000o}{chapter.7}% 43
\BOOKMARK [1][-]{section.7.2}{\376\377\000T\000e\000o\000r\000\355\000a\000\040\000d\000e\000\040\000p\000e\000r\000t\000u\000r\000b\000a\000c\000i\000o\000n\000e\000s\000\040\000d\000e\000p\000e\000n\000d\000i\000e\000n\000t\000e\000\040\000d\000e\000l\000\040\000t\000i\000e\000m\000p\000o}{chapter.7}% 44
