\BOOKMARK [1][-]{section.1}{\376\377\000\323\000p\000t\000i\000c\000a\000\040\000G\000e\000o\000m\000\351\000t\000r\000i\000c\000a}{}% 1
\BOOKMARK [2][-]{subsection.1.1}{\376\377\000F\000u\000n\000d\000a\000m\000e\000n\000t\000o\000s\000\040\000d\000e\000\040\000l\000a\000\040\000\363\000p\000t\000i\000c\000a\000\040\000g\000e\000o\000m\000\351\000t\000r\000i\000c\000a}{section.1}% 2
\BOOKMARK [2][-]{subsection.1.2}{\376\377\000L\000e\000y\000e\000s\000\040\000d\000e\000\040\000l\000a\000\040\000\323\000p\000t\000i\000c\000a\000\040\000g\000e\000o\000m\000\351\000t\000r\000i\000c\000a}{section.1}% 3
\BOOKMARK [1][-]{section.2}{\376\377\000\323\000p\000t\000i\000c\000a\000\040\000P\000a\000r\000a\000x\000i\000a\000l}{}% 4
\BOOKMARK [2][-]{subsection.2.1}{\376\377\000I\000n\000v\000a\000r\000i\000a\000n\000t\000e\000\040\000d\000e\000\040\000A\000b\000b\000e}{section.2}% 5
\BOOKMARK [2][-]{subsection.2.2}{\376\377\000E\000l\000e\000m\000e\000n\000t\000o\000s\000\040\000c\000a\000r\000d\000i\000n\000a\000l\000e\000s}{section.2}% 6
\BOOKMARK [2][-]{subsection.2.3}{\376\377\000A\000c\000o\000p\000l\000a\000m\000i\000e\000n\000t\000o\000\040\000d\000e\000\040\000s\000i\000s\000t\000e\000m\000a\000s}{section.2}% 7
\BOOKMARK [2][-]{subsection.2.4}{\376\377\000L\000e\000n\000t\000e\000s\000\040\000d\000e\000l\000g\000a\000d\000a\000s}{section.2}% 8
\BOOKMARK [1][-]{section.3}{\376\377\000S\000i\000s\000t\000e\000m\000a\000s\000\040\000R\000e\000a\000l\000e\000s}{}% 9
\BOOKMARK [2][-]{subsection.3.1}{\376\377\000P\000u\000p\000i\000l\000a\000s\000\040\000y\000\040\000d\000i\000a\000f\000r\000a\000g\000m\000a\000\040\000d\000e\000\040\000a\000p\000e\000r\000t\000u\000r\000a}{section.3}% 10
\BOOKMARK [2][-]{subsection.3.2}{\376\377\000L\000u\000c\000a\000r\000n\000a\000s\000\040\000y\000\040\000d\000i\000a\000f\000r\000a\000g\000m\000a\000\040\000d\000e\000\040\000c\000a\000m\000p\000o}{section.3}% 11
\BOOKMARK [2][-]{subsection.3.3}{\376\377\000A\000b\000e\000r\000r\000a\000c\000i\000o\000n\000e\000s}{section.3}% 12
\BOOKMARK [1][-]{section.4}{\376\377\000F\000u\000n\000d\000a\000m\000e\000n\000t\000o\000s\000\040\000d\000e\000\040\000l\000a\000\040\000t\000e\000o\000r\000\355\000a\000\040\000e\000l\000e\000c\000t\000r\000o\000m\000a\000g\000n\000\351\000t\000i\000c\000a\000\040\000d\000e\000\040\000l\000a\000\040\000l\000u\000z}{}% 13
\BOOKMARK [2][-]{subsection.4.1}{\376\377\000E\000c\000u\000a\000c\000i\000o\000n\000e\000s\000\040\000d\000e\000\040\000M\000a\000x\000w\000e\000l\000l}{section.4}% 14
\BOOKMARK [2][-]{subsection.4.2}{\376\377\000E\000c\000u\000a\000c\000i\000\363\000n\000\040\000d\000e\000\040\000o\000n\000d\000a\000s}{section.4}% 15
\BOOKMARK [2][-]{subsection.4.3}{\376\377\000O\000n\000d\000a\000s\000\040\000m\000o\000n\000o\000c\000r\000o\000m\000\341\000t\000i\000c\000a\000s}{section.4}% 16
\BOOKMARK [3][-]{subsubsection.4.3.1}{\376\377\000O\000n\000d\000a\000s\000\040\000a\000r\000m\000\363\000n\000i\000c\000a\000s\000\040\000p\000l\000a\000n\000a\000s}{subsection.4.3}% 17
\BOOKMARK [3][-]{subsubsection.4.3.2}{\376\377\000O\000n\000d\000a\000s\000\040\000a\000r\000m\000\363\000n\000i\000c\000a\000s\000\040\000e\000s\000f\000\351\000r\000i\000c\000a\000s}{subsection.4.3}% 18
\BOOKMARK [3][-]{subsubsection.4.3.3}{\376\377\000M\000a\000s\000\040\000a\000l\000l\000\341\000\040\000d\000e\000\040\000l\000a\000s\000\040\000o\000n\000d\000a\000s\000\040\000p\000l\000a\000n\000a\000s}{subsection.4.3}% 19
\BOOKMARK [3][-]{subsubsection.4.3.4}{\376\377\000R\000e\000p\000r\000e\000s\000e\000n\000t\000a\000c\000i\000\363\000n\000\040\000c\000o\000m\000p\000l\000e\000j\000a}{subsection.4.3}% 20
\BOOKMARK [2][-]{subsection.4.4}{\376\377\000E\000n\000e\000r\000g\000\355\000a\000\040\000d\000e\000\040\000l\000a\000s\000\040\000o\000n\000d\000a\000s}{section.4}% 21
\BOOKMARK [1][-]{section.5}{\376\377\000P\000r\000o\000p\000a\000g\000a\000c\000i\000\363\000n\000\040\000d\000e\000\040\000l\000a\000\040\000l\000u\000z\000\040\000e\000n\000\040\000l\000a\000\040\000m\000a\000t\000e\000r\000i\000a}{}% 22
\BOOKMARK [2][-]{subsection.5.1}{\376\377\000E\000c\000u\000a\000c\000i\000o\000n\000e\000s\000\040\000d\000e\000\040\000M\000a\000x\000w\000e\000l\000l\000\040\000e\000n\000\040\000l\000a\000\040\000m\000a\000t\000e\000r\000i\000a}{section.5}% 23
\BOOKMARK [3][-]{subsubsection.5.1.1}{\376\377\000P\000o\000l\000a\000r\000i\000z\000a\000c\000i\000\363\000n}{subsection.5.1}% 24
\BOOKMARK [3][-]{subsubsection.5.1.2}{\376\377\000M\000a\000g\000n\000e\000t\000i\000z\000a\000c\000i\000\363\000n}{subsection.5.1}% 25
\BOOKMARK [3][-]{subsubsection.5.1.3}{\376\377\000E\000c\000u\000a\000c\000i\000o\000n\000e\000s\000\040\000d\000e\000\040\000M\000a\000x\000w\000e\000l\000l\000\040\000e\000n\000\040\000m\000e\000d\000i\000o\000s\000\040\000m\000a\000t\000e\000r\000i\000a\000l\000e\000s}{subsection.5.1}% 26
\BOOKMARK [3][-]{subsubsection.5.1.4}{\376\377\000C\000o\000n\000d\000i\000c\000i\000o\000n\000e\000s\000\040\000d\000e\000\040\000f\000r\000o\000n\000t\000e\000r\000a}{subsection.5.1}% 27
\BOOKMARK [3][-]{subsubsection.5.1.5}{\376\377\000E\000n\000e\000r\000g\000\355\000a\000\040\000p\000a\000r\000a\000\040\000m\000e\000d\000i\000o\000s\000\040\000m\000a\000t\000e\000r\000i\000a\000l\000e\000s}{subsection.5.1}% 28
\BOOKMARK [2][-]{subsection.5.2}{\376\377\000M\000e\000d\000i\000o\000s\000\040\000d\000i\000e\000l\000\351\000c\000t\000r\000i\000c\000o\000s}{section.5}% 29
\BOOKMARK [3][-]{subsubsection.5.2.1}{\376\377\000O\000n\000d\000a\000s\000\040\000p\000l\000a\000n\000a\000s\000\040\000y\000\040\000m\000o\000n\000o\000c\000r\000o\000m\000\341\000t\000i\000c\000a\000s}{subsection.5.2}% 30
\BOOKMARK [3][-]{subsubsection.5.2.2}{\376\377\000A\000b\000s\000o\000r\000c\000i\000\363\000n\000\040\000d\000e\000\040\000l\000a\000\040\000r\000a\000d\000i\000a\000c\000i\000\363\000n}{subsection.5.2}% 31
\BOOKMARK [3][-]{subsubsection.5.2.3}{\376\377\000\315\000n\000d\000i\000c\000e\000\040\000d\000e\000\040\000r\000e\000f\000r\000a\000c\000c\000i\000\363\000n\000\040\000c\000o\000m\000p\000l\000e\000j\000o\000\040\000y\000\040\000a\000b\000s\000o\000r\000c\000i\000\363\000n}{subsection.5.2}% 32
\BOOKMARK [3][-]{subsubsection.5.2.4}{\376\377\000O\000n\000d\000a\000s\000\040\000n\000o\000\040\000m\000o\000n\000o\000c\000r\000o\000m\000\341\000t\000i\000c\000a\000s\000\040\000y\000\040\000v\000e\000l\000o\000c\000i\000d\000a\000d\000\040\000d\000e\000\040\000g\000r\000u\000p\000o}{subsection.5.2}% 33
\BOOKMARK [2][-]{subsection.5.3}{\376\377\000M\000e\000d\000i\000o\000s\000\040\000c\000o\000n\000d\000u\000c\000t\000o\000r\000e\000s}{section.5}% 34
\BOOKMARK [3][-]{subsubsection.5.3.1}{\376\377\000P\000r\000o\000p\000i\000e\000d\000a\000d\000e\000s\000\040\000d\000e\000\040\000l\000o\000s\000\040\000m\000e\000d\000i\000o\000s\000\040\000c\000o\000n\000d\000u\000c\000t\000o\000r\000e\000s}{subsection.5.3}% 35
\BOOKMARK [3][-]{subsubsection.5.3.2}{\376\377\000P\000r\000o\000p\000a\000g\000a\000c\000i\000\363\000n\000\040\000d\000e\000\040\000l\000a\000s\000\040\000o\000n\000d\000a\000s\000\040\000c\000o\000n\000d\000u\000c\000t\000o\000r\000e\000s}{subsection.5.3}% 36
\BOOKMARK [1][-]{section.6}{\376\377\000T\000e\000o\000r\000\355\000a\000\040\000d\000e\000\040\000l\000a\000\040\000r\000e\000f\000l\000e\000x\000i\000\363\000n\000\040\000y\000\040\000r\000e\000f\000r\000a\000c\000c\000i\000\363\000n}{}% 37
\BOOKMARK [2][-]{subsection.6.1}{\376\377\000I\000n\000t\000r\000o\000d\000u\000c\000c\000i\000\363\000n}{section.6}% 38
\BOOKMARK [2][-]{subsection.6.2}{\376\377\000L\000e\000y\000e\000s\000\040\000d\000e\000\040\000t\000r\000a\000s\000m\000i\000s\000i\000\363\000n\000\040\000y\000\040\000r\000e\000f\000l\000e\000x\000i\000\363\000n}{section.6}% 39
\BOOKMARK [2][-]{subsection.6.3}{\376\377\000F\000\363\000r\000m\000u\000l\000a\000s\000\040\000d\000e\000\040\000F\000r\000e\000s\000n\000e\000l}{section.6}% 40
\BOOKMARK [3][-]{subsubsection.6.3.1}{\376\377\000M\000o\000d\000o\000\040\000T\000E}{subsection.6.3}% 41
\BOOKMARK [3][-]{subsubsection.6.3.2}{\376\377\000M\000o\000d\000o\000\040\000T\000M}{subsection.6.3}% 42
\BOOKMARK [3][-]{subsubsection.6.3.3}{\376\377\000F\000\363\000r\000m\000u\000l\000a\000\040\000a\000l\000t\000e\000r\000n\000a\000t\000i\000v\000a\000\040\000p\000a\000r\000a\000\040\000l\000o\000s\000\040\000c\000o\000e\000f\000i\000c\000i\000e\000n\000t\000e\000s\000\040\000d\000e\000\040\000F\000r\000e\000s\000n\000e\000l}{subsection.6.3}% 43
\BOOKMARK [3][-]{subsubsection.6.3.4}{\376\377\000\301\000n\000g\000u\000l\000o\000\040\000d\000e\000\040\000B\000r\000e\000w\000s\000t\000e\000r}{subsection.6.3}% 44
\BOOKMARK [2][-]{subsection.6.4}{\376\377\000R\000e\000f\000l\000e\000c\000t\000a\000n\000c\000i\000a\000\040\000y\000\040\000t\000r\000a\000s\000m\000i\000t\000a\000n\000c\000i\000a}{section.6}% 45
\BOOKMARK [2][-]{subsection.6.5}{\376\377\000R\000e\000f\000l\000e\000x\000i\000\363\000n\000\040\000t\000o\000t\000a\000l}{section.6}% 46
\BOOKMARK [3][-]{subsubsection.6.5.1}{\376\377\000O\000n\000d\000a\000\040\000t\000r\000a\000s\000m\000i\000t\000i\000d\000a}{subsection.6.5}% 47
\BOOKMARK [3][-]{subsubsection.6.5.2}{\376\377\000O\000n\000d\000a\000\040\000r\000e\000f\000l\000e\000j\000a\000d\000a}{subsection.6.5}% 48
\BOOKMARK [2][-]{subsection.6.6}{\376\377\000R\000e\000f\000l\000e\000x\000i\000\363\000n\000\040\000y\000\040\000r\000e\000f\000r\000a\000c\000c\000i\000\363\000n\000\040\000e\000n\000\040\000m\000e\000t\000a\000l\000e\000s}{section.6}% 49
\BOOKMARK [1][-]{section.7}{\376\377\000M\000o\000d\000e\000l\000o\000\040\000m\000i\000c\000r\000o\000s\000c\000\363\000p\000i\000c\000o\000\040\000d\000e\000\040\000i\000n\000t\000e\000r\000a\000c\000c\000i\000\363\000n\000\040\000r\000a\000d\000i\000a\000c\000i\000\363\000n\000-\000m\000a\000t\000e\000r\000i\000a}{}% 50
\BOOKMARK [2][-]{subsection.7.1}{\376\377\000\301\000t\000o\000m\000o\000\040\000c\000l\000\341\000s\000i\000c\000o}{section.7}% 51
\BOOKMARK [2][-]{subsection.7.2}{\376\377\000E\000m\000i\000s\000i\000\363\000n\000\040\000y\000\040\000r\000e\000e\000m\000i\000s\000i\000\363\000n\000\040\000d\000e\000\040\000l\000a\000\040\000l\000u\000z}{section.7}% 52
\BOOKMARK [3][-]{subsubsection.7.2.1}{\376\377\000E\000m\000i\000s\000i\000\363\000n\000\040\000d\000i\000p\000o\000l\000a\000r\000\040\000e\000l\000\351\000c\000t\000r\000i\000c\000a}{subsection.7.2}% 53
\BOOKMARK [3][-]{subsubsection.7.2.2}{\376\377\000I\000n\000t\000e\000r\000a\000c\000c\000i\000\363\000n\000\040\000d\000e\000l\000\040\000c\000a\000m\000p\000o\000\040\000e\000l\000e\000c\000t\000r\000o\000m\000a\000g\000n\000\351\000t\000i\000c\000o\000\040\000c\000o\000n\000\040\000l\000a\000\040\000m\000a\000t\000e\000r\000i\000a}{subsection.7.2}% 54
\BOOKMARK [2][-]{subsection.7.3}{\376\377\000A\000b\000s\000o\000r\000c\000i\000\363\000n\000\040\000d\000e\000\040\000r\000a\000d\000i\000a\000c\000i\000\363\000n\000\040\000p\000o\000r\000\040\000\341\000t\000o\000m\000o\000s\000\040\000c\000l\000\341\000s\000i\000c\000o\000s}{section.7}% 55
\BOOKMARK [2][-]{subsection.7.4}{\376\377\000D\000i\000s\000p\000e\000r\000s\000i\000\363\000n\000\040\000d\000e\000\040\000R\000a\000y\000l\000e\000i\000g\000h}{section.7}% 56
\BOOKMARK [2][-]{subsection.7.5}{\376\377\000M\000o\000d\000e\000l\000o\000\040\000s\000i\000m\000p\000l\000e\000\040\000d\000e\000l\000\040\000\355\000n\000d\000i\000c\000e\000\040\000d\000e\000\040\000r\000e\000f\000r\000a\000c\000c\000i\000\363\000n}{section.7}% 57
\BOOKMARK [3][-]{subsubsection.7.5.1}{\376\377\000O\000s\000c\000i\000l\000a\000d\000o\000r\000\040\000n\000o\000\040\000l\000i\000n\000e\000a\000l}{subsection.7.5}% 58
\BOOKMARK [1][-]{section.8}{\376\377\000D\000i\000s\000p\000e\000r\000s\000i\000\363\000n\000\040\000m\000a\000t\000e\000r\000i\000a\000l\000\040\000e\000\040\000\355\000n\000d\000i\000c\000e\000\040\000c\000o\000m\000p\000l\000e\000j\000o}{}% 59
\BOOKMARK [2][-]{subsection.8.1}{\376\377\000D\000i\000s\000p\000e\000r\000s\000i\000\363\000n\000\040\000e\000n\000\040\000d\000i\000e\000l\000\351\000c\000t\000r\000i\000c\000o\000s}{section.8}% 60
\BOOKMARK [3][-]{subsubsection.8.1.1}{\376\377\000D\000i\000e\000l\000\351\000c\000t\000r\000i\000c\000o\000s\000\040\000d\000e\000n\000s\000o\000s}{subsection.8.1}% 61
\BOOKMARK [2][-]{subsection.8.2}{\376\377\000D\000i\000s\000p\000e\000r\000s\000i\000\363\000n\000\040\000e\000n\000\040\000m\000e\000d\000i\000o\000s\000\040\000c\000o\000n\000d\000u\000c\000t\000o\000r\000e\000s}{section.8}% 62
\BOOKMARK [1][-]{section.9}{\376\377\000P\000o\000l\000a\000r\000i\000z\000a\000c\000i\000\363\000n}{}% 63
\BOOKMARK [2][-]{subsection.9.1}{\376\377\000I\000n\000t\000r\000o\000d\000u\000c\000c\000i\000\363\000n}{section.9}% 64
\BOOKMARK [2][-]{subsection.9.2}{\376\377\000P\000o\000l\000a\000r\000i\000z\000a\000c\000i\000\363\000n\000\040\000e\000n\000\040\000m\000e\000d\000i\000o\000s\000\040\000i\000s\000\363\000t\000r\000o\000p\000o\000s}{section.9}% 65
\BOOKMARK [3][-]{subsubsection.9.2.1}{\376\377\000P\000o\000l\000a\000r\000i\000z\000a\000c\000i\000\363\000n\000\040\000l\000i\000n\000e\000a\000l}{subsection.9.2}% 66
\BOOKMARK [3][-]{subsubsection.9.2.2}{\376\377\000P\000o\000l\000a\000r\000i\000z\000a\000c\000i\000\363\000n\000\040\000c\000i\000r\000c\000u\000l\000a\000r}{subsection.9.2}% 67
\BOOKMARK [3][-]{subsubsection.9.2.3}{\376\377\000P\000o\000l\000a\000r\000i\000z\000a\000c\000i\000\363\000n\000\040\000e\000l\000\355\000p\000t\000i\000c\000a}{subsection.9.2}% 68
\BOOKMARK [2][-]{subsection.9.3}{\376\377\000L\000u\000z\000\040\000n\000a\000t\000u\000r\000a\000l\000\040\000y\000\040\000p\000a\000r\000c\000i\000a\000l\000m\000e\000n\000t\000e\000\040\000p\000o\000l\000a\000r\000i\000z\000a\000d\000a}{section.9}% 69
\BOOKMARK [2][-]{subsection.9.4}{\376\377\000\301\000l\000g\000e\000b\000r\000a\000\040\000d\000e\000\040\000l\000o\000s\000\040\000e\000s\000t\000a\000d\000o\000s\000\040\000d\000e\000\040\000p\000o\000l\000a\000r\000i\000z\000a\000c\000i\000\363\000n\000\040\000l\000i\000n\000e\000a\000l}{section.9}% 70
\BOOKMARK [2][-]{subsection.9.5}{\376\377\000\301\000l\000g\000e\000b\000r\000a\000\040\000d\000e\000\040\000l\000o\000s\000\040\000p\000o\000l\000a\000r\000i\000z\000a\000d\000o\000r\000e\000s}{section.9}% 71
\BOOKMARK [3][-]{subsubsection.9.5.1}{\376\377\000P\000o\000l\000a\000r\000i\000z\000a\000d\000o\000r\000e\000s}{subsection.9.5}% 72
\BOOKMARK [3][-]{subsubsection.9.5.2}{\376\377\000M\000a\000t\000r\000i\000z\000\040\000d\000e\000\040\000J\000o\000n\000e\000s}{subsection.9.5}% 73
\BOOKMARK [1][-]{section.10}{\376\377\000O\000n\000d\000a\000s\000\040\000e\000l\000e\000c\000t\000r\000o\000m\000a\000g\000n\000\351\000t\000i\000c\000a\000s\000\040\000e\000n\000\040\000m\000e\000d\000i\000o\000s\000\040\000a\000n\000i\000s\000\363\000t\000r\000o\000p\000o\000s}{}% 74
\BOOKMARK [2][-]{subsection.10.1}{\376\377\000M\000o\000d\000e\000l\000o\000\040\000m\000i\000c\000r\000o\000s\000c\000\363\000p\000i\000c\000o\000\040\000d\000e\000l\000\040\000\355\000n\000d\000i\000c\000e\000\040\000d\000e\000\040\000r\000e\000f\000r\000a\000c\000c\000i\000\363\000n}{section.10}% 75
\BOOKMARK [2][-]{subsection.10.2}{\376\377\000T\000e\000o\000r\000\355\000a\000\040\000e\000l\000e\000c\000t\000r\000o\000m\000a\000g\000n\000\351\000t\000i\000c\000a\000\040\000e\000n\000\040\000l\000o\000s\000\040\000m\000e\000d\000i\000o\000s\000\040\000a\000n\000i\000s\000\363\000t\000r\000o\000p\000o\000s}{section.10}% 76
\BOOKMARK [3][-]{subsubsection.10.2.1}{\376\377\000C\000a\000r\000a\000c\000t\000e\000r\000\355\000s\000t\000i\000c\000a\000s\000\040\000d\000e\000\040\000l\000a\000s\000\040\000o\000n\000d\000a\000s\000\040\000e\000l\000e\000c\000t\000r\000o\000m\000a\000g\000n\000\351\000t\000i\000c\000a\000s}{subsection.10.2}% 77
\BOOKMARK [3][-]{subsubsection.10.2.2}{\376\377\000T\000e\000n\000s\000o\000r\000\040\000d\000i\000e\000l\000\351\000c\000t\000r\000i\000c\000o}{subsection.10.2}% 78
\BOOKMARK [3][-]{subsubsection.10.2.3}{\376\377\000E\000c\000u\000a\000c\000i\000\363\000n\000\040\000d\000e\000\040\000F\000r\000e\000s\000n\000e\000l}{subsection.10.2}% 79
\BOOKMARK [3][-]{subsubsection.10.2.4}{\376\377\000C\000r\000i\000s\000t\000a\000l\000e\000s\000\040\000u\000n\000i\000\341\000x\000i\000c\000o\000s}{subsection.10.2}% 80
\BOOKMARK [3][-]{subsubsection.10.2.5}{\376\377\000B\000i\000r\000r\000e\000f\000l\000e\000j\000a\000n\000c\000i\000a}{subsection.10.2}% 81
\BOOKMARK [2][-]{subsection.10.3}{\376\377\000D\000i\000s\000p\000o\000s\000i\000t\000i\000v\000o\000s\000\040\000b\000i\000r\000r\000e\000f\000l\000e\000j\000a\000n\000t\000e\000s}{section.10}% 82
\BOOKMARK [3][-]{subsubsection.10.3.1}{\376\377\000L\000a\000m\000i\000n\000a\000s\000\040\000d\000e\000\040\000r\000e\000t\000a\000r\000d\000o}{subsection.10.3}% 83
\BOOKMARK [3][-]{subsubsection.10.3.2}{\376\377\000C\000o\000m\000p\000e\000n\000s\000a\000d\000o\000r\000\040\000d\000e\000\040\000B\000a\000b\000i\000n\000e\000t}{subsection.10.3}% 84
