\BOOKMARK [1][-]{section.1}{\376\377\000I\000n\000t\000r\000o\000d\000u\000c\000c\000i\000\363\000n}{}% 1
\BOOKMARK [2][-]{subsection.1.1}{\376\377\000O\000b\000j\000e\000t\000i\000v\000o\000s}{section.1}% 2
\BOOKMARK [2][-]{subsection.1.2}{\376\377\000M\000a\000t\000e\000r\000i\000a\000l}{section.1}% 3
\BOOKMARK [2][-]{subsection.1.3}{\376\377\000I\000n\000t\000r\000o\000d\000u\000c\000c\000i\000\363\000n\000\040\000t\000e\000\363\000r\000i\000c\000a}{section.1}% 4
\BOOKMARK [2][-]{subsection.1.4}{\376\377\000P\000r\000o\000c\000e\000d\000i\000m\000i\000e\000n\000t\000o\000\040\000e\000x\000p\000e\000r\000i\000m\000e\000n\000t\000a\000l}{section.1}% 5
\BOOKMARK [1][-]{section.2}{\376\377\000P\000r\000o\000p\000a\000g\000a\000c\000i\000\363\000n\000\040\000d\000e\000\040\000i\000n\000c\000e\000r\000t\000i\000d\000u\000m\000b\000r\000e\000s}{}% 6
\BOOKMARK [1][-]{section.3}{\376\377\000I\000n\000c\000e\000r\000t\000i\000d\000u\000m\000b\000r\000e\000s}{}% 7
\BOOKMARK [1][-]{section.4}{\376\377\000R\000e\000s\000u\000l\000t\000a\000d\000o\000s\000\040\000e\000x\000p\000e\000r\000i\000m\000e\000n\000t\000a\000l\000e\000s}{}% 8
\BOOKMARK [2][-]{subsection.4.1}{\376\377\000P\000r\000i\000m\000e\000r\000a\000\040\000d\000i\000s\000t\000a\000n\000c\000i\000a}{section.4}% 9
\BOOKMARK [3][-]{subsubsection.4.1.1}{\376\377\000C\000a\000u\000d\000a\000l\000\040\000n\000\372\000m\000e\000r\000o\000\040\0001}{subsection.4.1}% 10
\BOOKMARK [3][-]{subsubsection.4.1.2}{\376\377\000C\000a\000u\000d\000a\000l\000\040\000n\000\372\000m\000e\000r\000o\000\040\0002}{subsection.4.1}% 11
\BOOKMARK [3][-]{subsubsection.4.1.3}{\376\377\000C\000a\000u\000d\000a\000l\000\040\000n\000\372\000m\000e\000r\000o\000\040\0003}{subsection.4.1}% 12
\BOOKMARK [3][-]{subsubsection.4.1.4}{\376\377\000C\000a\000u\000d\000a\000l\000\040\000n\000\372\000m\000e\000r\000o\000\040\0004}{subsection.4.1}% 13
\BOOKMARK [3][-]{subsubsection.4.1.5}{\376\377\000C\000a\000u\000d\000a\000l\000\040\000n\000\372\000m\000e\000r\000o\000\040\0005}{subsection.4.1}% 14
\BOOKMARK [2][-]{subsection.4.2}{\376\377\000S\000e\000g\000u\000n\000d\000a\000\040\000d\000i\000s\000t\000a\000n\000c\000i\000a}{section.4}% 15
\BOOKMARK [3][-]{subsubsection.4.2.1}{\376\377\000C\000a\000u\000d\000a\000l\000\040\000n\000\372\000m\000e\000r\000o\000\040\0001}{subsection.4.2}% 16
\BOOKMARK [3][-]{subsubsection.4.2.2}{\376\377\000C\000a\000u\000d\000a\000l\000\040\000n\000\372\000m\000e\000r\000o\000\040\0002}{subsection.4.2}% 17
\BOOKMARK [3][-]{subsubsection.4.2.3}{\376\377\000C\000a\000u\000d\000a\000l\000\040\000n\000\372\000m\000e\000r\000o\000\040\0003}{subsection.4.2}% 18
\BOOKMARK [3][-]{subsubsection.4.2.4}{\376\377\000C\000a\000u\000d\000a\000l\000\040\000n\000\372\000m\000e\000r\000o\000\040\0004}{subsection.4.2}% 19
\BOOKMARK [3][-]{subsubsection.4.2.5}{\376\377\000C\000a\000u\000d\000a\000l\000\040\000n\000\372\000m\000e\000r\000o\000\040\0005}{subsection.4.2}% 20
\BOOKMARK [2][-]{subsection.4.3}{\376\377\000G\000r\000\341\000f\000i\000c\000a\000s}{section.4}% 21
\BOOKMARK [1][-]{section.5}{\376\377\000C\000o\000n\000c\000l\000u\000s\000i\000\363\000n}{}% 22
\BOOKMARK [1][-]{section.6}{\376\377\000D\000a\000t\000o\000s}{}% 23
\BOOKMARK [2][-]{subsection.6.1}{\376\377\000P\000r\000i\000m\000e\000r\000a\000\040\000d\000i\000s\000t\000a\000n\000c\000i\000a}{section.6}% 24
\BOOKMARK [3][-]{subsubsection.6.1.1}{\376\377\000C\000a\000u\000d\000a\000l\000\040\000n\000\372\000m\000e\000r\000o\000\040\0001}{subsection.6.1}% 25
\BOOKMARK [3][-]{subsubsection.6.1.2}{\376\377\000C\000a\000u\000d\000a\000l\000\040\000n\000\372\000m\000e\000r\000o\000\040\0002}{subsection.6.1}% 26
\BOOKMARK [3][-]{subsubsection.6.1.3}{\376\377\000C\000a\000u\000d\000a\000l\000\040\000n\000\372\000m\000e\000r\000o\000\040\0003}{subsection.6.1}% 27
\BOOKMARK [3][-]{subsubsection.6.1.4}{\376\377\000C\000a\000u\000d\000a\000l\000\040\000n\000\372\000m\000e\000r\000o\000\040\0004}{subsection.6.1}% 28
\BOOKMARK [3][-]{subsubsection.6.1.5}{\376\377\000C\000a\000u\000d\000a\000l\000\040\000n\000\372\000m\000e\000r\000o\000\040\0005}{subsection.6.1}% 29
\BOOKMARK [2][-]{subsection.6.2}{\376\377\000S\000e\000g\000u\000n\000d\000a\000\040\000d\000i\000s\000t\000a\000n\000c\000i\000a}{section.6}% 30
\BOOKMARK [3][-]{subsubsection.6.2.1}{\376\377\000C\000a\000u\000d\000a\000l\000\040\000n\000\372\000m\000e\000r\000o\000\040\0001}{subsection.6.2}% 31
\BOOKMARK [3][-]{subsubsection.6.2.2}{\376\377\000C\000a\000u\000d\000a\000l\000\040\000n\000\372\000m\000e\000r\000o\000\040\0002}{subsection.6.2}% 32
\BOOKMARK [3][-]{subsubsection.6.2.3}{\376\377\000C\000a\000u\000d\000a\000l\000\040\000n\000\372\000m\000e\000r\000o\000\040\0003}{subsection.6.2}% 33
\BOOKMARK [3][-]{subsubsection.6.2.4}{\376\377\000C\000a\000u\000d\000a\000l\000\040\000n\000\372\000m\000e\000r\000o\000\040\0004}{subsection.6.2}% 34
\BOOKMARK [3][-]{subsubsection.6.2.5}{\376\377\000C\000a\000u\000d\000a\000l\000\040\000n\000\372\000m\000e\000r\000o\000\040\0005}{subsection.6.2}% 35
