\BOOKMARK [0][-]{chapter.1}{\376\377\000I\000n\000t\000r\000o\000d\000u\000c\000c\000i\000\363\000n\000\040\000a\000\040\000l\000a\000\040\000p\000r\000o\000p\000a\000g\000a\000c\000i\000\363\000n\000\040\000d\000e\000\040\000i\000n\000c\000e\000r\000t\000i\000d\000u\000m\000b\000r\000e\000s}{}% 1
\BOOKMARK [1][-]{section.1.1}{\376\377\000M\000e\000d\000i\000d\000a\000s\000\040\000d\000i\000r\000e\000c\000t\000a\000s}{chapter.1}% 2
\BOOKMARK [1][-]{section.1.2}{\376\377\000M\000e\000d\000i\000d\000a\000s\000\040\000i\000n\000d\000i\000r\000e\000c\000t\000a\000s}{chapter.1}% 3
\BOOKMARK [1][-]{section.1.3}{\376\377\000R\000e\000g\000r\000e\000s\000i\000\363\000n\000\040\000l\000i\000n\000e\000a\000l\000\040\000s\000i\000m\000p\000l\000e}{chapter.1}% 4
\BOOKMARK [2][-]{subsection.1.3.1}{\376\377\000C\000a\000s\000o\000\040\000p\000a\000r\000t\000i\000c\000u\000l\000a\000r\000:\000\040\000s\000i\000n\000\040\000t\000\351\000r\000m\000i\000n\000o\000\040\000i\000n\000d\000e\000p\000e\000n\000d\000i\000e\000n\000t\000e}{section.1.3}% 5
\BOOKMARK [0][-]{chapter.2}{\376\377\000B\000a\000l\000a\000n\000z\000a\000\040\000e\000l\000e\000c\000t\000r\000o\000d\000i\000n\000\341\000m\000i\000c\000a\000\040\000\050\000b\000o\000r\000r\000a\000d\000o\000r\000\051}{}% 6
\BOOKMARK [1][-]{section.2.1}{\376\377\000O\000b\000j\000e\000t\000i\000v\000o\000s\000\040\000e\000\040\000i\000n\000t\000r\000o\000d\000u\000c\000c\000i\000\363\000n}{chapter.2}% 7
\BOOKMARK [1][-]{section.2.2}{\376\377\000A\000n\000\341\000l\000i\000s\000i\000s\000\040\000d\000e\000\040\000d\000a\000t\000o\000s}{chapter.2}% 8
\BOOKMARK [2][-]{subsection.2.2.1}{\376\377\000F\000u\000e\000r\000z\000a\000\040\000m\000a\000g\000n\000\351\000t\000i\000c\000a\000\040\000v\000e\000r\000s\000u\000s\000\040\000i\000n\000t\000e\000n\000s\000i\000d\000a\000d\000\040\000d\000e\000\040\000l\000a\000s\000\040\000e\000s\000p\000i\000r\000a\000s\000\040\000\050\000r\000e\000g\000r\000e\000s\000i\000\363\000n\000\040\000h\000e\000c\000h\000a\000\040\000a\000\040\000m\000a\000n\000o\000\051}{section.2.2}% 9
\BOOKMARK [2][-]{subsection.2.2.2}{\376\377\000F\000u\000e\000r\000z\000a\000\040\000m\000a\000g\000n\000\351\000t\000i\000c\000a\000\040\000v\000e\000r\000s\000u\000s\000\040\000l\000o\000n\000g\000i\000t\000u\000d\000\040\000d\000e\000\040\000l\000a\000s\000\040\000e\000s\000p\000i\000r\000a\000s}{section.2.2}% 10
\BOOKMARK [2][-]{subsection.2.2.3}{\376\377\000F\000u\000e\000r\000z\000a\000\040\000m\000a\000g\000n\000\351\000t\000i\000c\000a\000\040\000v\000e\000r\000s\000u\000s\000\040\000i\000n\000t\000e\000n\000s\000i\000d\000a\000d\000\040\000d\000e\000\040\000l\000a\000\040\000b\000o\000b\000i\000n\000a}{section.2.2}% 11
\BOOKMARK [1][-]{section.2.3}{\376\377\000C\000o\000n\000c\000l\000u\000s\000i\000o\000n\000e\000s}{chapter.2}% 12
\BOOKMARK [0][-]{chapter.3}{\376\377\000T\000e\000n\000s\000i\000\363\000n\000\040\000s\000u\000p\000e\000r\000f\000i\000c\000i\000a\000l}{}% 13
\BOOKMARK [1][-]{section.3.1}{\376\377\000O\000b\000j\000e\000t\000i\000v\000o\000s}{chapter.3}% 14
\BOOKMARK [1][-]{section.3.2}{\376\377\000I\000n\000t\000r\000o\000d\000u\000c\000c\000i\000\363\000n\000\040\000t\000e\000\363\000r\000i\000c\000a}{chapter.3}% 15
\BOOKMARK [1][-]{section.3.3}{\376\377\000M\000o\000n\000t\000a\000j\000e\000\040\000e\000x\000p\000e\000r\000i\000m\000e\000n\000t\000a\000l}{chapter.3}% 16
\BOOKMARK [1][-]{section.3.4}{\376\377\000A\000n\000\341\000l\000i\000s\000i\000s\000\040\000d\000e\000\040\000d\000a\000t\000o\000s}{chapter.3}% 17
\BOOKMARK [2][-]{subsection.3.4.1}{\376\377\000E\000s\000t\000u\000d\000i\000o\000\040\000d\000e\000\040\000l\000a\000\040\000t\000e\000n\000s\000i\000\363\000n\000\040\000s\000u\000p\000e\000r\000f\000i\000c\000i\000a\000l\000\040\000a\000\040\000t\000e\000m\000p\000e\000r\000a\000t\000u\000r\000a\000\040\000a\000m\000b\000i\000e\000n\000t\000e}{section.3.4}% 18
\BOOKMARK [2][-]{subsection.3.4.2}{\376\377\000E\000s\000t\000u\000d\000i\000o\000\040\000d\000e\000\040\000l\000a\000\040\000t\000e\000n\000s\000i\000\363\000n\000\040\000s\000u\000p\000e\000r\000f\000i\000c\000i\000a\000l\000\040\000a\000\040\000d\000i\000f\000e\000r\000e\000n\000t\000e\000s\000\040\000t\000e\000m\000p\000e\000r\000a\000t\000u\000r\000a\000s}{section.3.4}% 19
\BOOKMARK [2][-]{subsection.3.4.3}{\376\377\000E\000s\000t\000u\000d\000i\000o\000\040\000d\000e\000\040\000l\000a\000\040\000t\000e\000n\000s\000i\000\363\000n\000\040\000s\000u\000p\000e\000r\000f\000i\000c\000i\000a\000l\000\040\000c\000o\000n\000\040\000d\000i\000f\000e\000r\000e\000n\000t\000e\000s\000\040\000d\000i\000s\000o\000l\000u\000c\000i\000o\000n\000e\000s\000\040\000d\000e\000\040\000a\000l\000c\000o\000h\000o\000l}{section.3.4}% 20
\BOOKMARK [1][-]{section.3.5}{\376\377\000C\000o\000n\000c\000l\000u\000s\000i\000o\000n\000e\000s}{chapter.3}% 21
\BOOKMARK [0][-]{chapter.4}{\376\377\000M\000u\000e\000l\000l\000e}{}% 22
\BOOKMARK [1][-]{section.4.1}{\376\377\000O\000b\000j\000e\000t\000i\000v\000o\000s}{chapter.4}% 23
\BOOKMARK [1][-]{section.4.2}{\376\377\000I\000n\000t\000r\000o\000d\000u\000c\000c\000i\000\363\000n\000\040\000t\000e\000\363\000r\000i\000c\000a}{chapter.4}% 24
\BOOKMARK [1][-]{section.4.3}{\376\377\000M\000o\000n\000t\000a\000j\000e\000\040\000e\000x\000p\000e\000r\000i\000m\000e\000n\000t\000a\000l}{chapter.4}% 25
\BOOKMARK [2][-]{subsection.4.3.1}{\376\377\000C\000a\000l\000c\000u\000l\000o\000\040\000d\000e\000\040\000k}{section.4.3}% 26
\BOOKMARK [2][-]{subsection.4.3.2}{\376\377\000C\000a\000l\000c\000u\000l\000o\000\040\000d\000e\000\040\000d\000e\000n\000s\000i\000d\000a\000d\000e\000s}{section.4.3}% 27
\BOOKMARK [1][-]{section.4.4}{\376\377\000A\000n\000\341\000l\000i\000s\000i\000s\000\040\000d\000e\000\040\000d\000a\000t\000o\000s}{chapter.4}% 28
\BOOKMARK [2][-]{subsection.4.4.1}{\376\377\000D\000e\000t\000e\000r\000m\000i\000n\000a\000c\000i\000\363\000n\000\040\000d\000e\000\040\000k\000\040\000p\000o\000r\000\040\000e\000l\000\040\000m\000e\000d\000i\000o\000\040\000e\000s\000t\000\341\000t\000i\000c\000o}{section.4.4}% 29
\BOOKMARK [2][-]{subsection.4.4.2}{\376\377\000D\000e\000t\000e\000r\000m\000i\000n\000a\000c\000i\000\363\000n\000\040\000d\000e\000\040\000k\000\040\000p\000o\000r\000\040\000e\000l\000\040\000m\000e\000d\000i\000o\000\040\000d\000i\000n\000\341\000m\000i\000c\000o}{section.4.4}% 30
\BOOKMARK [2][-]{subsection.4.4.3}{\376\377\000C\000\341\000l\000c\000u\000l\000o\000\040\000d\000e\000\040\000l\000a\000\040\000d\000e\000n\000s\000i\000d\000a\000d\000\040\000d\000e\000\040\000u\000n\000\040\000s\000\363\000l\000i\000d\000o}{section.4.4}% 31
\BOOKMARK [2][-]{subsection.4.4.4}{\376\377\000C\000\341\000l\000c\000u\000l\000o\000\040\000d\000e\000\040\000l\000a\000\040\000d\000e\000n\000s\000i\000d\000a\000d\000\040\000d\000e\000\040\000u\000n\000\040\000l\000\355\000q\000u\000i\000d\000o}{section.4.4}% 32
\BOOKMARK [1][-]{section.4.5}{\376\377\000C\000o\000n\000c\000l\000u\000s\000i\000o\000n\000e\000s}{chapter.4}% 33
\BOOKMARK [0][-]{chapter.5}{\376\377\000C\000a\000\355\000d\000a\000\040\000l\000i\000b\000r\000e\000\040}{}% 34
\BOOKMARK [1][-]{section.5.1}{\376\377\000O\000b\000j\000e\000t\000i\000v\000o\000s}{chapter.5}% 35
\BOOKMARK [1][-]{section.5.2}{\376\377\000I\000n\000t\000r\000o\000d\000u\000c\000c\000i\000\363\000n\000\040\000t\000e\000\363\000r\000i\000c\000a}{chapter.5}% 36
\BOOKMARK [1][-]{section.5.3}{\376\377\000M\000o\000n\000t\000a\000j\000e\000\040\000e\000x\000p\000e\000r\000i\000m\000e\000n\000t\000a\000l}{chapter.5}% 37
\BOOKMARK [1][-]{section.5.4}{\376\377\000A\000n\000\341\000l\000i\000s\000i\000s\000\040\000d\000e\000\040\000d\000a\000t\000o\000s}{chapter.5}% 38
\BOOKMARK [1][-]{section.5.5}{\376\377\000C\000o\000n\000c\000l\000u\000s\000i\000o\000n\000e\000s}{chapter.5}% 39
\BOOKMARK [0][-]{chapter.6}{\376\377\000K\000a\000t\000e\000r}{}% 40
\BOOKMARK [1][-]{section.6.1}{\376\377\000O\000b\000j\000e\000t\000i\000v\000o\000s}{chapter.6}% 41
\BOOKMARK [1][-]{section.6.2}{\376\377\000I\000n\000t\000r\000o\000d\000u\000c\000c\000i\000\363\000n\000\040\000t\000e\000\363\000r\000i\000c\000a}{chapter.6}% 42
\BOOKMARK [1][-]{section.6.3}{\376\377\000M\000o\000n\000t\000a\000j\000e\000\040\000e\000x\000p\000e\000r\000i\000m\000e\000n\000t\000a\000l}{chapter.6}% 43
\BOOKMARK [1][-]{section.6.4}{\376\377\000A\000n\000\341\000l\000i\000s\000i\000s\000\040\000d\000e\000\040\000d\000a\000t\000o\000s}{chapter.6}% 44
\BOOKMARK [1][-]{section.6.5}{\376\377\000C\000o\000n\000c\000l\000u\000s\000i\000o\000n\000e\000s}{chapter.6}% 45
