\BOOKMARK [0][-]{chapter.1}{\376\377\000E\000s\000t\000a\000d\000\355\000s\000t\000i\000c\000a\000\040\000d\000e\000s\000c\000r\000i\000p\000t\000i\000v\000a\000\040}{}% 1
\BOOKMARK [1][-]{section.1.1}{\376\377\000I\000n\000t\000r\000o\000d\000u\000c\000c\000i\000\363\000n}{chapter.1}% 2
\BOOKMARK [1][-]{section.1.2}{\376\377\000M\000e\000d\000i\000d\000a\000s\000\040\000c\000a\000r\000a\000c\000t\000e\000r\000\355\000s\000t\000i\000c\000a\000s\000\040\000d\000e\000\040\000u\000n\000a\000\040\000d\000i\000s\000t\000r\000i\000b\000u\000c\000i\000\363\000n\000\040\000d\000e\000\040\000f\000r\000e\000c\000u\000e\000n\000c\000i\000a\000s}{chapter.1}% 3
\BOOKMARK [2][-]{subsection.1.2.1}{\376\377\000M\000o\000m\000e\000n\000t\000o\000s\000\040\000d\000e\000\040\000u\000n\000a\000\040\000d\000i\000s\000t\000r\000i\000b\000u\000c\000i\000\363\000n\000\040\000d\000e\000\040\000f\000r\000e\000c\000u\000e\000n\000c\000i\000a\000s}{section.1.2}% 4
\BOOKMARK [2][-]{subsection.1.2.2}{\376\377\000M\000e\000d\000i\000d\000a\000s\000\040\000d\000e\000\040\000c\000e\000n\000t\000r\000a\000l\000i\000z\000a\000c\000i\000\363\000n}{section.1.2}% 5
\BOOKMARK [2][-]{subsection.1.2.3}{\376\377\000M\000e\000d\000i\000a\000d\000a\000s\000\040\000d\000e\000\040\000d\000i\000s\000p\000e\000r\000s\000i\000\363\000n}{section.1.2}% 6
\BOOKMARK [2][-]{subsection.1.2.4}{\376\377\000M\000e\000d\000i\000d\000a\000s\000\040\000d\000e\000\040\000a\000s\000i\000m\000e\000t\000r\000\355\000a}{section.1.2}% 7
\BOOKMARK [2][-]{subsection.1.2.5}{\376\377\000M\000e\000d\000i\000d\000a\000s\000\040\000d\000e\000\040\000a\000p\000u\000n\000t\000a\000m\000i\000e\000n\000t\000o\000\040\000o\000\040\000c\000u\000r\000t\000o\000s\000i\000s}{section.1.2}% 8
\BOOKMARK [1][-]{section.1.3}{\376\377\000T\000r\000a\000s\000f\000o\000r\000m\000a\000c\000i\000o\000n\000e\000s\000\040\000d\000e\000\040\000u\000n\000a\000\040\000v\000a\000r\000i\000a\000b\000l\000e\000\040\000a\000l\000e\000a\000t\000o\000r\000i\000a}{chapter.1}% 9
\BOOKMARK [1][-]{section.1.4}{\376\377\000D\000i\000s\000t\000r\000i\000b\000u\000c\000i\000o\000n\000e\000s\000\040\000d\000e\000\040\000f\000r\000e\000c\000u\000e\000n\000c\000i\000a\000\040\000m\000u\000l\000t\000i\000v\000a\000r\000i\000a\000b\000l\000e}{chapter.1}% 10
\BOOKMARK [0][-]{chapter.2}{\376\377\000T\000e\000o\000r\000\355\000a\000\040\000d\000e\000\040\000p\000r\000o\000b\000a\000b\000i\000l\000i\000d\000a\000d\000e\000s}{}% 11
\BOOKMARK [1][-]{section.2.1}{\376\377\000F\000u\000n\000d\000a\000m\000e\000n\000t\000o\000s\000\040\000d\000e\000\040\000p\000r\000o\000b\000a\000b\000i\000l\000i\000d\000a\000d}{chapter.2}% 12
\BOOKMARK [2][-]{subsection.2.1.1}{\376\377\000F\000u\000n\000c\000i\000\363\000n\000\040\000d\000e\000\040\000p\000r\000o\000b\000a\000b\000i\000l\000i\000d\000a\000d\000,\000\040\000d\000e\000n\000s\000i\000d\000a\000d\000\040\000d\000e\000\040\000p\000r\000o\000b\000a\000b\000i\000l\000i\000d\000a\000d\000\040\000y\000\040\000d\000i\000s\000t\000r\000i\000b\000u\000c\000i\000\363\000n\000\040\000d\000e\000\040\000p\000r\000o\000b\000a\000b\000i\000l\000i\000d\000a\000d}{section.2.1}% 13
\BOOKMARK [2][-]{subsection.2.1.2}{\376\377\000N\000o\000r\000m\000a\000l\000i\000z\000a\000c\000i\000\363\000n\000\040\000d\000e\000\040\000u\000n\000a\000\040\000d\000i\000s\000t\000r\000i\000b\000u\000c\000i\000\363\000n\000\040\000c\000o\000n\000t\000i\000n\000u\000a\000:}{section.2.1}% 14
\BOOKMARK [2][-]{subsection.2.1.3}{\376\377\000E\000s\000p\000e\000r\000a\000n\000z\000a\000:}{section.2.1}% 15
\BOOKMARK [2][-]{subsection.2.1.4}{\376\377\000M\000e\000d\000i\000d\000a\000s\000\040\000d\000e\000\040\000c\000e\000n\000t\000r\000a\000l\000i\000z\000a\000c\000i\000\363\000n\000:}{section.2.1}% 16
\BOOKMARK [2][-]{subsection.2.1.5}{\376\377\000M\000e\000d\000i\000d\000a\000s\000\040\000d\000e\000\040\000d\000i\000s\000p\000e\000r\000s\000i\000\363\000n\000:}{section.2.1}% 17
\BOOKMARK [2][-]{subsection.2.1.6}{\376\377\000T\000i\000p\000i\000f\000i\000c\000a\000c\000i\000\363\000n\000\040\000d\000e\000\040\000l\000a\000\040\000v\000a\000r\000i\000a\000b\000l\000e\000\040\000a\000l\000e\000a\000t\000o\000r\000i\000a\000:\000\040}{section.2.1}% 18
\BOOKMARK [2][-]{subsection.2.1.7}{\376\377\000M\000o\000m\000e\000n\000t\000o\000s\000\040\000d\000e\000\040\000l\000a\000\040\000d\000i\000s\000t\000r\000i\000b\000u\000c\000i\000\363\000n\000\040\000d\000e\000\040\000p\000r\000o\000b\000a\000b\000i\000l\000i\000d\000a\000d}{section.2.1}% 19
\BOOKMARK [2][-]{subsection.2.1.8}{\376\377\000F\000u\000n\000c\000i\000\363\000n\000\040\000g\000e\000n\000e\000r\000a\000t\000r\000i\000z\000\040\000d\000e\000\040\000m\000o\000m\000e\000n\000t\000o\000s}{section.2.1}% 20
\BOOKMARK [2][-]{subsection.2.1.9}{\376\377\000T\000r\000a\000n\000s\000f\000o\000r\000m\000a\000c\000i\000\363\000n\000\040\000d\000e\000\040\000l\000a\000\040\000v\000a\000r\000i\000a\000b\000l\000e\000\040\000a\000l\000e\000a\000t\000o\000r\000i\000a\000:}{section.2.1}% 21
\BOOKMARK [2][-]{subsection.2.1.10}{\376\377\000D\000i\000s\000t\000r\000i\000b\000u\000c\000i\000\363\000n\000\040\000b\000i\000n\000o\000m\000i\000a\000l\000:}{section.2.1}% 22
\BOOKMARK [2][-]{subsection.2.1.11}{\376\377\000D\000i\000s\000t\000r\000i\000b\000u\000c\000i\000\363\000n\000\040\000d\000e\000\040\000P\000a\000s\000c\000a\000l\000:}{section.2.1}% 23
\BOOKMARK [2][-]{subsection.2.1.12}{\376\377\000D\000i\000s\000t\000r\000i\000b\000u\000c\000i\000\363\000n\000\040\000d\000e\000\040\000P\000o\000i\000s\000s\000o\000n\000:}{section.2.1}% 24
\BOOKMARK [2][-]{subsection.2.1.13}{\376\377\000D\000i\000s\000t\000r\000i\000b\000u\000c\000i\000\363\000n\000\040\000G\000a\000u\000s\000s\000i\000a\000n\000a\000:}{section.2.1}% 25
\BOOKMARK [2][-]{subsection.2.1.14}{\376\377\000D\000i\000s\000t\000r\000i\000b\000u\000c\000i\000o\000n\000e\000s\000\040\000m\000u\000l\000t\000i\000v\000a\000r\000i\000a\000b\000l\000e\000s}{section.2.1}% 26
\BOOKMARK [2][-]{subsection.2.1.15}{\376\377\000S\000u\000m\000a\000n\000d\000o\000\040\000v\000a\000r\000i\000a\000b\000l\000e\000s\000\040\000a\000l\000e\000a\000t\000o\000r\000i\000a\000s\000\040\000y\000\040\000T\000e\000o\000r\000e\000m\000a\000\040\000d\000e\000l\000\040\000l\000\355\000m\000i\000t\000e\000\040\000c\000e\000n\000t\000r\000a\000l\000:}{section.2.1}% 27
\BOOKMARK [0][-]{chapter.3}{\376\377\000M\000\351\000t\000o\000d\000o\000s\000\040\000e\000s\000t\000a\000d\000\355\000s\000t\000i\000c\000o\000s}{}% 28
\BOOKMARK [1][-]{subsection.3.0.1}{\376\377\000E\000s\000t\000i\000m\000a\000c\000i\000\363\000n\000\040\000p\000u\000n\000t\000u\000a\000l\000\040\000d\000e\000\040\000p\000a\000r\000\341\000m\000e\000t\000r\000o\000s}{chapter.3}% 29
\BOOKMARK [2][-]{subsection.3.0.2}{\376\377\000I\000n\000t\000e\000r\000v\000a\000l\000o\000s\000\040\000d\000e\000\040\000c\000o\000n\000f\000i\000a\000n\000z\000a}{subsection.3.0.1}% 30
\BOOKMARK [2][-]{subsection.3.0.3}{\376\377\000T\000e\000s\000t\000\040\000d\000e\000\040\000h\000i\000p\000\363\000t\000e\000s\000i\000s\000\040\000e\000s\000t\000a\000d\000\355\000s\000t\000i\000c\000a\000s}{subsection.3.0.1}% 31
\BOOKMARK [2][-]{subsection.3.0.4}{\376\377\000M\000\351\000t\000o\000d\000o\000\040\000d\000e\000\040\000m\000\341\000x\000i\000m\000a\000\040\000v\000e\000r\000o\000s\000i\000m\000i\000l\000i\000t\000u\000d}{subsection.3.0.1}% 32
\BOOKMARK [0][-]{chapter.4}{\376\377\000I\000n\000c\000e\000r\000t\000i\000d\000u\000m\000b\000r\000e\000\040\000e\000n\000\040\000l\000a\000\040\000m\000e\000d\000i\000d\000a}{}% 33
\BOOKMARK [1][-]{subsection.4.0.1}{\376\377\000I\000n\000t\000r\000o\000d\000u\000c\000c\000i\000\363\000n\000:\000\040\000e\000r\000r\000o\000r\000\040\000e\000\040\000i\000n\000c\000e\000r\000t\000i\000d\000u\000m\000b\000r\000e}{chapter.4}% 34
\BOOKMARK [2][-]{subsection.4.0.2}{\376\377\000I\000n\000c\000e\000r\000t\000i\000d\000u\000m\000b\000r\000e\000\040\000t\000i\000p\000o\000\040\000A\000\040\000y\000\040\000t\000i\000p\000o\000\040\000B}{subsection.4.0.1}% 35
\BOOKMARK [2][-]{subsection.4.0.3}{\376\377\000I\000n\000c\000e\000r\000t\000i\000d\000u\000m\000b\000r\000e\000\040\000c\000o\000m\000b\000i\000n\000a\000d\000a}{subsection.4.0.1}% 36
\BOOKMARK [2][-]{subsection.4.0.4}{\376\377\000S\000i\000s\000t\000e\000m\000a\000\040\000I\000n\000t\000e\000r\000n\000a\000c\000i\000o\000n\000a\000l\000\040\000d\000e\000\040\000U\000n\000i\000d\000a\000d\000e\000s}{subsection.4.0.1}% 37
\BOOKMARK [2][-]{subsection.4.0.5}{\376\377\000C\000i\000f\000r\000a\000s\000\040\000s\000i\000g\000n\000i\000f\000i\000c\000a\000t\000i\000v\000a\000s}{subsection.4.0.1}% 38
