\BOOKMARK [1][-]{section.1}{\376\377\000F\000u\000n\000d\000a\000m\000e\000n\000t\000o\000s\000\040\000d\000e\000\040\000l\000a\000\040\000M\000e\000c\000\341\000n\000i\000c\000a\000\040\000E\000s\000t\000a\000d\000\355\000s\000t\000i\000c\000a}{}% 1
\BOOKMARK [2][-]{subsection.1.1}{\376\377\000M\000i\000c\000r\000o\000e\000s\000t\000a\000d\000o\000\040\000y\000\040\000M\000a\000c\000r\000o\000e\000s\000t\000a\000d\000o}{section.1}% 2
\BOOKMARK [2][-]{subsection.1.2}{\376\377\000V\000o\000l\000u\000m\000e\000n\000\040\000f\000\341\000s\000i\000c\000o\000\040\000y\000\040\000d\000e\000n\000s\000i\000d\000a\000d\000\040\000d\000e\000\040\000e\000s\000t\000a\000d\000o\000s}{section.1}% 3
\BOOKMARK [2][-]{subsection.1.3}{\376\377\000D\000e\000s\000c\000r\000i\000p\000c\000i\000\363\000n\000\040\000p\000r\000o\000b\000a\000b\000i\000l\000\355\000s\000t\000i\000c\000a}{section.1}% 4
\BOOKMARK [2][-]{subsection.1.4}{\376\377\000E\000c\000u\000a\000c\000i\000\363\000n\000\040\000m\000a\000e\000s\000t\000r\000a}{section.1}% 5
\BOOKMARK [3][-]{subsubsection.1.4.1}{\376\377\000S\000i\000s\000t\000e\000m\000a\000\040\000a\000i\000s\000l\000a\000d\000o\000:\000\040\000d\000i\000s\000t\000r\000i\000b\000u\000c\000i\000\363\000n\000\040\000m\000i\000c\000r\000o\000c\000a\000n\000\363\000n\000i\000c\000a}{subsection.1.4}% 6
\BOOKMARK [3][-]{subsubsection.1.4.2}{\376\377\000S\000i\000s\000t\000e\000m\000a\000\040\000e\000n\000\040\000c\000o\000n\000t\000a\000c\000t\000o\000\040\000c\000o\000n\000\040\000u\000n\000\040\000t\000e\000r\000m\000o\000s\000t\000a\000t\000o\000:\000\040\000d\000i\000s\000t\000r\000i\000b\000u\000c\000i\000\363\000n\000\040\000d\000e\000\040\000G\000i\000b\000b\000s}{subsection.1.4}% 7
\BOOKMARK [2][-]{subsection.1.5}{\376\377\000P\000r\000i\000n\000c\000i\000p\000i\000o\000\040\000d\000e\000\040\000e\000n\000t\000r\000o\000p\000\355\000a\000\040\000m\000\341\000x\000i\000m\000a\000\040\000d\000e\000\040\000J\000a\000y\000n\000e\000s}{section.1}% 8
\BOOKMARK [3][-]{subsubsection.1.5.1}{\376\377\000C\000o\000l\000e\000c\000t\000i\000v\000i\000d\000a\000d\000\040\000m\000i\000c\000r\000o\000c\000a\000n\000\363\000n\000i\000c\000a}{subsection.1.5}% 9
\BOOKMARK [3][-]{subsubsection.1.5.2}{\376\377\000C\000o\000l\000e\000c\000t\000i\000v\000i\000d\000a\000d\000\040\000c\000a\000n\000\363\000n\000i\000c\000a}{subsection.1.5}% 10
\BOOKMARK [3][-]{subsubsection.1.5.3}{\376\377\000C\000o\000l\000e\000c\000t\000i\000v\000d\000a\000d\000\040\000G\000r\000a\000n\000\040\000C\000a\000n\000\363\000n\000i\000c\000a}{subsection.1.5}% 11
\BOOKMARK [1][-]{section.2}{\376\377\000S\000i\000s\000t\000e\000m\000a\000s\000\040\000e\000n\000\040\000i\000n\000t\000e\000r\000a\000c\000c\000i\000\363\000n\000\040\000d\000\351\000b\000i\000l}{}% 12
\BOOKMARK [2][-]{subsection.2.1}{\376\377\000F\000a\000c\000t\000o\000r\000i\000z\000a\000c\000i\000\363\000n\000\040\000d\000e\000\040\000l\000a\000\040\000d\000e\000n\000s\000i\000d\000a\000d\000\040\000d\000e\000\040\000e\000s\000t\000a\000d\000o\000s\000\040\000y\000\040\000l\000a\000\040\000f\000u\000n\000c\000i\000\363\000n\000\040\000d\000e\000\040\000p\000a\000r\000t\000i\000c\000i\000\363\000n}{section.2}% 13
\BOOKMARK [2][-]{subsection.2.2}{\376\377\000S\000i\000s\000t\000e\000m\000a\000s\000\040\000f\000a\000c\000t\000o\000r\000i\000z\000a\000b\000l\000e\000s\000\040\000e\000n\000\040\000e\000l\000\040\000e\000s\000p\000e\000c\000t\000r\000o\000\040\000d\000i\000s\000c\000r\000e\000t\000o\000\040\000d\000e\000\040\000l\000a\000s\000\040\000e\000n\000e\000r\000g\000\355\000a\000s}{section.2}% 14
\BOOKMARK [1][-]{section.3}{\376\377\000S\000i\000s\000t\000e\000m\000a\000s\000\040\000d\000e\000\040\000p\000a\000r\000t\000\355\000c\000u\000l\000a\000s\000\040\000i\000d\000\351\000n\000t\000i\000c\000a\000s}{}% 15
\BOOKMARK [2][-]{subsection.3.1}{\376\377\000P\000r\000i\000n\000c\000i\000p\000i\000o\000\040\000d\000e\000\040\000i\000d\000e\000n\000t\000i\000d\000a\000d\000\040\000d\000e\000\040\000l\000a\000s\000\040\000p\000a\000r\000t\000\355\000c\000u\000l\000a\000s}{section.3}% 16
\BOOKMARK [2][-]{subsection.3.2}{\376\377\000E\000s\000t\000a\000d\000\355\000s\000t\000i\000c\000a\000s\000\040\000d\000e\000\040\000F\000e\000r\000m\000i\000-\000D\000i\000r\000a\000c\000,\000\040\000B\000o\000s\000e\000-\000E\000i\000n\000s\000t\000e\000i\000n\000,\000\040\000M\000a\000x\000w\000e\000l\000l\000-\000B\000o\000l\000t\000z\000m\000a\000n}{section.3}% 17
\BOOKMARK [3][-]{subsubsection.3.2.1}{\376\377\000F\000u\000n\000c\000i\000\363\000n\000\040\000d\000e\000\040\000p\000a\000r\000t\000i\000c\000i\000\363\000n\000:\000\040\000a\000n\000\341\000l\000i\000s\000i\000s\000\040\000g\000r\000a\000n\000\040\000c\000a\000n\000\363\000n\000i\000c\000o}{subsection.3.2}% 18
\BOOKMARK [3][-]{subsubsection.3.2.2}{\376\377\000F\000e\000r\000m\000i\000-\000D\000i\000r\000a\000c}{subsection.3.2}% 19
\BOOKMARK [3][-]{subsubsection.3.2.3}{\376\377\000B\000o\000s\000e\000-\000E\000i\000n\000s\000t\000e\000i\000n}{subsection.3.2}% 20
\BOOKMARK [3][-]{subsubsection.3.2.4}{\376\377\000M\000a\000x\000w\000e\000l\000l\000-\000B\000o\000l\000t\000z\000m\000a\000n\000n}{subsection.3.2}% 21
\BOOKMARK [1][-]{section.4}{\376\377\000G\000a\000s\000e\000s\000\040\000i\000d\000e\000a\000l\000e\000s\000\040\000c\000u\000\341\000n\000t\000i\000c\000o\000s}{}% 22
\BOOKMARK [2][-]{subsection.4.1}{\376\377\000G\000a\000s\000\040\000d\000e\000\040\000b\000o\000s\000o\000n\000e\000s}{section.4}% 23
\BOOKMARK [2][-]{subsection.4.2}{\376\377\000G\000a\000s\000\040\000d\000e\000\040\000e\000l\000e\000c\000t\000r\000o\000n\000e\000s}{section.4}% 24
\BOOKMARK [2][-]{subsection.4.3}{\376\377\000G\000a\000s\000\040\000d\000e\000\040\000f\000o\000t\000o\000n\000e\000s}{section.4}% 25
\BOOKMARK [2][-]{subsection.4.4}{\376\377\000G\000a\000s\000\040\000d\000e\000\040\000f\000o\000n\000o\000n\000e\000s}{section.4}% 26
\BOOKMARK [3][-]{subsubsection.4.4.1}{\376\377\000M\000o\000d\000e\000l\000o\000\040\000d\000e\000\040\000E\000i\000n\000s\000t\000e\000i\000n}{subsection.4.4}% 27
\BOOKMARK [3][-]{subsubsection.4.4.2}{\376\377\000M\000o\000d\000e\000l\000o\000\040\000d\000e\000\040\000D\000e\000b\000y\000e}{subsection.4.4}% 28
\BOOKMARK [1][-]{section.5}{\376\377\000G\000a\000s\000\040\000d\000e\000\040\000M\000a\000x\000w\000e\000l\000l\000-\000B\000o\000l\000t\000z\000m\000a\000n\000n}{}% 29
\BOOKMARK [2][-]{subsection.5.1}{\376\377\000G\000a\000s\000\040\000i\000d\000e\000a\000l\000\040\000m\000o\000n\000o\000t\000a\000t\000\363\000m\000i\000c\000o}{section.5}% 30
\BOOKMARK [3][-]{subsubsection.5.1.1}{\376\377\000T\000r\000a\000t\000a\000m\000i\000e\000n\000t\000o\000\040\000m\000i\000c\000r\000o\000c\000a\000n\000\363\000n\000i\000c\000o}{subsection.5.1}% 31
\BOOKMARK [3][-]{subsubsection.5.1.2}{\376\377\000P\000a\000r\000a\000d\000o\000j\000a\000\040\000d\000e\000\040\000G\000i\000b\000b\000s\000:\000\040\000r\000e\000c\000u\000e\000n\000t\000o\000\040\000c\000o\000r\000r\000e\000c\000t\000o\000\040\000d\000e\000\040\000B\000o\000l\000t\000z\000m\000a\000n\000n}{subsection.5.1}% 32
\BOOKMARK [3][-]{subsubsection.5.1.3}{\376\377\000T\000r\000a\000t\000a\000m\000i\000e\000n\000t\000o\000\040\000c\000a\000n\000\363\000n\000i\000c\000o}{subsection.5.1}% 33
\BOOKMARK [3][-]{subsubsection.5.1.4}{\376\377\000T\000e\000o\000r\000e\000m\000a\000\040\000d\000e\000\040\000e\000q\000u\000i\000p\000a\000r\000t\000i\000c\000i\000\363\000n\000\040\000d\000e\000\040\000l\000a\000\040\000e\000n\000e\000r\000g\000\355\000a}{subsection.5.1}% 34
\BOOKMARK [2][-]{subsection.5.2}{\376\377\000G\000a\000s\000\040\000i\000d\000e\000a\000l\000\040\000d\000i\000a\000t\000\363\000m\000i\000c\000o}{section.5}% 35
