\BOOKMARK [1][-]{section.1}{\376\377\000P\000e\000q\000u\000e\000\361\000a\000s\000\040\000n\000o\000c\000i\000o\000n\000e\000s\000\040\000m\000a\000t\000e\000m\000\341\000t\000i\000c\000a\000s}{}% 1
\BOOKMARK [2][-]{subsection.1.1}{\376\377\000E\000s\000p\000a\000c\000i\000o\000\040\000d\000e\000\040\000H\000i\000l\000b\000e\000r\000t}{section.1}% 2
\BOOKMARK [2][-]{subsection.1.2}{\376\377\000M\000a\000t\000r\000i\000c\000e\000s\000\040\000H\000e\000r\000m\000i\000t\000i\000c\000a\000s}{section.1}% 3
\BOOKMARK [1][-]{section.2}{\376\377\000P\000r\000i\000n\000c\000i\000p\000i\000o\000\040\000d\000e\000\040\000m\000\355\000n\000i\000m\000a\000\040\000a\000c\000c\000i\000\363\000n}{}% 4
\BOOKMARK [1][-]{section.3}{\376\377\000L\000a\000\040\000c\000o\000n\000s\000t\000a\000n\000t\000e\000\040\000d\000e\000\040\000P\000l\000a\000n\000c\000k}{}% 5
\BOOKMARK [2][-]{subsection.3.1}{\376\377\000M\000o\000v\000i\000m\000i\000e\000n\000t\000o\000\040\000p\000e\000r\000i\000\363\000d\000i\000c\000o}{section.3}% 6
\BOOKMARK [2][-]{subsection.3.2}{\376\377\000T\000a\000m\000a\000\361\000o\000\040\000d\000e\000\040\000l\000o\000s\000\040\000\341\000t\000o\000m\000o\000s\000\040\000y\000\040\000r\000a\000d\000i\000o\000\040\000d\000e\000\040\000B\000o\000h\000r}{section.3}% 7
\BOOKMARK [2][-]{subsection.3.3}{\376\377\000D\000e\000n\000s\000i\000d\000a\000d\000\040\000d\000e\000\040\000n\000i\000v\000e\000l\000e\000s\000\040\000d\000e\000\040\000e\000n\000e\000r\000g\000\355\000a}{section.3}% 8
\BOOKMARK [1][-]{section.4}{\376\377\000P\000r\000o\000p\000a\000g\000a\000c\000i\000\363\000n\000\040\000d\000e\000\040\000F\000e\000n\000y\000m\000a\000n}{}% 9
\BOOKMARK [1][-]{section.5}{\376\377\000V\000e\000l\000o\000c\000i\000d\000a\000d\000\040\000I\000n\000s\000t\000a\000t\000\341\000n\000e\000a}{}% 10
\BOOKMARK [1][-]{section.6}{\376\377\000E\000c\000u\000a\000c\000i\000\363\000n\000\040\000d\000e\000\040\000S\000c\000h\000r\000\366\000d\000i\000n\000g\000e\000r}{}% 11
\BOOKMARK [1][-]{section.7}{\376\377\000F\000u\000n\000c\000i\000\363\000n\000\040\000d\000e\000\040\000o\000n\000d\000a\000s}{}% 12
\BOOKMARK [1][-]{section.8}{\376\377\000O\000n\000d\000a\000\040\000d\000e\000\040\000D\000e\000\040\000B\000r\000o\000g\000l\000i\000e\000\040\000y\000\040\000t\000r\000a\000n\000s\000f\000o\000r\000m\000a\000c\000i\000\363\000n\000\040\000d\000e\000\040\000F\000o\000u\000r\000i\000e\000r}{}% 13
\BOOKMARK [1][-]{section.9}{\376\377\000V\000a\000l\000o\000r\000e\000s\000\040\000m\000e\000d\000i\000o\000s\000\040\000e\000\040\000i\000n\000d\000e\000t\000e\000r\000m\000i\000n\000a\000c\000i\000\363\000n}{}% 14
\BOOKMARK [1][-]{section.10}{\376\377\000P\000r\000i\000n\000c\000i\000p\000i\000o\000\040\000d\000e\000\040\000I\000n\000d\000e\000t\000e\000r\000m\000i\000n\000a\000c\000i\000\363\000n}{}% 15
\BOOKMARK [1][-]{section.11}{\376\377\000A\000u\000t\000o\000e\000s\000t\000a\000d\000o\000s\000\040\000y\000\040\000a\000u\000t\000o\000v\000a\000l\000o\000r\000e\000s}{}% 16
\BOOKMARK [1][-]{section.12}{\376\377\000E\000s\000t\000a\000d\000o\000s\000\040\000e\000s\000t\000a\000c\000i\000o\000n\000a\000r\000i\000o\000s}{}% 17
\BOOKMARK [1][-]{section.13}{\376\377\000F\000o\000r\000m\000u\000l\000a\000c\000i\000\363\000n\000\040\000d\000e\000\040\000B\000o\000h\000r}{}% 18
\BOOKMARK [1][-]{section.14}{\376\377\000E\000l\000\040\000m\000o\000m\000e\000n\000t\000o\000\040\000a\000n\000g\000u\000l\000a\000r}{}% 19
\BOOKMARK [1][-]{section.15}{\376\377\000A\000u\000t\000o\000e\000s\000t\000a\000d\000o\000s\000\040\000d\000e\000l\000\040\000m\000o\000m\000e\000n\000t\000o\000\040\000a\000n\000g\000u\000l\000a\000r}{}% 20
\BOOKMARK [1][-]{section.16}{\376\377\000E\000c\000u\000a\000c\000i\000\363\000n\000\040\000d\000e\000\040\000S\000c\000h\000r\000\366\000d\000i\000n\000g\000e\000r\000\040\000R\000a\000d\000i\000a\000l}{}% 21
\BOOKMARK [1][-]{section.17}{\376\377\000M\000a\000g\000n\000e\000t\000\363\000n\000\040\000d\000e\000\040\000B\000o\000h\000r}{}% 22
\BOOKMARK [1][-]{section.18}{\376\377\000E\000s\000t\000a\000d\000o\000s\000\040\000d\000e\000\040\000P\000o\000l\000a\000r\000i\000z\000a\000c\000i\000\363\000n\000\040\000L\000i\000n\000e\000a\000l}{}% 23
\BOOKMARK [1][-]{section.19}{\376\377\000E\000l\000\040\000\341\000t\000o\000m\000o\000\040\000d\000e\000\040\000h\000i\000d\000r\000\363\000g\000e\000n\000o}{}% 24
\BOOKMARK [1][-]{section.20}{\376\377\000E\000l\000\040\000e\000s\000p\000\355\000n\000\040\000d\000e\000l\000\040\000e\000l\000e\000c\000t\000r\000\363\000n}{}% 25
\BOOKMARK [1][-]{section.21}{\376\377\000E\000l\000\040\000p\000r\000i\000n\000c\000i\000p\000i\000o\000\040\000d\000e\000\040\000e\000x\000c\000l\000u\000s\000i\000\363\000n\000\040\000d\000e\000\040\000P\000a\000u\000l\000i}{}% 26
\BOOKMARK [1][-]{section.22}{\376\377\000P\000a\000r\000t\000\355\000c\000u\000l\000a\000\040\000e\000n\000c\000e\000r\000r\000a\000d\000a\000\040\000e\000n\000\040\000u\000n\000\040\000C\000u\000b\000o\000\040}{}% 27
\BOOKMARK [1][-]{section.23}{\376\377\000E\000l\000\040\000s\000a\000l\000t\000o\000\040\000d\000e\000\040\000p\000o\000t\000e\000n\000c\000i\000a\000l}{}% 28
\BOOKMARK [1][-]{section.24}{\376\377\000B\000a\000r\000r\000e\000r\000a\000\040\000d\000e\000l\000\040\000P\000o\000t\000e\000n\000c\000i\000a\000l}{}% 29
\BOOKMARK [1][-]{section.25}{\376\377\000E\000f\000e\000c\000t\000o\000\040\000T\000\372\000n\000e\000l}{}% 30
