\BOOKMARK [1][-]{section.1}{\376\377\000A\000n\000a\000l\000i\000s\000i\000s\000\040\000v\000e\000c\000t\000o\000r\000i\000a\000l}{}% 1
\BOOKMARK [1][-]{section.2}{\376\377\000M\000a\000g\000n\000e\000t\000o\000s\000t\000\341\000t\000i\000c\000a}{}% 2
\BOOKMARK [2][-]{subsection.2.1}{\376\377\000F\000u\000e\000r\000z\000a\000\040\000d\000e\000\040\000L\000o\000r\000e\000n\000t\000z}{section.2}% 3
\BOOKMARK [2][-]{subsection.2.2}{\376\377\000L\000e\000y\000\040\000d\000e\000\040\000A\000m\000p\000e\000r\000e}{section.2}% 4
\BOOKMARK [2][-]{subsection.2.3}{\376\377\000L\000e\000y\000\040\000d\000e\000\040\000B\000i\000o\000t\000-\000S\000a\000v\000a\000r\000t}{section.2}% 5
\BOOKMARK [1][-]{section.3}{\376\377\000M\000a\000g\000n\000e\000t\000o\000s\000t\000\341\000t\000i\000c\000a\000\040\000e\000n\000\040\000m\000e\000d\000i\000o\000s\000\040\000m\000a\000t\000e\000r\000i\000a\000l\000e\000s}{}% 6
\BOOKMARK [1][-]{section.4}{\376\377\000E\000l\000e\000c\000t\000r\000o\000d\000i\000n\000\341\000m\000i\000c\000a\000\040\000c\000l\000\341\000s\000i\000c\000a}{}% 7
\BOOKMARK [2][-]{subsection.4.1}{\376\377\000F\000u\000e\000r\000z\000a\000\040\000e\000l\000e\000c\000t\000r\000o\000m\000o\000t\000r\000i\000z}{section.4}% 8
\BOOKMARK [2][-]{subsection.4.2}{\376\377\000L\000e\000y\000\040\000d\000e\000\040\000F\000a\000r\000a\000d\000a\000y}{section.4}% 9
\BOOKMARK [3][-]{subsubsection.4.2.1}{\376\377\000\277\000E\000s\000\040\000s\000u\000f\000i\000c\000i\000e\000n\000t\000e\000\040\000l\000a\000\040\000l\000e\000y\000\040\000d\000e\000\040\000L\000o\000r\000e\000n\000t\000z\000?}{subsection.4.2}% 10
\BOOKMARK [3][-]{subsubsection.4.2.2}{\376\377\000U\000n\000i\000v\000e\000r\000s\000a\000l\000i\000d\000a\000d\000\040\000d\000e\000\040\000l\000a\000\040\000l\000e\000y\000\040\000d\000e\000\040\000F\000a\000r\000a\000d\000a\000y}{subsection.4.2}% 11
\BOOKMARK [2][-]{subsection.4.3}{\376\377\000L\000e\000y\000\040\000d\000e\000\040\000L\000e\000n\000z}{section.4}% 12
\BOOKMARK [2][-]{subsection.4.4}{\376\377\000C\000o\000e\000f\000i\000c\000i\000e\000n\000t\000e\000s\000\040\000d\000e\000\040\000i\000n\000d\000u\000c\000c\000i\000\363\000n\000\040\000m\000u\000t\000u\000a}{section.4}% 13
\BOOKMARK [2][-]{subsection.4.5}{\376\377\000A\000p\000l\000i\000c\000a\000c\000i\000o\000n\000e\000s}{section.4}% 14
\BOOKMARK [3][-]{subsubsection.4.5.1}{\376\377\000T\000r\000a\000s\000f\000o\000r\000m\000a\000d\000o\000r}{subsection.4.5}% 15
\BOOKMARK [1][-]{section.5}{\376\377\000E\000n\000e\000r\000g\000\355\000a\000\040\000y\000\040\000f\000u\000e\000r\000z\000a\000s}{}% 16
\BOOKMARK [2][-]{subsection.5.1}{\376\377\000E\000n\000e\000r\000g\000\355\000a\000\040\000e\000n\000\040\000c\000a\000m\000p\000o\000s\000\040\000m\000a\000g\000n\000\351\000t\000i\000c\000o\000s}{section.5}% 17
\BOOKMARK [3][-]{subsubsection.5.1.1}{\376\377\000E\000n\000e\000r\000g\000\355\000a\000\040\000d\000e\000\040\000u\000n\000\040\000s\000i\000s\000t\000e\000m\000a\000\040\000d\000e\000\040\000c\000o\000r\000r\000i\000e\000n\000t\000e\000s}{subsection.5.1}% 18
\BOOKMARK [2][-]{subsection.5.2}{\376\377\000F\000u\000e\000r\000z\000a\000s\000\040\000m\000a\000g\000n\000\351\000t\000i\000c\000a\000s\000\040\000s\000o\000b\000r\000e\000\040\000c\000i\000r\000c\000u\000i\000t\000o\000s}{section.5}% 19
\BOOKMARK [2][-]{subsection.5.3}{\376\377\000E\000n\000e\000r\000g\000\355\000a\000\040\000a\000l\000m\000a\000c\000e\000n\000a\000d\000a\000\040\000e\000n\000\040\000m\000e\000d\000i\000o\000s\000\040\000m\000a\000t\000e\000r\000i\000a\000l\000e\000s}{section.5}% 20
\BOOKMARK [3][-]{subsubsection.5.3.1}{\376\377\000E\000n\000e\000r\000g\000\355\000a\000\040\000d\000i\000s\000i\000p\000a\000d\000a\000\040\000e\000n\000\040\000u\000n\000\040\000c\000i\000c\000l\000o\000\040\000d\000e\000\040\000H\000i\000s\000t\000\351\000r\000e\000s\000i\000s}{subsection.5.3}% 21
\BOOKMARK [2][-]{subsection.5.4}{\376\377\000E\000n\000e\000r\000g\000\355\000a\000\040\000d\000e\000\040\000i\000n\000t\000e\000r\000a\000c\000c\000i\000\363\000n\000\040\000d\000e\000\040\000u\000n\000\040\000d\000i\000p\000o\000l\000o\000\040\000e\000n\000\040\000u\000n\000\040\000c\000a\000m\000p\000o\000\040\000m\000a\000g\000n\000\351\000t\000i\000c\000o}{section.5}% 22
\BOOKMARK [2][-]{subsection.5.5}{\376\377\000E\000n\000e\000r\000g\000\355\000a\000\040\000a\000l\000m\000a\000c\000e\000n\000a\000d\000a\000\040\000e\000n\000\040\000u\000n\000\040\000m\000a\000t\000e\000r\000i\000a\000l\000\040\000i\000m\000a\000n\000a\000d\000o}{section.5}% 23
\BOOKMARK [1][-]{section.6}{\376\377\000E\000c\000u\000a\000c\000i\000o\000n\000e\000s\000\040\000d\000e\000\040\000M\000a\000x\000w\000e\000l\000l\000:\000\040\000v\000e\000c\000t\000o\000r\000\040\000d\000e\000\040\000P\000o\000y\000n\000t\000i\000n\000g}{}% 24
\BOOKMARK [2][-]{subsection.6.1}{\376\377\000C\000o\000n\000d\000i\000c\000i\000o\000n\000e\000s\000\040\000d\000e\000\040\000f\000r\000o\000n\000t\000e\000r\000a}{section.6}% 25
\BOOKMARK [2][-]{subsection.6.2}{\376\377\000E\000c\000u\000a\000c\000i\000o\000n\000e\000s\000\040\000d\000e\000\040\000p\000r\000o\000p\000a\000g\000a\000c\000i\000\363\000n\000\040\000d\000e\000\040\000l\000o\000s\000\040\000c\000a\000m\000p\000o\000s}{section.6}% 26
\BOOKMARK [3][-]{subsubsection.6.2.1}{\376\377\000V\000a\000r\000i\000a\000c\000i\000\363\000n\000\040\000t\000e\000m\000p\000o\000r\000a\000l\000\040\000a\000r\000m\000\363\000n\000i\000c\000a}{subsection.6.2}% 27
\BOOKMARK [3][-]{subsubsection.6.2.2}{\376\377\000P\000o\000t\000e\000n\000c\000i\000a\000l\000e\000s\000\040\000r\000e\000t\000a\000r\000d\000a\000d\000o\000s\000:}{subsection.6.2}% 28
\BOOKMARK [3][-]{subsubsection.6.2.3}{\376\377\000P\000o\000l\000a\000r\000i\000z\000a\000c\000i\000\363\000n\000\040\000d\000e\000\040\000o\000n\000d\000a\000s\000\040\000p\000l\000a\000n\000a\000s}{subsection.6.2}% 29
\BOOKMARK [2][-]{subsection.6.3}{\376\377\000E\000n\000e\000r\000g\000\355\000a\000\040\000y\000\040\000m\000o\000m\000e\000n\000t\000o\000\040\000e\000n\000\040\000o\000n\000d\000a\000s\000\040\000e\000l\000e\000c\000t\000r\000o\000m\000a\000g\000n\000\351\000t\000i\000c\000a\000s}{section.6}% 30
\BOOKMARK [3][-]{subsubsection.6.3.1}{\376\377\000P\000r\000o\000m\000e\000d\000i\000o\000s\000\040\000t\000e\000m\000p\000o\000r\000a\000l\000e\000s}{subsection.6.3}% 31
\BOOKMARK [2][-]{subsection.6.4}{\376\377\000T\000e\000o\000r\000e\000m\000a\000\040\000d\000e\000\040\000P\000o\000y\000t\000i\000n\000g}{section.6}% 32
\BOOKMARK [2][-]{subsection.6.5}{\376\377\000P\000r\000o\000p\000a\000g\000a\000c\000i\000\363\000n\000\040\000e\000n\000\040\000m\000e\000d\000i\000o\000s\000\040\000m\000a\000t\000e\000r\000i\000a\000l\000e\000s}{section.6}% 33
\BOOKMARK [3][-]{subsubsection.6.5.1}{\376\377\000P\000e\000q\000u\000e\000\361\000a\000s\000\040\000p\000\351\000r\000d\000i\000d\000a\000s}{subsection.6.5}% 34
\BOOKMARK [3][-]{subsubsection.6.5.2}{\376\377\000B\000u\000e\000n\000o\000s\000\040\000c\000o\000n\000d\000u\000c\000t\000o\000r\000e\000s}{subsection.6.5}% 35
\BOOKMARK [1][-]{section.7}{\376\377\000C\000i\000r\000c\000u\000i\000t\000o\000s}{}% 36
\BOOKMARK [2][-]{subsection.7.1}{\376\377\000E\000l\000e\000m\000e\000n\000t\000o\000s\000\040\000d\000e\000l\000\040\000c\000i\000r\000c\000u\000i\000t\000o}{section.7}% 37
\BOOKMARK [3][-]{subsubsection.7.1.1}{\376\377\000R\000e\000s\000i\000s\000t\000e\000n\000c\000i\000a}{subsection.7.1}% 38
\BOOKMARK [3][-]{subsubsection.7.1.2}{\376\377\000A\000u\000t\000o\000i\000n\000d\000u\000c\000c\000i\000\363\000n}{subsection.7.1}% 39
\BOOKMARK [3][-]{subsubsection.7.1.3}{\376\377\000C\000a\000p\000a\000c\000i\000d\000a\000d}{subsection.7.1}% 40
\BOOKMARK [2][-]{subsection.7.2}{\376\377\000L\000e\000y\000e\000s\000\040\000d\000e\000\040\000K\000i\000r\000c\000h\000o\000f\000f}{section.7}% 41
\BOOKMARK [3][-]{subsubsection.7.2.1}{\376\377\000M\000a\000l\000l\000a\000s}{subsection.7.2}% 42
\BOOKMARK [3][-]{subsubsection.7.2.2}{\376\377\000N\000u\000d\000o\000s}{subsection.7.2}% 43
\BOOKMARK [2][-]{subsection.7.3}{\376\377\000I\000m\000p\000e\000d\000a\000n\000c\000i\000a}{section.7}% 44
\BOOKMARK [2][-]{subsection.7.4}{\376\377\000V\000a\000l\000o\000r\000\040\000m\000e\000d\000i\000o\000\040\000y\000\040\000e\000f\000i\000c\000a\000z}{section.7}% 45
\BOOKMARK [3][-]{subsubsection.7.4.1}{\376\377\000V\000a\000l\000o\000r\000\040\000e\000f\000i\000c\000a\000z}{subsection.7.4}% 46
\BOOKMARK [2][-]{subsection.7.5}{\376\377\000T\000e\000o\000r\000e\000m\000a\000\040\000d\000e\000\040\000T\000h\000e\000v\000e\000n\000i\000n\000\040\000y\000\040\000N\000o\000r\000t\000o\000n}{section.7}% 47
\BOOKMARK [3][-]{subsubsection.7.5.1}{\376\377\000T\000e\000o\000r\000e\000m\000a\000\040\000d\000e\000\040\000T\000h\000e\000v\000e\000n\000i\000n}{subsection.7.5}% 48
\BOOKMARK [3][-]{subsubsection.7.5.2}{\376\377\000T\000e\000o\000r\000e\000m\000a\000\040\000d\000e\000\040\000N\000o\000r\000t\000o\000n}{subsection.7.5}% 49
\BOOKMARK [2][-]{subsection.7.6}{\376\377\000P\000o\000t\000e\000n\000c\000i\000a\000\040\000y\000\040\000f\000a\000c\000t\000o\000r\000\040\000p\000o\000t\000e\000n\000c\000i\000a}{section.7}% 50
\BOOKMARK [3][-]{subsubsection.7.6.1}{\376\377\000P\000o\000t\000e\000n\000c\000i\000a\000\040\000a\000c\000t\000i\000v\000a}{subsection.7.6}% 51
\BOOKMARK [3][-]{subsubsection.7.6.2}{\376\377\000P\000o\000t\000e\000n\000c\000i\000a\000\040\000a\000p\000a\000r\000e\000n\000t\000e\000\040\000y\000\040\000r\000e\000a\000c\000t\000i\000v\000a}{subsection.7.6}% 52
\BOOKMARK [3][-]{subsubsection.7.6.3}{\376\377\000P\000o\000t\000e\000n\000c\000i\000a\000\040\000c\000o\000m\000p\000l\000e\000j\000a}{subsection.7.6}% 53
\BOOKMARK [2][-]{subsection.7.7}{\376\377\000R\000e\000s\000o\000n\000a\000n\000c\000i\000a\000\040\000e\000n\000\040\000s\000e\000r\000i\000e\000\040\000y\000\040\000p\000a\000r\000a\000l\000e\000l\000o}{section.7}% 54
\BOOKMARK [2][-]{subsection.7.8}{\376\377\000T\000e\000o\000r\000e\000m\000a\000\040\000d\000e\000\040\000S\000u\000p\000e\000r\000p\000o\000s\000i\000c\000i\000\363\000n}{section.7}% 55
\BOOKMARK [3][-]{subsubsection.7.8.1}{\376\377\000T\000e\000o\000r\000e\000m\000a\000\040\000d\000e\000\040\000t\000r\000a\000n\000s\000f\000e\000r\000e\000n\000c\000i\000a\000\040\000m\000\341\000x\000i\000m\000a}{subsection.7.8}% 56
\BOOKMARK [1][-]{section.8}{\376\377\000L\000i\000n\000e\000a\000s\000\040\000d\000e\000\040\000t\000r\000a\000s\000m\000i\000s\000i\000\363\000n}{}% 57
\BOOKMARK [2][-]{subsection.8.1}{\376\377\000M\000o\000d\000e\000l\000o\000\040\000c\000i\000r\000c\000u\000i\000t\000a\000l\000\040\000d\000e\000\040\000p\000a\000r\000\341\000m\000e\000t\000r\000o\000s\000\040\000d\000i\000s\000t\000r\000i\000b\000u\000i\000d\000o\000s}{section.8}% 58
\BOOKMARK [2][-]{subsection.8.2}{\376\377\000C\000a\000p\000a\000c\000i\000d\000a\000d\000\040\000e\000\040\000i\000n\000d\000u\000c\000t\000a\000n\000c\000i\000a\000\040\000c\000a\000b\000l\000e\000\040\000c\000o\000a\000x\000i\000a\000l}{section.8}% 59
\BOOKMARK [2][-]{subsection.8.3}{\376\377\000D\000i\000s\000t\000r\000i\000b\000u\000c\000i\000\363\000n\000\040\000d\000e\000\040\000c\000o\000r\000r\000i\000e\000n\000t\000e\000\040\000e\000n\000\040\000u\000n\000\040\000d\000i\000p\000o\000l\000o}{section.8}% 60
\BOOKMARK [2][-]{subsection.8.4}{\376\377\000C\000o\000e\000f\000i\000c\000i\000e\000n\000t\000e\000\040\000d\000e\000\040\000r\000e\000f\000l\000e\000x\000i\000\363\000n}{section.8}% 61
\BOOKMARK [2][-]{subsection.8.5}{\376\377\000R\000e\000l\000a\000c\000i\000\363\000n\000\040\000d\000e\000\040\000t\000e\000n\000s\000i\000\363\000n\000\040\000e\000n\000\040\000l\000a\000\040\000o\000n\000d\000a\000\040\000e\000s\000t\000a\000c\000i\000o\000n\000a\000r\000i\000a}{section.8}% 62
\BOOKMARK [2][-]{subsection.8.6}{\376\377\000E\000x\000p\000r\000e\000s\000i\000o\000n\000e\000s\000\040\000d\000e\000\040\000c\000a\000m\000p\000o\000\040\000l\000e\000j\000a\000n\000o\000\040\000p\000a\000r\000a\000\040\000a\000n\000t\000e\000n\000a\000s}{section.8}% 63
\BOOKMARK [2][-]{subsection.8.7}{\376\377\000P\000r\000o\000p\000i\000e\000d\000a\000d\000e\000s\000\040\000r\000a\000d\000i\000a\000n\000t\000e\000s\000\040\000d\000e\000\040\000u\000n\000\040\000d\000i\000p\000o\000l\000o}{section.8}% 64
