\BOOKMARK [1][-]{section.1}{\376\377\000A\000m\000p\000l\000i\000f\000i\000c\000a\000d\000o\000r\000e\000s\000\040\000O\000p\000e\000r\000a\000c\000i\000o\000n\000a\000l\000e\000s}{}% 1
\BOOKMARK [2][-]{subsection.1.1}{\376\377\000F\000u\000n\000d\000a\000m\000e\000n\000t\000o\000s\000\040\000d\000e\000\040\000l\000o\000s\000\040\000a\000m\000p\000l\000i\000f\000i\000c\000a\000d\000o\000r\000e\000s}{section.1}% 2
\BOOKMARK [3][-]{subsubsection.1.1.1}{\376\377\000R\000e\000s\000i\000s\000t\000e\000n\000c\000i\000a\000\040\000d\000e\000\040\000e\000n\000t\000r\000a\000d\000a\000\040\000y\000\040\000s\000a\000l\000i\000d\000a}{subsection.1.1}% 3
\BOOKMARK [3][-]{subsubsection.1.1.2}{\376\377\000C\000l\000a\000s\000i\000f\000i\000c\000a\000c\000i\000\363\000n\000\040\000d\000e\000\040\000l\000o\000s\000\040\000a\000m\000p\000l\000i\000f\000i\000c\000a\000d\000o\000r\000e\000s}{subsection.1.1}% 4
\BOOKMARK [3][-]{subsubsection.1.1.3}{\376\377\000S\000a\000t\000u\000r\000a\000c\000i\000\363\000n}{subsection.1.1}% 5
\BOOKMARK [2][-]{subsection.1.2}{\376\377\000A\000m\000p\000l\000i\000f\000i\000c\000a\000d\000o\000r\000\040\000o\000p\000e\000r\000a\000c\000i\000o\000n\000a\000l}{section.1}% 6
\BOOKMARK [3][-]{subsubsection.1.2.1}{\376\377\000A\000m\000p\000l\000i\000f\000i\000c\000a\000d\000o\000r\000\040\000o\000p\000e\000r\000a\000c\000i\000o\000n\000a\000l\000\040\000i\000d\000e\000a\000l}{subsection.1.2}% 7
\BOOKMARK [3][-]{subsubsection.1.2.2}{\376\377\000L\000a\000z\000o\000\040\000a\000b\000i\000e\000r\000t\000o\000\040\000y\000\040\000c\000e\000r\000r\000a\000d\000o}{subsection.1.2}% 8
\BOOKMARK [3][-]{subsubsection.1.2.3}{\376\377\000R\000e\000t\000r\000o\000a\000l\000i\000m\000e\000n\000t\000a\000c\000i\000\363\000n\000\040\000p\000o\000s\000i\000t\000i\000v\000a\000\040\000y\000\040\000n\000e\000g\000a\000t\000i\000v\000a}{subsection.1.2}% 9
\BOOKMARK [2][-]{subsection.1.3}{\376\377\000C\000o\000n\000f\000i\000g\000u\000r\000a\000c\000i\000o\000n\000e\000s\000\040\000b\000\341\000s\000i\000c\000a\000s\000\040\000d\000e\000l\000\040\000a\000m\000p\000l\000i\000f\000i\000c\000a\000d\000o\000r\000\040}{section.1}% 10
\BOOKMARK [3][-]{subsubsection.1.3.1}{\376\377\000A\000m\000p\000l\000i\000f\000i\000c\000a\000d\000o\000r\000\040\000n\000o\000\040\000i\000n\000v\000e\000r\000s\000o\000r}{subsection.1.3}% 11
\BOOKMARK [3][-]{subsubsection.1.3.2}{\376\377\000B\000u\000f\000f\000e\000r}{subsection.1.3}% 12
\BOOKMARK [3][-]{subsubsection.1.3.3}{\376\377\000A\000m\000p\000l\000i\000f\000i\000c\000a\000d\000o\000r\000\040\000i\000n\000v\000e\000r\000s\000o\000r}{subsection.1.3}% 13
\BOOKMARK [3][-]{subsubsection.1.3.4}{\376\377\000A\000m\000p\000l\000i\000f\000i\000c\000a\000d\000o\000r\000\040\000s\000u\000m\000a\000d\000o\000r}{subsection.1.3}% 14
\BOOKMARK [3][-]{subsubsection.1.3.5}{\376\377\000A\000m\000p\000l\000i\000f\000i\000c\000a\000d\000o\000r\000\040\000d\000e\000r\000i\000v\000a\000d\000o\000r}{subsection.1.3}% 15
\BOOKMARK [3][-]{subsubsection.1.3.6}{\376\377\000A\000m\000p\000l\000i\000f\000i\000c\000a\000d\000o\000r\000\040\000i\000n\000t\000e\000g\000r\000a\000d\000o\000r}{subsection.1.3}% 16
\BOOKMARK [1][-]{section.2}{\376\377\000F\000i\000l\000t\000r\000a\000d\000o}{}% 17
\BOOKMARK [2][-]{subsection.2.1}{\376\377\000R\000e\000s\000p\000u\000e\000s\000t\000a\000\040\000e\000n\000\040\000f\000r\000e\000c\000u\000e\000n\000c\000i\000a}{section.2}% 18
\BOOKMARK [2][-]{subsection.2.2}{\376\377\000F\000i\000l\000t\000r\000o\000s\000\040\000i\000d\000e\000a\000l\000e\000s}{section.2}% 19
\BOOKMARK [2][-]{subsection.2.3}{\376\377\000F\000i\000l\000t\000r\000o\000s\000\040\000r\000e\000a\000l\000e\000s}{section.2}% 20
\BOOKMARK [3][-]{subsubsection.2.3.1}{\376\377\000F\000i\000l\000t\000r\000o\000\040\000d\000e\000\040\000B\000u\000t\000t\000e\000r\000w\000o\000r\000t\000h}{subsection.2.3}% 21
\BOOKMARK [3][-]{subsubsection.2.3.2}{\376\377\000F\000i\000l\000t\000r\000o\000\040\000d\000e\000\040\000C\000h\000e\000b\000y\000s\000h\000e\000v}{subsection.2.3}% 22
\BOOKMARK [3][-]{subsubsection.2.3.3}{\376\377\000F\000i\000l\000t\000r\000o\000\040\000d\000e\000\040\000B\000e\000s\000s\000e\000l}{subsection.2.3}% 23
\BOOKMARK [2][-]{subsection.2.4}{\376\377\000F\000i\000l\000t\000r\000a\000d\000o\000\040\000c\000o\000n\000\040\000A\000m\000p\000l\000i\000f\000i\000c\000a\000d\000o\000r\000e\000s\000\040\000o\000p\000e\000r\000a\000c\000i\000o\000n\000a\000l\000e\000s}{section.2}% 24
\BOOKMARK [3][-]{subsubsection.2.4.1}{\376\377\000S\000o\000l\000u\000c\000i\000\363\000n\000\040\000S\000a\000l\000l\000e\000n\000-\000K\000e\000y}{subsection.2.4}% 25
\BOOKMARK [3][-]{subsubsection.2.4.2}{\376\377\000S\000o\000l\000u\000c\000i\000\363\000n\000\040\000M\000F\000B}{subsection.2.4}% 26
\BOOKMARK [2][-]{subsection.2.5}{\376\377\000C\000l\000a\000s\000i\000f\000i\000c\000a\000c\000i\000\363\000n\000\040\000d\000e\000\040\000f\000i\000l\000t\000r\000o\000s}{section.2}% 27
\BOOKMARK [3][-]{subsubsection.2.5.1}{\376\377\000F\000i\000l\000t\000r\000o\000s\000\040\000d\000e\000\040\000p\000r\000i\000m\000e\000r\000\040\000o\000r\000d\000e\000n}{subsection.2.5}% 28
\BOOKMARK [3][-]{subsubsection.2.5.2}{\376\377\000F\000i\000l\000t\000r\000o\000s\000\040\000d\000e\000\040\000s\000e\000g\000u\000n\000d\000o\000\040\000o\000r\000d\000e\000n}{subsection.2.5}% 29
\BOOKMARK [1][-]{section.3}{\376\377\000C\000o\000n\000v\000e\000r\000s\000i\000o\000n\000\040\000d\000e\000\040\000d\000a\000t\000o\000s\000\040}{}% 30
\BOOKMARK [2][-]{subsection.3.1}{\376\377\000C\000o\000n\000v\000e\000r\000t\000i\000d\000o\000r\000\040\000D\000-\000A}{section.3}% 31
\BOOKMARK [3][-]{subsubsection.3.1.1}{\376\377\000E\000r\000r\000o\000r\000e\000s}{subsection.3.1}% 32
\BOOKMARK [2][-]{subsection.3.2}{\376\377\000C\000o\000n\000v\000e\000r\000t\000i\000d\000o\000r\000\040\000A\000-\000D}{section.3}% 33
