\BOOKMARK [1][-]{section.1}{\376\377\000C\000o\000n\000c\000e\000p\000t\000o\000s\000\040\000y\000\040\000d\000e\000f\000i\000n\000i\000c\000i\000o\000n\000e\000s\000\040\000b\000\341\000s\000i\000c\000a\000s\000:}{}% 1
\BOOKMARK [2][-]{subsection.1.1}{\376\377\000S\000i\000s\000t\000e\000m\000a\000\040\000t\000e\000r\000m\000o\000d\000i\000n\000\341\000m\000i\000c\000o}{section.1}% 2
\BOOKMARK [2][-]{subsection.1.2}{\376\377\000M\000a\000g\000n\000i\000t\000u\000d\000e\000s\000\040\000t\000e\000r\000m\000o\000d\000i\000n\000\341\000m\000i\000c\000a\000s}{section.1}% 3
\BOOKMARK [2][-]{subsection.1.3}{\376\377\000I\000n\000t\000e\000r\000a\000c\000c\000i\000o\000n\000e\000s\000\040\000d\000e\000\040\000u\000n\000\040\000s\000i\000s\000t\000e\000m\000a\000\040\000c\000o\000n\000\040\000o\000t\000r\000o}{section.1}% 4
\BOOKMARK [3][-]{subsubsection.1.3.1}{\376\377\000C\000l\000a\000s\000i\000f\000i\000c\000a\000c\000i\000\363\000n\000\040\000d\000e\000\040\000l\000a\000s\000\040\000p\000a\000r\000e\000d\000e\000s\000/\000l\000i\000g\000a\000d\000u\000r\000a\000s\000\040\000e\000n\000\040\000f\000u\000n\000c\000i\000\363\000n\000\040\000d\000e\000l\000\040\000t\000i\000p\000o\000\040\000d\000e\000\040\000c\000o\000n\000t\000a\000c\000t\000o}{subsection.1.3}% 5
\BOOKMARK [3][-]{subsubsection.1.3.2}{\376\377\000C\000l\000a\000s\000i\000f\000i\000c\000a\000c\000i\000\363\000n\000\040\000d\000e\000\040\000l\000o\000s\000\040\000s\000i\000s\000t\000e\000m\000a\000s\000\040\000e\000n\000\040\000f\000u\000n\000c\000i\000\363\000n\000\040\000d\000e\000\040\000l\000a\000s\000\040\000l\000i\000g\000a\000d\000u\000r\000a\000s}{subsection.1.3}% 6
\BOOKMARK [2][-]{subsection.1.4}{\376\377\000E\000s\000t\000a\000d\000o\000s\000\040\000d\000e\000\040\000e\000q\000u\000i\000l\000i\000b\000r\000i\000o\000:}{section.1}% 7
\BOOKMARK [2][-]{subsection.1.5}{\376\377\000P\000r\000o\000c\000e\000s\000o\000s\000:}{section.1}% 8
\BOOKMARK [1][-]{section.2}{\376\377\000E\000q\000u\000i\000l\000i\000b\000r\000i\000o\000\040\000t\000e\000r\000m\000o\000d\000i\000n\000\341\000m\000i\000c\000o\000:}{}% 9
\BOOKMARK [2][-]{subsection.2.1}{\376\377\000I\000n\000t\000r\000o\000d\000u\000c\000c\000i\000\363\000n\000:\000\040\000t\000e\000m\000p\000e\000r\000a\000t\000u\000r\000a\000\040\000c\000o\000m\000o\000\040\000n\000o\000c\000i\000\363\000n\000\040\000e\000m\000p\000\355\000r\000i\000c\000a}{section.2}% 10
\BOOKMARK [2][-]{subsection.2.2}{\376\377\000E\000q\000u\000i\000l\000i\000b\000r\000i\000o\000\040\000t\000\351\000r\000m\000i\000c\000o}{section.2}% 11
\BOOKMARK [2][-]{subsection.2.3}{\376\377\000P\000r\000i\000n\000c\000i\000p\000i\000o\000\040\000c\000e\000r\000o\000\040\000d\000e\000\040\000l\000a\000\040\000T\000e\000r\000m\000o\000d\000i\000n\000\341\000m\000i\000c\000a\000\040\000y\000\040\000t\000e\000m\000p\000e\000r\000a\000t\000u\000r\000a\000\040\000e\000m\000p\000\355\000r\000i\000c\000a\000:}{section.2}% 12
\BOOKMARK [2][-]{subsection.2.4}{\376\377\000M\000e\000d\000i\000d\000a\000\040\000y\000\040\000e\000s\000c\000a\000l\000a\000s\000\040\000d\000e\000\040\000t\000e\000m\000p\000e\000r\000a\000t\000u\000r\000a\000:}{section.2}% 13
\BOOKMARK [2][-]{subsection.2.5}{\376\377\000T\000e\000r\000m\000o\000m\000e\000t\000r\000\355\000a\000:\000\040\000t\000e\000r\000m\000\363\000m\000e\000t\000r\000o\000\040\000d\000e\000\040\000g\000a\000s\000\040\000y\000\040\000t\000e\000m\000p\000e\000r\000a\000t\000u\000r\000a\000\040\000a\000b\000s\000o\000l\000u\000t\000a\000\040\000e\000n\000\040\000l\000a\000\040\000e\000s\000c\000a\000l\000a\000\040\000d\000e\000l\000\040\000g\000a\000s\000\040\000i\000d\000e\000a\000l}{section.2}% 14
\BOOKMARK [1][-]{section.3}{\376\377\000P\000r\000i\000m\000e\000r\000\040\000p\000r\000i\000n\000c\000i\000p\000i\000o\000\040\000d\000e\000\040\000l\000a\000\040\000t\000e\000r\000m\000o\000d\000i\000n\000\341\000m\000i\000c\000a\000:}{}% 15
\BOOKMARK [2][-]{subsection.3.1}{\376\377\000T\000r\000a\000b\000a\000j\000o\000\040\000t\000e\000r\000m\000o\000d\000i\000n\000\341\000m\000i\000c\000o}{section.3}% 16
\BOOKMARK [2][-]{subsection.3.2}{\376\377\000C\000o\000e\000f\000i\000c\000i\000e\000n\000t\000e\000s\000\040\000t\000\351\000r\000m\000i\000c\000o\000s}{section.3}% 17
\BOOKMARK [2][-]{subsection.3.3}{\376\377\000P\000r\000i\000m\000e\000r\000\040\000p\000r\000i\000n\000c\000i\000p\000i\000o\000\040\000d\000e\000\040\000l\000a\000\040\000t\000e\000r\000m\000o\000d\000i\000n\000\341\000m\000i\000c\000a}{section.3}% 18
\BOOKMARK [2][-]{subsection.3.4}{\376\377\000D\000e\000f\000i\000n\000i\000c\000i\000\363\000n\000\040\000d\000e\000\040\000c\000a\000l\000o\000r}{section.3}% 19
\BOOKMARK [2][-]{subsection.3.5}{\376\377\000C\000a\000l\000o\000r\000\040\000e\000s\000p\000e\000c\000\355\000f\000i\000c\000o}{section.3}% 20
\BOOKMARK [1][-]{section.4}{\376\377\000S\000e\000g\000u\000n\000d\000o\000\040\000p\000r\000i\000n\000c\000i\000p\000i\000o\000\040\000d\000e\000\040\000l\000a\000\040\000t\000e\000r\000m\000o\000d\000i\000n\000\341\000m\000i\000c\000a\000:}{}% 21
\BOOKMARK [2][-]{subsection.4.1}{\376\377\000L\000i\000m\000i\000t\000a\000c\000i\000o\000n\000e\000s\000\040\000d\000e\000l\000\040\000P\000r\000i\000m\000e\000r\000\040\000P\000r\000i\000n\000c\000i\000p\000i\000o\000:}{section.4}% 22
\BOOKMARK [2][-]{subsection.4.2}{\376\377\000M\000\341\000q\000u\000i\000n\000a\000s\000\040\000t\000\351\000r\000m\000i\000c\000a\000s\000\040\000y\000\040\000m\000\341\000q\000u\000i\000n\000a\000s\000\040\000f\000r\000i\000g\000o\000r\000\355\000f\000i\000c\000a\000s}{section.4}% 23
\BOOKMARK [2][-]{subsection.4.3}{\376\377\000E\000n\000u\000n\000c\000i\000a\000d\000o\000s\000\040\000c\000l\000\341\000s\000i\000c\000o\000s\000\040\000d\000e\000l\000\040\000S\000e\000g\000u\000n\000d\000o\000\040\000P\000r\000i\000n\000c\000i\000p\000i\000o}{section.4}% 24
\BOOKMARK [2][-]{subsection.4.4}{\376\377\000R\000e\000n\000d\000i\000m\000i\000e\000n\000t\000o\000\040\000y\000\040\000e\000f\000i\000c\000i\000e\000n\000c\000i\000a}{section.4}% 25
\BOOKMARK [2][-]{subsection.4.5}{\376\377\000C\000i\000c\000l\000o\000\040\000d\000e\000\040\000C\000a\000r\000n\000o\000t}{section.4}% 26
\BOOKMARK [2][-]{subsection.4.6}{\376\377\000T\000e\000o\000r\000e\000m\000a\000\040\000d\000e\000\040\000C\000a\000r\000n\000o\000t}{section.4}% 27
\BOOKMARK [2][-]{subsection.4.7}{\376\377\000E\000s\000c\000a\000l\000a\000\040\000t\000e\000r\000m\000o\000d\000i\000n\000\341\000m\000i\000c\000a\000\040\000d\000e\000\040\000t\000e\000m\000p\000e\000r\000a\000t\000u\000r\000a\000:}{section.4}% 28
\BOOKMARK [1][-]{section.5}{\376\377\000E\000n\000t\000r\000o\000p\000\355\000a}{}% 29
\BOOKMARK [2][-]{subsection.5.1}{\376\377\000T\000e\000o\000r\000e\000m\000a\000\040\000d\000e\000\040\000C\000l\000a\000u\000s\000i\000u\000s\000:\000\040\000d\000e\000f\000i\000n\000i\000c\000i\000\363\000n\000\040\000d\000e\000\040\000e\000n\000t\000r\000o\000p\000\355\000a}{section.5}% 30
\BOOKMARK [2][-]{subsection.5.2}{\376\377\000S\000e\000g\000u\000n\000d\000o\000\040\000p\000r\000i\000n\000c\000i\000p\000i\000o\000\040\000d\000e\000\040\000l\000a\000\040\000t\000e\000r\000m\000o\000d\000i\000n\000\341\000m\000i\000c\000o\000:\000\040\000p\000r\000i\000n\000c\000i\000p\000i\000o\000\040\000d\000e\000\040\000a\000u\000m\000e\000n\000t\000o\000\040\000d\000e\000\040\000e\000n\000t\000r\000o\000p\000\355\000a}{section.5}% 31
\BOOKMARK [2][-]{subsection.5.3}{\376\377\000T\000r\000a\000b\000a\000j\000o\000\040\000m\000\341\000x\000i\000m\000o\000\040\000y\000\040\000d\000e\000g\000r\000a\000d\000a\000c\000i\000\363\000n\000\040\000d\000e\000\040\000l\000a\000\040\000e\000n\000e\000r\000g\000\355\000a}{section.5}% 32
\BOOKMARK [2][-]{subsection.5.4}{\376\377\000A\000p\000l\000i\000c\000a\000c\000i\000o\000n\000e\000s\000\040\000t\000\351\000c\000n\000i\000c\000a\000s\000\040\000d\000e\000l\000\040\000p\000r\000i\000n\000c\000i\000p\000i\000o\000\040\000d\000e\000\040\000a\000u\000m\000e\000n\000t\000o\000\040\000d\000e\000\040\000e\000n\000t\000r\000o\000p\000\355\000a}{section.5}% 33
\BOOKMARK [3][-]{subsubsection.5.4.1}{\376\377\000T\000r\000a\000b\000a\000j\000o\000\040\000l\000i\000m\000i\000t\000e\000\040\000p\000a\000r\000a\000\040\000l\000a\000\040\000m\000\341\000q\000u\000i\000n\000a\000\040\000t\000\351\000r\000m\000i\000c\000a}{subsection.5.4}% 34
\BOOKMARK [3][-]{subsubsection.5.4.2}{\376\377\000T\000r\000a\000b\000a\000j\000o\000\040\000l\000\355\000m\000i\000t\000e\000\040\000p\000a\000r\000a\000\040\000u\000n\000\040\000f\000r\000i\000g\000o\000r\000\355\000f\000i\000c\000o}{subsection.5.4}% 35
\BOOKMARK [3][-]{subsubsection.5.4.3}{\376\377\000T\000r\000a\000b\000a\000j\000o\000\040\000l\000\355\000m\000i\000t\000e\000\040\000p\000a\000r\000a\000\040\000u\000n\000a\000\040\000n\000e\000v\000e\000r\000a}{subsection.5.4}% 36
\BOOKMARK [1][-]{section.6}{\376\377\000S\000i\000s\000t\000e\000m\000a\000s\000\040\000a\000b\000i\000e\000r\000t\000o\000s}{}% 37
\BOOKMARK [2][-]{subsection.6.1}{\376\377\000F\000o\000r\000m\000u\000l\000a\000c\000i\000\363\000n\000\040\000g\000e\000n\000e\000r\000a\000l\000\040\000d\000e\000\040\000l\000a\000s\000\040\000v\000a\000r\000i\000a\000b\000l\000e\000s\000\040\000t\000e\000r\000m\000o\000d\000i\000n\000\341\000m\000i\000c\000a\000s}{section.6}% 38
\BOOKMARK [2][-]{subsection.6.2}{\376\377\000G\000e\000n\000e\000r\000a\000l\000i\000z\000a\000c\000i\000\363\000n\000\040\000d\000e\000l\000\040\000s\000e\000g\000u\000n\000d\000o\000\040\000p\000r\000i\000n\000c\000i\000p\000i\000o\000\040\000p\000a\000r\000a\000\040\000s\000i\000s\000t\000e\000m\000a\000s\000\040\000a\000b\000i\000e\000r\000t\000o\000s}{section.6}% 39
\BOOKMARK [2][-]{subsection.6.3}{\376\377\000E\000c\000u\000a\000c\000i\000\363\000n\000\040\000f\000u\000n\000d\000a\000m\000e\000n\000t\000a\000l\000\040\000d\000e\000l\000\040\000s\000i\000s\000t\000e\000m\000a\000\040\000p\000l\000u\000r\000i\000c\000o\000m\000p\000o\000n\000e\000n\000t\000e}{section.6}% 40
\BOOKMARK [1][-]{section.7}{\376\377\000P\000o\000t\000e\000n\000c\000i\000a\000l\000e\000s\000\040\000t\000e\000r\000m\000o\000d\000i\000n\000\341\000m\000i\000c\000o\000s}{}% 41
\BOOKMARK [2][-]{subsection.7.1}{\376\377\000T\000r\000a\000s\000f\000o\000r\000m\000a\000d\000a\000\040\000d\000e\000\040\000l\000e\000g\000e\000n\000d\000r\000e}{section.7}% 42
\BOOKMARK [2][-]{subsection.7.2}{\376\377\000P\000o\000t\000e\000n\000c\000i\000a\000l\000e\000s\000\040\000t\000e\000r\000m\000o\000d\000i\000n\000\341\000m\000i\000c\000o\000s}{section.7}% 43
\BOOKMARK [3][-]{subsubsection.7.2.1}{\376\377\000E\000c\000u\000a\000c\000i\000\363\000n\000\040\000f\000u\000n\000d\000a\000m\000e\000n\000t\000a\000l\000\040\000e\000n\000\040\000r\000e\000p\000r\000e\000s\000e\000n\000t\000a\000c\000i\000\363\000n\000\040\000e\000n\000e\000r\000g\000\355\000a\000\040\000i\000n\000t\000e\000r\000n\000a}{subsection.7.2}% 44
\BOOKMARK [3][-]{subsubsection.7.2.2}{\376\377\000E\000n\000t\000a\000l\000p\000\355\000a}{subsection.7.2}% 45
\BOOKMARK [3][-]{subsubsection.7.2.3}{\376\377\000E\000n\000e\000r\000g\000\355\000a\000\040\000l\000i\000b\000r\000e\000\040\000d\000e\000\040\000H\000e\000l\000m\000h\000o\000l\000t\000z}{subsection.7.2}% 46
\BOOKMARK [3][-]{subsubsection.7.2.4}{\376\377\000E\000n\000e\000r\000g\000\355\000a\000\040\000l\000i\000b\000r\000e\000\040\000d\000e\000\040\000G\000i\000b\000b\000s}{subsection.7.2}% 47
\BOOKMARK [3][-]{subsubsection.7.2.5}{\376\377\000P\000o\000t\000e\000n\000c\000i\000a\000l\000\040\000G\000r\000a\000n\000\040\000C\000a\000n\000\363\000n\000i\000c\000o\000:}{subsection.7.2}% 48
\BOOKMARK [2][-]{subsection.7.3}{\376\377\000F\000u\000n\000c\000i\000o\000n\000e\000s\000\040\000d\000e\000\040\000M\000a\000s\000s\000i\000e\000u\000-\000P\000l\000a\000n\000k}{section.7}% 49
\BOOKMARK [2][-]{subsection.7.4}{\376\377\000E\000c\000u\000a\000c\000i\000o\000n\000e\000s\000\040\000t\000e\000r\000m\000o\000d\000i\000n\000\341\000m\000i\000c\000a\000s\000\040\000y\000\040\000T\000d\000S}{section.7}% 50
\BOOKMARK [3][-]{subsubsection.7.4.1}{\376\377\000E\000c\000u\000a\000c\000i\000\363\000n\000\040\000d\000e\000\040\000M\000a\000y\000e\000r\000:}{subsection.7.4}% 51
\BOOKMARK [3][-]{subsubsection.7.4.2}{\376\377\000F\000\363\000r\000m\000u\000l\000a\000\040\000d\000e\000\040\000R\000e\000e\000c\000h\000:}{subsection.7.4}% 52
\BOOKMARK [1][-]{section.8}{\376\377\000C\000o\000n\000d\000i\000c\000i\000o\000n\000e\000s\000\040\000d\000e\000\040\000e\000q\000u\000i\000l\000i\000b\000r\000i\000o}{}% 53
\BOOKMARK [2][-]{subsection.8.1}{\376\377\000P\000r\000i\000n\000c\000i\000p\000i\000o\000s\000\040\000e\000x\000t\000r\000e\000m\000a\000l\000e\000s}{section.8}% 54
\BOOKMARK [3][-]{subsubsection.8.1.1}{\376\377\000P\000r\000i\000n\000c\000i\000p\000i\000o\000s\000\040\000e\000x\000t\000r\000e\000m\000a\000l\000e\000s\000\040\000p\000a\000r\000a\000\040\000l\000a\000\040\000e\000n\000t\000r\000o\000p\000\355\000a}{subsection.8.1}% 55
\BOOKMARK [3][-]{subsubsection.8.1.2}{\376\377\000P\000r\000i\000n\000c\000i\000p\000i\000o\000s\000\040\000e\000x\000t\000r\000e\000m\000a\000l\000e\000s\000\040\000p\000a\000r\000a\000\040\000l\000a\000\040\000e\000n\000e\000r\000g\000\355\000a}{subsection.8.1}% 56
\BOOKMARK [2][-]{subsection.8.2}{\376\377\000C\000o\000n\000d\000i\000c\000i\000\363\000n\000\040\000d\000e\000\040\000G\000i\000b\000b\000s\000\040\000d\000e\000\040\000e\000q\000u\000i\000l\000i\000b\000r\000i\000o\000\040\000y\000\040\000e\000s\000t\000a\000b\000i\000l\000i\000d\000a\000d\000\040\000p\000a\000r\000a\000\040\000u\000n\000\040\000s\000i\000s\000t\000e\000m\000a\000\040\000t\000e\000r\000m\000o\000d\000i\000n\000\341\000m\000i\000c\000o}{section.8}% 57
\BOOKMARK [2][-]{subsection.8.3}{\376\377\000C\000o\000n\000d\000i\000c\000i\000o\000n\000e\000s\000\040\000d\000e\000\040\000e\000q\000u\000i\000l\000i\000b\000r\000i\000o\000\040\000p\000a\000r\000a\000\040\000u\000n\000\040\000s\000i\000s\000t\000e\000m\000a\000\040\000a\000b\000i\000e\000r\000t\000o}{section.8}% 58
\BOOKMARK [2][-]{subsection.8.4}{\376\377\000E\000q\000u\000i\000l\000i\000b\000r\000i\000o\000\040\000t\000\351\000r\000m\000i\000c\000o\000,\000\040\000m\000e\000c\000\341\000n\000i\000c\000o\000\040\000y\000\040\000q\000u\000\355\000m\000i\000c\000o\000:}{section.8}% 59
\BOOKMARK [3][-]{subsubsection.8.4.1}{\376\377\000C\000o\000n\000d\000i\000c\000i\000\363\000n\000\040\000d\000e\000\040\000e\000q\000u\000i\000l\000i\000b\000r\000i\000o\000\040\000t\000\351\000r\000m\000i\000c\000o}{subsection.8.4}% 60
\BOOKMARK [3][-]{subsubsection.8.4.2}{\376\377\000C\000o\000n\000d\000i\000c\000i\000\363\000n\000\040\000d\000e\000\040\000e\000q\000u\000i\000l\000i\000b\000r\000i\000o\000\040\000m\000e\000c\000\341\000n\000i\000c\000o}{subsection.8.4}% 61
\BOOKMARK [3][-]{subsubsection.8.4.3}{\376\377\000C\000o\000n\000d\000i\000c\000i\000\363\000n\000\040\000d\000e\000\040\000e\000q\000u\000i\000l\000i\000b\000r\000i\000o\000\040\000m\000\341\000s\000i\000c\000o}{subsection.8.4}% 62
\BOOKMARK [1][-]{section.9}{\376\377\000C\000o\000n\000d\000i\000c\000i\000o\000n\000e\000s\000\040\000d\000e\000\040\000e\000q\000u\000i\000l\000i\000b\000r\000i\000o\000\040\000y\000\040\000e\000s\000t\000a\000b\000i\000l\000i\000d\000a\000d\000\040\000d\000e\000\040\000u\000n\000\040\000f\000l\000u\000i\000d\000o\000\040\000m\000o\000n\000o\000c\000o\000m\000p\000o\000n\000e\000n\000t\000e}{}% 63
\BOOKMARK [1][-]{section.10}{\376\377\000T\000e\000r\000c\000e\000r\000\040\000p\000r\000i\000n\000c\000i\000p\000i\000o\000\040\000d\000e\000\040\000l\000a\000\040\000t\000e\000r\000m\000o\000d\000i\000n\000\341\000m\000i\000c\000a}{}% 64
\BOOKMARK [2][-]{subsection.10.1}{\376\377\000F\000e\000n\000\363\000m\000e\000n\000o\000s\000\040\000a\000\040\000b\000a\000j\000a\000s\000\040\000t\000e\000m\000p\000e\000r\000a\000t\000u\000r\000a\000s}{section.10}% 65
\BOOKMARK [2][-]{subsection.10.2}{\376\377\000P\000o\000s\000t\000u\000l\000a\000d\000o\000s\000\040\000d\000e\000\040\000N\000e\000r\000s\000t\000\040\000y\000\040\000P\000l\000a\000n\000k}{section.10}% 66
\BOOKMARK [3][-]{subsubsection.10.2.1}{\376\377\000P\000o\000s\000t\000u\000l\000a\000d\000o\000\040\000d\000e\000\040\000N\000e\000r\000s\000t}{subsection.10.2}% 67
\BOOKMARK [3][-]{subsubsection.10.2.2}{\376\377\000P\000o\000s\000t\000u\000l\000a\000d\000o\000\040\000d\000e\000\040\000P\000l\000a\000n\000k}{subsection.10.2}% 68
\BOOKMARK [2][-]{subsection.10.3}{\376\377\000I\000n\000a\000c\000c\000e\000s\000i\000b\000i\000l\000i\000d\000a\000d\000\040\000d\000e\000l\000\040\000c\000e\000r\000o\000\040\000a\000b\000s\000o\000l\000u\000t\000o}{section.10}% 69
\BOOKMARK [1][-]{section.11}{\376\377\000A\000n\000e\000x\000o}{}% 70
\BOOKMARK [2][-]{subsection.11.1}{\376\377\000T\000r\000a\000b\000a\000j\000o\000s\000\040\000t\000e\000r\000m\000o\000d\000i\000n\000\341\000m\000i\000c\000o\000s}{section.11}% 71
\BOOKMARK [2][-]{subsection.11.2}{\376\377\000E\000c\000u\000a\000c\000i\000o\000n\000e\000s\000\040\000d\000e\000\040\000g\000a\000s\000e\000s}{section.11}% 72
\BOOKMARK [2][-]{subsection.11.3}{\376\377\000P\000u\000n\000t\000o\000\040\000t\000r\000i\000p\000l\000e\000\040}{section.11}% 73
\BOOKMARK [2][-]{subsection.11.4}{\376\377\000H\000o\000m\000o\000g\000\351\000n\000e\000a\000\040\000d\000e\000\040\000g\000r\000a\000d\000o\000\040\000n\000\040}{section.11}% 74
